<?xml version="1.0" encoding="UTF-8" ?>
<testsuite errors="0" failures="0" hostname="cosimo-VirtualBox" name="it.polito.verifuse.framework.test.MainTest" skipped="0" tests="23" time="28.104" timestamp="2021-05-20T19:45:15">
  <properties>
    <property name="env.DESKTOP_SESSION" value="xubuntu"></property>
    <property name="file.encoding.pkg" value="sun.io"></property>
    <property name="java.home" value="/usr/lib/jvm/jdk1.8.0_261/jre"></property>
    <property name="env.GDM_LANG" value="it"></property>
    <property name="env.DISPLAY" value=":0.0"></property>
    <property name="env.LS_COLORS" value="rs=0:di=01;34:ln=01;36:mh=00:pi=40;33:so=01;35:do=01;35:bd=40;33;01:cd=40;33;01:or=40;31;01:mi=00:su=37;41:sg=30;43:ca=30;41:tw=30;42:ow=34;42:st=37;44:ex=01;32:*.tar=01;31:*.tgz=01;31:*.arc=01;31:*.arj=01;31:*.taz=01;31:*.lha=01;31:*.lz4=01;31:*.lzh=01;31:*.lzma=01;31:*.tlz=01;31:*.txz=01;31:*.tzo=01;31:*.t7z=01;31:*.zip=01;31:*.z=01;31:*.Z=01;31:*.dz=01;31:*.gz=01;31:*.lrz=01;31:*.lz=01;31:*.lzo=01;31:*.xz=01;31:*.zst=01;31:*.tzst=01;31:*.bz2=01;31:*.bz=01;31:*.tbz=01;31:*.tbz2=01;31:*.tz=01;31:*.deb=01;31:*.rpm=01;31:*.jar=01;31:*.war=01;31:*.ear=01;31:*.sar=01;31:*.rar=01;31:*.alz=01;31:*.ace=01;31:*.zoo=01;31:*.cpio=01;31:*.7z=01;31:*.rz=01;31:*.cab=01;31:*.wim=01;31:*.swm=01;31:*.dwm=01;31:*.esd=01;31:*.jpg=01;35:*.jpeg=01;35:*.mjpg=01;35:*.mjpeg=01;35:*.gif=01;35:*.bmp=01;35:*.pbm=01;35:*.pgm=01;35:*.ppm=01;35:*.tga=01;35:*.xbm=01;35:*.xpm=01;35:*.tif=01;35:*.tiff=01;35:*.png=01;35:*.svg=01;35:*.svgz=01;35:*.mng=01;35:*.pcx=01;35:*.mov=01;35:*.mpg=01;35:*.mpeg=01;35:*.m2v=01;35:*.mkv=01;35:*.webm=01;35:*.ogm=01;35:*.mp4=01;35:*.m4v=01;35:*.mp4v=01;35:*.vob=01;35:*.qt=01;35:*.nuv=01;35:*.wmv=01;35:*.asf=01;35:*.rm=01;35:*.rmvb=01;35:*.flc=01;35:*.avi=01;35:*.fli=01;35:*.flv=01;35:*.gl=01;35:*.dl=01;35:*.xcf=01;35:*.xwd=01;35:*.yuv=01;35:*.cgm=01;35:*.emf=01;35:*.ogv=01;35:*.ogx=01;35:*.aac=00;36:*.au=00;36:*.flac=00;36:*.m4a=00;36:*.mid=00;36:*.midi=00;36:*.mka=00;36:*.mp3=00;36:*.mpc=00;36:*.ogg=00;36:*.ra=00;36:*.wav=00;36:*.oga=00;36:*.opus=00;36:*.spx=00;36:*.xspf=00;36:"></property>
    <property name="debug" value="off"></property>
    <property name="env.XDG_VTNR" value="7"></property>
    <property name="pckg.jaxb" value="it.polito.verifuse.jaxb"></property>
    <property name="env.GLADE_CATALOG_PATH" value=":"></property>
    <property name="env.XDG_GREETER_DATA_DIR" value="/var/lib/lightdm-data/cosimo"></property>
    <property name="java.endorsed.dirs" value="/usr/lib/jvm/jdk1.8.0_261/jre/lib/endorsed"></property>
    <property name="env.LOGNAME" value="cosimo"></property>
    <property name="debuglevel" value="lines,vars,source"></property>
    <property name="src.dir" value="/home/cosimo/workspace/verifuse/src"></property>
    <property name="env.XDG_SEAT" value="seat0"></property>
    <property name="env.SESSION_MANAGER" value="local/cosimo-VirtualBox:@/tmp/.ICE-unix/1896,unix/cosimo-VirtualBox:/tmp/.ICE-unix/1896"></property>
    <property name="sun.os.patch.level" value="unknown"></property>
    <property name="java.vendor.url" value="http://java.oracle.com/"></property>
    <property name="env.XDG_SEAT_PATH" value="/org/freedesktop/DisplayManager/Seat0"></property>
    <property name="java.version" value="1.8.0_261"></property>
    <property name="eclipse.pdebuild.home" value="/opt/eclipse/plugins/org.eclipse.pde.build_3.9.200.v20160204-0642/.//"></property>
    <property name="env.OXYGEN_DISABLE_INNER_SHADOWS_HACK" value="1"></property>
    <property name="java.vendor.url.bug" value="http://bugreport.sun.com/bugreport/"></property>
    <property name="env.LANGUAGE" value="it"></property>
    <property name="xml.dir" value="/home/cosimo/workspace/verifuse/xmlInputFile"></property>
    <property name="env.GDK_SCALE" value="1"></property>
    <property name="env.XDG_MENU_PREFIX" value="xfce-"></property>
    <property name="ant.project.invoked-targets" value="testFramework"></property>
    <property name="env.XDG_DATA_DIRS" value="/usr/share/xubuntu:/usr/share/xfce4:/usr/local/share:/usr/share:/var/lib/snapd/desktop:/usr/share"></property>
    <property name="schema.fields" value="Fields.xsd"></property>
    <property name="user.name" value="cosimo"></property>
    <property name="env.LANG" value="it_IT.UTF-8"></property>
    <property name="outputChain.dir" value="/home/cosimo/workspace/verifuse/outputChain"></property>
    <property name="sun.io.unicode.encoding" value="UnicodeLittle"></property>
    <property name="sun.jnu.encoding" value="UTF-8"></property>
    <property name="env.DBUS_SESSION_BUS_ADDRESS" value="unix:path=/run/user/1000/bus"></property>
    <property name="java.runtime.name" value="Java(TM) SE Runtime Environment"></property>
    <property name="pckg.manifestvnfs" value="it.polito.verifuse.jaxb.manifestvnfs"></property>
    <property name="pckg.fieldsmanifest" value="it.polito.verifuse.jaxb.fieldsmanifest"></property>
    <property name="lib.dir" value="/home/cosimo/workspace/verifuse/lib"></property>
    <property name="java.specification.name" value="Java Platform API Specification"></property>
    <property name="env.GLADE_PIXMAP_PATH" value=":"></property>
    <property name="user.timezone" value=""></property>
    <property name="env.LESSOPEN" value="| /usr/bin/lesspipe %s"></property>
    <property name="neo4j.location" value="/opt/neo4j-community-3.5.23"></property>
    <property name="path.separator" value=":"></property>
    <property name="file.encoding" value="UTF-8"></property>
    <property name="ant.project.default-target" value="run"></property>
    <property name="env.HOME" value="/home/cosimo"></property>
    <property name="sun.java.command" value="org.apache.tools.ant.taskdefs.optional.junit.JUnitTestRunner it.polito.verifuse.framework.test.MainTest skipNonTests=false filtertrace=true haltOnError=false haltOnFailure=false formatter=org.apache.tools.ant.taskdefs.optional.junit.SummaryJUnitResultFormatter showoutput=false outputtoformatters=true logfailedtests=true threadid=0 logtestlistenerevents=false formatter=org.apache.tools.ant.taskdefs.optional.junit.PlainJUnitResultFormatter,/home/cosimo/workspace/verifuse/log/TEST-it.polito.verifuse.framework.test.MainTest.txt formatter=org.apache.tools.ant.taskdefs.optional.junit.XMLJUnitResultFormatter,/home/cosimo/workspace/verifuse/log/TEST-it.polito.verifuse.framework.test.MainTest.xml crashfile=/home/cosimo/workspace/verifuse/junitvmwatcher9037254162767091799.properties propsfile=/home/cosimo/workspace/verifuse/junit8833500601288740495.properties"></property>
    <property name="ant.file.verifuse" value="/home/cosimo/workspace/verifuse/build.xml"></property>
    <property name="ant.file" value="/home/cosimo/workspace/verifuse/build.xml"></property>
    <property name="env._" value="./eclipse"></property>
    <property name="java.io.tmpdir" value="/tmp"></property>
    <property name="user.language" value="it"></property>
    <property name="pckg.location.actions" value="it/polito/verifuse/jaxb/actions"></property>
    <property name="pckg.location.requirementslist" value="it/polito/verifuse/jaxb/requirementslist"></property>
    <property name="line.separator" value="
"></property>
    <property name="env.SSH_AGENT_PID" value="1878"></property>
    <property name="env.NEO4J_HOME" value="/opt/neo4j-community-3.5.23"></property>
    <property name="report.dir" value="/home/cosimo/workspace/verifuse/log"></property>
    <property name="env.GLADE_MODULE_PATH" value=":"></property>
    <property name="java.vm.info" value="mixed mode"></property>
    <property name="java.vm.specification.name" value="Java Virtual Machine Specification"></property>
    <property name="schema.chainfunctionality" value="ChainFunctionality.xsd"></property>
    <property name="env.COLORTERM" value="truecolor"></property>
    <property name="root.location" value="/home/cosimo/workspace/verifuse"></property>
    <property name="env.GUROBI_HOME" value="/opt/gurobi811/linux64"></property>
    <property name="pckg.node" value="it.polito.verifuse.jaxb.node"></property>
    <property name="schema.actionsmanifest" value="ActionsManifest.xsd"></property>
    <property name="pckg.location.actionsmanifest" value="it/polito/verifuse/jaxb/actionsmanifest"></property>
    <property name="ant.file.neo4j-build" value="/home/cosimo/workspace/verifuse/neo4j-build.xml"></property>
    <property name="env.GDMSESSION" value="xubuntu"></property>
    <property name="eclipse.pdebuild.templates" value="/opt/eclipse/plugins/org.eclipse.pde.build_3.9.200.v20160204-0642/templates//"></property>
    <property name="env.QT_ACCESSIBILITY" value="1"></property>
    <property name="env.XDG_SESSION_DESKTOP" value="xubuntu"></property>
    <property name="java.awt.printerjob" value="sun.print.PSPrinterJob"></property>
    <property name="pckg.fields" value="it.polito.verifuse.jaxb.fields"></property>
    <property name="env.VTE_VERSION" value="5202"></property>
    <property name="pckg.location.tools" value="it/polito/verifuse/jaxb/tools"></property>
    <property name="env.GDK_CORE_DEVICE_EVENTS" value="1"></property>
    <property name="ant.version" value="Apache Ant(TM) version 1.9.6 compiled on June 29 2015"></property>
    <property name="env.XDG_SESSION_TYPE" value="x11"></property>
    <property name="env.WINDOWID" value="67108867"></property>
    <property name="gen-src.dir" value="/home/cosimo/workspace/verifuse/gen-src"></property>
    <property name="env.XDG_SESSION_PATH" value="/org/freedesktop/DisplayManager/Session0"></property>
    <property name="pckg.location.fields" value="it/polito/verifuse/jaxb/fields"></property>
    <property name="os.name" value="Linux"></property>
    <property name="java.specification.vendor" value="Oracle Corporation"></property>
    <property name="schema.node" value="node.xsd"></property>
    <property name="ant.file.type.neo4j-build" value="file"></property>
    <property name="env.TERM" value="xterm-256color"></property>
    <property name="java.vm.name" value="Java HotSpot(TM) 64-Bit Server VM"></property>
    <property name="pckg.chainfunctionality" value="it.polito.verifuse.jaxb.chainfunctionality"></property>
    <property name="java.library.path" value=":/opt/gurobi811/linux64/lib:/usr/java/packages/lib/amd64:/usr/lib64:/lib64:/lib:/usr/lib"></property>
    <property name="env.PATH" value="/usr/local/sbin:/usr/local/bin:/usr/sbin:/usr/bin:/sbin:/bin:/usr/games:/usr/local/games:/snap/bin:/opt/gurobi811/linux64/bin:/usr/lib/jvm/jdk1.8.0_261/bin"></property>
    <property name="eclipse.pdebuild.scripts" value="/opt/eclipse/plugins/org.eclipse.pde.build_3.9.200.v20160204-0642/scripts//"></property>
    <property name="env.LESSCLOSE" value="/usr/bin/lesspipe %s %s"></property>
    <property name="ant.java.version" value="1.8"></property>
    <property name="basedir" value="/home/cosimo/workspace/verifuse"></property>
    <property name="java.class.version" value="52.0"></property>
    <property name="env.SHLVL" value="1"></property>
    <property name="schema.actions" value="Actions.xsd"></property>
    <property name="env.LD_LIBRARY_PATH" value=":/opt/gurobi811/linux64/lib"></property>
    <property name="pckg.actionsmanifest" value="it.polito.verifuse.jaxb.actionsmanifest"></property>
    <property name="ant.home" value="/opt/eclipse/plugins/org.apache.ant_1.9.6.v201510161327"></property>
    <property name="sun.boot.library.path" value="/usr/lib/jvm/jdk1.8.0_261/jre/lib/amd64"></property>
    <property name="build.dir" value="/home/cosimo/workspace/verifuse/build"></property>
    <property name="sun.management.compiler" value="HotSpot 64-Bit Tiered Compilers"></property>
    <property name="java.awt.graphicsenv" value="sun.awt.X11GraphicsEnvironment"></property>
    <property name="env.USER" value="cosimo"></property>
    <property name="env.GRB_LICENSE_FILE" value="/opt/gurobi811/linux64/gurobi.lic"></property>
    <property name="ant.project.name" value="verifuse"></property>
    <property name="schema.dir" value="/home/cosimo/workspace/verifuse/xsd"></property>
    <property name="java.vm.specification.version" value="1.8"></property>
    <property name="awt.toolkit" value="sun.awt.X11.XToolkit"></property>
    <property name="pckg.location.filesupport" value="it/polito/verifuse/jaxb/filesupport"></property>
    <property name="sun.cpu.isalist" value=""></property>
    <property name="java.ext.dirs" value="/usr/lib/jvm/jdk1.8.0_261/jre/lib/ext:/usr/java/packages/lib/ext"></property>
    <property name="pckg.location.manifestvnfs" value="it/polito/verifuse/jaxb/manifestvnfs"></property>
    <property name="os.version" value="5.4.0-73-generic"></property>
    <property name="env.QT_QPA_PLATFORMTHEME" value="gtk2"></property>
    <property name="user.home" value="/home/cosimo"></property>
    <property name="env.XDG_CURRENT_DESKTOP" value="XFCE"></property>
    <property name="pckg.actions" value="it.polito.verifuse.jaxb.actions"></property>
    <property name="java.vm.vendor" value="Oracle Corporation"></property>
    <property name="env.GTK_OVERLAY_SCROLLING" value="0"></property>
    <property name="env.JAVA_HOME" value="/usr/lib/jvm/jdk1.8.0_261"></property>
    <property name="env.XDG_SESSION_ID" value="c2"></property>
    <property name="env.XAUTHORITY" value="/home/cosimo/.Xauthority"></property>
    <property name="user.dir" value="/home/cosimo/workspace/verifuse"></property>
    <property name="schema.filesupport" value="fileSupport.xsd"></property>
    <property name="pckg.jaxb.location" value="it/polito/verifuse/jaxb"></property>
    <property name="env.PWD" value="/opt/eclipse"></property>
    <property name="env.LIBOVERLAY_SCROLLBAR" value="0"></property>
    <property name="test.dir" value="/home/cosimo/workspace/verifuse/test"></property>
    <property name="env.CLUTTER_BACKEND" value="x11"></property>
    <property name="sun.cpu.endian" value="little"></property>
    <property name="ant.file.type.verifuse" value="file"></property>
    <property name="schema.tools" value="tools.xsd"></property>
    <property name="java.vm.version" value="25.261-b12"></property>
    <property name="java.class.path" value="/home/cosimo/workspace/verifuse/src:/home/cosimo/workspace/verifuse/gen-src:/home/cosimo/workspace/verifuse/build:/home/cosimo/workspace/verifuse/build/test-classes:/home/cosimo/workspace/verifuse/xsd:/home/cosimo/workspace/verifuse/test:/home/cosimo/workspace/verifuse/lib/FastInfoset-1.2.13.jar:/home/cosimo/workspace/verifuse/lib/activation-1.1.jar:/home/cosimo/workspace/verifuse/lib/annotations-2.0.1.jar:/home/cosimo/workspace/verifuse/lib/ant-1.6.5.jar:/home/cosimo/workspace/verifuse/lib/aopalliance-repackaged-2.5.0-b32.jar:/home/cosimo/workspace/verifuse/lib/apiguardian-api-1.1.0.jar:/home/cosimo/workspace/verifuse/lib/cdi-api-1.1.jar:/home/cosimo/workspace/verifuse/lib/cdi-api-1.2.jar:/home/cosimo/workspace/verifuse/lib/codemodel-2.2.11.jar:/home/cosimo/workspace/verifuse/lib/codemodel-2.6.jar:/home/cosimo/workspace/verifuse/lib/commons-lang-2.6.jar:/home/cosimo/workspace/verifuse/lib/commons-lang3-3.2.1.jar:/home/cosimo/workspace/verifuse/lib/comresrcgen-1.0.jar:/home/cosimo/workspace/verifuse/lib/dtd-parser-1.1.jar:/home/cosimo/workspace/verifuse/lib/eclipselink.jar:/home/cosimo/workspace/verifuse/lib/el-api-2.2.jar:/home/cosimo/workspace/verifuse/lib/gson-2.2.4.jar:/home/cosimo/workspace/verifuse/lib/guava-15.0.jar:/home/cosimo/workspace/verifuse/lib/gurobi-jar-8.1.1.jar:/home/cosimo/workspace/verifuse/lib/hk2-api-2.5.0-b32.jar:/home/cosimo/workspace/verifuse/lib/hk2-locator-2.5.0-b32.jar:/home/cosimo/workspace/verifuse/lib/hk2-utils-2.5.0-b32.jar:/home/cosimo/workspace/verifuse/lib/istack-commons-runtime-2.21.jar:/home/cosimo/workspace/verifuse/lib/istack-commons-tools-2.21.jar:/home/cosimo/workspace/verifuse/lib/jackson-annotations-2.4.0.jar:/home/cosimo/workspace/verifuse/lib/jackson-core-2.4.2.jar:/home/cosimo/workspace/verifuse/lib/jackson-core-asl-1.9.11.jar:/home/cosimo/workspace/verifuse/lib/jackson-databind-2.4.2.jar:/home/cosimo/workspace/verifuse/lib/jackson-dataformat-xml-2.4.2.jar:/home/cosimo/workspace/verifuse/lib/jackson-dataformat-yaml-2.4.2.jar:/home/cosimo/workspace/verifuse/lib/jackson-datatype-joda-2.4.2.jar:/home/cosimo/workspace/verifuse/lib/jackson-jaxrs-base-2.4.2.jar:/home/cosimo/workspace/verifuse/lib/jackson-jaxrs-json-provider-2.4.2.jar:/home/cosimo/workspace/verifuse/lib/jackson-mapper-asl-1.9.11.jar:/home/cosimo/workspace/verifuse/lib/jackson-module-jaxb-annotations-2.4.2.jar:/home/cosimo/workspace/verifuse/lib/jakarta.annotation-api-1.3.4.jar:/home/cosimo/workspace/verifuse/lib/jakarta.inject-2.5.0.jar:/home/cosimo/workspace/verifuse/lib/jakarta.ws.rs-api-2.1.5.jar:/home/cosimo/workspace/verifuse/lib/javassist-3.20.0-GA.jar:/home/cosimo/workspace/verifuse/lib/javax.annotation-api-1.2.jar:/home/cosimo/workspace/verifuse/lib/javax.inject-1.jar:/home/cosimo/workspace/verifuse/lib/javax.inject-2.5.0-b32.jar:/home/cosimo/workspace/verifuse/lib/javax.json-1.1.jar:/home/cosimo/workspace/verifuse/lib/javax.json-api-1.1.4.jar:/home/cosimo/workspace/verifuse/lib/javax.json.bind-api-1.0.jar:/home/cosimo/workspace/verifuse/lib/javax.servlet-api-3.0.1.jar:/home/cosimo/workspace/verifuse/lib/javax.ws.rs-api-2.1.1.jar:/home/cosimo/workspace/verifuse/lib/jaxb-api-2.2.12-b140109.1041.jar:/home/cosimo/workspace/verifuse/lib/jaxb-core-2.2.11.jar:/home/cosimo/workspace/verifuse/lib/jaxb-runtime-2.2.11.jar:/home/cosimo/workspace/verifuse/lib/jaxb-xjc-2.2.11.jar:/home/cosimo/workspace/verifuse/lib/jboss-interceptors-api_1.1_spec-1.0.0.Beta1.jar:/home/cosimo/workspace/verifuse/lib/jersey-client-2.28.jar:/home/cosimo/workspace/verifuse/lib/jersey-common-2.28.jar:/home/cosimo/workspace/verifuse/lib/jersey-container-servlet-2.28.jar:/home/cosimo/workspace/verifuse/lib/jersey-container-servlet-core-2.28.jar:/home/cosimo/workspace/verifuse/lib/jersey-core-1.19.1.jar:/home/cosimo/workspace/verifuse/lib/jersey-entity-filtering-2.25.1.jar:/home/cosimo/workspace/verifuse/lib/jersey-guava-2.25.1.jar:/home/cosimo/workspace/verifuse/lib/jersey-hk2-2.28.jar:/home/cosimo/workspace/verifuse/lib/jersey-hk2.jar:/home/cosimo/workspace/verifuse/lib/jersey-media-jaxb-2.28.jar:/home/cosimo/workspace/verifuse/lib/jersey-media-json-binding-2.28.jar:/home/cosimo/workspace/verifuse/lib/jersey-media-moxy-2.25.1.jar:/home/cosimo/workspace/verifuse/lib/jersey-media-multipart-2.25.1.jar:/home/cosimo/workspace/verifuse/lib/jersey-media-sse-2.28.jar:/home/cosimo/workspace/verifuse/lib/jersey-server-2.28.jar:/home/cosimo/workspace/verifuse/lib/joda-time-2.2.jar:/home/cosimo/workspace/verifuse/lib/json-simple-1.1.jar:/home/cosimo/workspace/verifuse/lib/jsonschema2pojo-core-0.4.0.jar:/home/cosimo/workspace/verifuse/lib/jsr250-api-1.0.jar:/home/cosimo/workspace/verifuse/lib/localizer-1.0.jar:/home/cosimo/workspace/verifuse/lib/log4j-api-2.9.1.jar:/home/cosimo/workspace/verifuse/lib/log4j-core-2.9.1.jar:/home/cosimo/workspace/verifuse/lib/mimepull-1.9.6.jar:/home/cosimo/workspace/verifuse/lib/org.eclipse.persistence.asm-2.6.0.jar:/home/cosimo/workspace/verifuse/lib/org.eclipse.persistence.core-2.6.0.jar:/home/cosimo/workspace/verifuse/lib/org.eclipse.persistence.moxy-2.6.0.jar:/home/cosimo/workspace/verifuse/lib/org.osgi.core-4.2.0.jar:/home/cosimo/workspace/verifuse/lib/osgi-resource-locator-1.0.1.jar:/home/cosimo/workspace/verifuse/lib/reflections-0.9.9.jar:/home/cosimo/workspace/verifuse/lib/relaxngDatatype-20020414.jar:/home/cosimo/workspace/verifuse/lib/slf4j-simple-1.7.25.jar:/home/cosimo/workspace/verifuse/lib/stax-ex-1.8.1.jar:/home/cosimo/workspace/verifuse/lib/stax2-api-3.1.4.jar:/home/cosimo/workspace/verifuse/lib/swagger-annotations-1.5.0.jar:/home/cosimo/workspace/verifuse/lib/swagger-core-1.5.0.jar:/home/cosimo/workspace/verifuse/lib/swagger-jaxrs-1.5.0.jar:/home/cosimo/workspace/verifuse/lib/swagger-jersey2-jaxrs-1.5.0.jar:/home/cosimo/workspace/verifuse/lib/swagger-models-1.5.0.jar:/home/cosimo/workspace/verifuse/lib/txw2-2.2.11.jar:/home/cosimo/workspace/verifuse/lib/validation-api-2.0.1.Final.jar:/home/cosimo/workspace/verifuse/lib/wadl-ant-1.1.6.jar:/home/cosimo/workspace/verifuse/lib/wadl-core-1.1.6.jar:/home/cosimo/workspace/verifuse/lib/wadl-xslt-1.1.6.jar:/home/cosimo/workspace/verifuse/lib/xsom-20140925.jar:/home/cosimo/workspace/verifuse/lib/yasson-1.0.jar:/home/cosimo/workspace/verifuse/lib/junit/junit.jar:/home/cosimo/workspace/verifuse/lib/junit/org.hamcrest.core.source_1.3.0.v20180420-1519.jar:/home/cosimo/workspace/verifuse/lib/junit/org.hamcrest.core_1.3.0.v20180420-1519.jar:/home/cosimo/workspace/verifuse/lib/junit/org.hamcrest.integration_1.3.0.v201305210900.jar:/home/cosimo/workspace/verifuse/lib/junit/org.hamcrest.library_1.3.0.v20180524-2246.jar:/home/cosimo/workspace/verifuse/lib/junit/org.hamcrest.text_1.1.0.v20090501071000.jar:/home/cosimo/workspace/verifuse/lib/junit/org.hamcrest_1.1.0.v20090501071000.jar:/home/cosimo/workspace/verifuse/lib/junit/org.junit.jupiter.api.source_5.1.0.v20180327-1502.jar:/home/cosimo/workspace/verifuse/lib/junit/org.junit.jupiter.api_5.1.0.v20180327-1502.jar:/home/cosimo/workspace/verifuse/lib/junit/org.junit.jupiter.api_5.4.0.v20190212-2109.jar:/home/cosimo/workspace/verifuse/lib/junit/org.junit.jupiter.engine_5.1.0.v20180327-1502.jar:/home/cosimo/workspace/verifuse/lib/junit/org.junit.jupiter.engine_5.4.0.v20190212-2109.jar:/home/cosimo/workspace/verifuse/lib/junit/org.junit.jupiter.migrationsupport.source_5.1.0.v20180327-1502.jar:/home/cosimo/workspace/verifuse/lib/junit/org.junit.jupiter.migrationsupport_5.1.0.v20180327-1502.jar:/home/cosimo/workspace/verifuse/lib/junit/org.junit.jupiter.migrationsupport_5.4.0.v20190212-2109.jar:/home/cosimo/workspace/verifuse/lib/junit/org.junit.jupiter.params_5.1.0.v20180327-1502.jar:/home/cosimo/workspace/verifuse/lib/junit/org.junit.jupiter.params_5.4.0.v20190212-2109.jar:/home/cosimo/workspace/verifuse/lib/junit/org.junit.platform.commons.source_1.1.0.v20180327-1502.jar:/home/cosimo/workspace/verifuse/lib/junit/org.junit.platform.commons_1.1.0.v20180327-1502.jar:/home/cosimo/workspace/verifuse/lib/junit/org.junit.platform.commons_1.4.0.v20190212-2109.jar:/home/cosimo/workspace/verifuse/lib/junit/org.junit.platform.engine.source_1.1.0.v20180327-1502.jar:/home/cosimo/workspace/verifuse/lib/junit/org.junit.platform.engine_1.1.0.v20180327-1502.jar:/home/cosimo/workspace/verifuse/lib/junit/org.junit.platform.engine_1.4.0.v20190212-2109.jar:/home/cosimo/workspace/verifuse/lib/junit/org.junit.platform.launcher.source_1.1.0.v20180327-1502.jar:/home/cosimo/workspace/verifuse/lib/junit/org.junit.platform.launcher_1.1.0.v20180327-1502.jar:/home/cosimo/workspace/verifuse/lib/junit/org.junit.platform.launcher_1.4.0.v20190212-2109.jar:/home/cosimo/workspace/verifuse/lib/junit/org.junit.platform.runner.source_1.1.0.v20180327-1502.jar:/home/cosimo/workspace/verifuse/lib/junit/org.junit.platform.runner_1.1.0.v20180327-1502.jar:/home/cosimo/workspace/verifuse/lib/junit/org.junit.platform.runner_1.4.0.v20190212-2109.jar:/home/cosimo/workspace/verifuse/lib/junit/org.junit.platform.suite.api.source_1.1.0.v20180327-1502.jar:/home/cosimo/workspace/verifuse/lib/junit/org.junit.platform.suite.api_1.1.0.v20180327-1502.jar:/home/cosimo/workspace/verifuse/lib/junit/org.junit.platform.suite.api_1.4.0.v20190212-2109.jar:/home/cosimo/workspace/verifuse/lib/junit/org.junit.source_4.12.0.v201504281640.jar:/home/cosimo/workspace/verifuse/lib/junit/org.junit.vintage.engine.source_5.1.0.v20180327-1502.jar:/home/cosimo/workspace/verifuse/lib/junit/org.junit.vintage.engine_5.1.0.v20180327-1502.jar:/home/cosimo/workspace/verifuse/lib/junit/org.junit.vintage.engine_5.4.0.v20190212-2109.jar:/home/cosimo/workspace/verifuse/lib/junit/org.opentest4j.source_1.0.0.v20180327-1502.jar:/home/cosimo/workspace/verifuse/lib/junit/org.opentest4j_1.0.0.v20180327-1502.jar:/home/cosimo/workspace/verifuse/lib/junit/org.opentest4j_1.1.1.v20190212-2109.jar:/home/cosimo/workspace/verifuse/lib/junit/univocity-parsers-2.5.9.jar:/opt/eclipse/plugins/org.apache.ant_1.9.6.v201510161327/lib/ant-launcher.jar:/opt/eclipse/plugins/org.apache.ant_1.9.6.v201510161327/lib/ant.jar:/opt/eclipse/plugins/org.apache.ant_1.9.6.v201510161327/lib/ant-junit.jar:/opt/eclipse/plugins/org.apache.ant_1.9.6.v201510161327/lib/ant-junit4.jar"></property>
    <property name="ant.library.dir" value="/opt/eclipse/plugins/org.apache.ant_1.9.6.v201510161327/lib"></property>
    <property name="os.arch" value="amd64"></property>
    <property name="pckg.location.chainfunctionality" value="it/polito/verifuse/jaxb/chainfunctionality"></property>
    <property name="sun.java.launcher" value="SUN_STANDARD"></property>
    <property name="pckg.location.fieldsmanifest" value="it/polito/verifuse/jaxb/fieldsmanifest"></property>
    <property name="pckg.requirementslist" value="it.polito.verifuse.jaxb.requirementslist"></property>
    <property name="ant.core.lib" value="/opt/eclipse/plugins/org.apache.ant_1.9.6.v201510161327/lib/ant.jar"></property>
    <property name="java.vm.specification.vendor" value="Oracle Corporation"></property>
    <property name="file.separator" value="/"></property>
    <property name="schema.requirementslist" value="RequirementsList.xsd"></property>
    <property name="pckg.tools" value="it.polito.verifuse.jaxb.tools"></property>
    <property name="java.runtime.version" value="1.8.0_261-b12"></property>
    <property name="sun.boot.class.path" value="/usr/lib/jvm/jdk1.8.0_261/jre/lib/resources.jar:/usr/lib/jvm/jdk1.8.0_261/jre/lib/rt.jar:/usr/lib/jvm/jdk1.8.0_261/jre/lib/sunrsasign.jar:/usr/lib/jvm/jdk1.8.0_261/jre/lib/jsse.jar:/usr/lib/jvm/jdk1.8.0_261/jre/lib/jce.jar:/usr/lib/jvm/jdk1.8.0_261/jre/lib/charsets.jar:/usr/lib/jvm/jdk1.8.0_261/jre/lib/jfr.jar:/usr/lib/jvm/jdk1.8.0_261/jre/classes"></property>
    <property name="pckg.location.node" value="it/polito/verifuse/jaxb/node"></property>
    <property name="env.SSH_AUTH_SOCK" value="/run/user/1000/keyring/ssh"></property>
    <property name="env.XDG_RUNTIME_DIR" value="/run/user/1000"></property>
    <property name="env.XDG_CONFIG_DIRS" value="/etc/xdg/xdg-xubuntu:/etc/xdg:/etc/xdg"></property>
    <property name="pckg.filesupport" value="it.polito.verifuse.jaxb.filesupport"></property>
    <property name="schema.manifestvnfs" value="ManifestVNFs.xsd"></property>
    <property name="user.country" value="IT"></property>
    <property name="env.ANT_HOME" value="/opt/eclipse/plugins/org.apache.ant_1.9.6.v201510161327"></property>
    <property name="outputXjc.dir" value="/home/cosimo/workspace/verifuse/outXjc"></property>
    <property name="env.SHELL" value="/bin/bash"></property>
    <property name="java.vendor" value="Oracle Corporation"></property>
    <property name="env.GPG_AGENT_INFO" value="/run/user/1000/gnupg/S.gpg-agent:0:1"></property>
    <property name="schema.fieldsmanifest" value="FieldsManifest.xsd"></property>
    <property name="env.CATALINA_HOME" value="/opt/tomcat/apache-tomcat-8.5.59"></property>
    <property name="java.specification.version" value="1.8"></property>
    <property name="sun.arch.data.model" value="64"></property>
  </properties>
  <testcase classname="it.polito.verifuse.framework.test.MainTest" name="testMain1" time="2.494"></testcase>
  <testcase classname="it.polito.verifuse.framework.test.MainTest" name="testMain2" time="1.543"></testcase>
  <testcase classname="it.polito.verifuse.framework.test.MainTest" name="testMain3" time="1.081"></testcase>
  <testcase classname="it.polito.verifuse.framework.test.MainTest" name="testMain4" time="0.516"></testcase>
  <testcase classname="it.polito.verifuse.framework.test.MainTest" name="testMain5" time="0.629"></testcase>
  <testcase classname="it.polito.verifuse.framework.test.MainTest" name="testMain6" time="0.477"></testcase>
  <testcase classname="it.polito.verifuse.framework.test.MainTest" name="testMain7" time="0.445"></testcase>
  <testcase classname="it.polito.verifuse.framework.test.MainTest" name="testMain8" time="0.645"></testcase>
  <testcase classname="it.polito.verifuse.framework.test.MainTest" name="testMain9" time="0.457"></testcase>
  <testcase classname="it.polito.verifuse.framework.test.MainTest" name="testMain10" time="0.489"></testcase>
  <testcase classname="it.polito.verifuse.framework.test.MainTest" name="testMain11" time="0.437"></testcase>
  <testcase classname="it.polito.verifuse.framework.test.MainTest" name="testMain12" time="0.666"></testcase>
  <testcase classname="it.polito.verifuse.framework.test.MainTest" name="testMain13" time="1.092"></testcase>
  <testcase classname="it.polito.verifuse.framework.test.MainTest" name="testMain14" time="1.699"></testcase>
  <testcase classname="it.polito.verifuse.framework.test.MainTest" name="testMain15" time="1.431"></testcase>
  <testcase classname="it.polito.verifuse.framework.test.MainTest" name="testMain16" time="0.99"></testcase>
  <testcase classname="it.polito.verifuse.framework.test.MainTest" name="testMain17" time="0.709"></testcase>
  <testcase classname="it.polito.verifuse.framework.test.MainTest" name="testMain18" time="0.712"></testcase>
  <testcase classname="it.polito.verifuse.framework.test.MainTest" name="testMain19" time="0.779"></testcase>
  <testcase classname="it.polito.verifuse.framework.test.MainTest" name="testMain20" time="7.802"></testcase>
  <testcase classname="it.polito.verifuse.framework.test.MainTest" name="testMain22" time="0.914"></testcase>
  <testcase classname="it.polito.verifuse.framework.test.MainTest" name="testMain23" time="0.893"></testcase>
  <testcase classname="it.polito.verifuse.framework.test.MainTest" name="testMain24" time="0.892"></testcase>
  <system-out><![CDATA[************* TOOL ENABLED by tools.xml file *************
------------------------------------------------------------------------------------------------------------------------------------
Neo4jDB status=false
Marshall on file status=true
Output on file status=false
------------------------------------------------------------------------------------------------------------------------------------
> Unmarshall MANIFEST ended - Find =  1
------------------------------------------------------------------------------------------------------------------------------------
------------------------------------------------------------------------------------------------------------------------------------
Manifest NAME= VNF1
FIELD:
	URLS= null
	PORT_DST= null
	PORT_SRC= null
	PROTO= null
	TIME= null
	PRIORITY= null
	DOCUMENTS= null
	IP_SRC_VER_4= null
	IP_DST_VER_4= null
	SCRIPTS= null
	BANDWITH= null
	DAY= null
	BODY= null
	VLAN_TAG= null
ACTION:
	LOG_TRAFFIC
	DENY_TRAFFIC
	ALLOW_TRAFFIC
	COUNT
	ALERT
> Unmarshall REQUIREMENTS ended in :304ms Element: 1
------------------------------------------------------------------------------------------------------------------------------------
------------------------------------------------------------------------------------------------------------------------------------
	 REQUIREMENT = 1
------------------------------------------------------------------------------------------------------------------------------------
FIELD = URLS	VALUE = [http://example.com/provapage.html]
FIELD = PORT_DST	VALUE = [100-10500]
FIELD = PROTO	VALUE = [TCP]
FIELD = TIME	VALUE = [Sunday;00:10:33;12:15:22, Monday;01:10:33;12:15:22]
FIELD = DAY	VALUE = [Monday, Friday, Sunday]
FIELD = DOCUMENTS	VALUE = [DOCX, PDF]
FIELD = IP_SRC_VER_4	VALUE = [10.0.3.21/24]
------------------------------------------------------------------------------------------------------------------------------------
Order Position = 1	LOG_TRAFFIC
Order Position = 2	DENY_TRAFFIC
Order Position = 2	COUNT
------------------------------------------------------------------------------------------------------------------------------------
ID= 953525106	Fields= {URLS=[NOT_CONF_MAKE_DEC], PORT_DST=[100-10500], PROTO=[TCP], TIME=[Sunday;00:10:33;12:15:22, Monday;01:10:33;12:15:22], DAY=[Monday, Friday, Sunday], DOCUMENTS=[NOT_CONF_MAKE_DEC], IP_SRC_VER_4=[10.0.3.21/24]}	Action= [LOG_TRAFFIC, DENY_TRAFFIC, COUNT]	VNFS= [VNF1]
------------------------------------------------------------------------------------------------------------------------------------
Finding chaining = 95ms
Requirement_1:SOL_0	
	FUNCTION_ID=953525106	[LOG_TRAFFIC@953525106, DENY_TRAFFIC@953525106, COUNT@953525106]
SAT= PARTIAL
ALL REQUIREMENT HAS BEEN PROCESSED AND ARE TERMINATED IN = 424ms
************* TOOL ENABLED by tools.xml file *************
------------------------------------------------------------------------------------------------------------------------------------
Neo4jDB status=false
Marshall on file status=true
Output on file status=false
------------------------------------------------------------------------------------------------------------------------------------
> Unmarshall MANIFEST ended - Find =  2
------------------------------------------------------------------------------------------------------------------------------------
------------------------------------------------------------------------------------------------------------------------------------
Manifest NAME= VNF1
FIELD:
	URLS= null
	PORT_DST= null
	PORT_SRC= null
	PROTO= null
	TIME= null
	PRIORITY= null
	DOCUMENTS= null
	IP_SRC_VER_4= null
	IP_DST_VER_4= null
	SCRIPTS= null
	BANDWITH= null
	DAY= null
	BODY= null
	VLAN_TAG= null
ACTION:
	LOG_TRAFFIC
	DENY_TRAFFIC
	ALLOW_TRAFFIC
	COUNT
	ALERT
------------------------------------------------------------------------------------------------------------------------------------
Manifest NAME= VNF2
FIELD:
	URLS= null
	PORT_DST= null
	PORT_SRC= null
	PROTO= null
	TIME= null
	PRIORITY= null
	DOCUMENTS= null
	IP_SRC_VER_4= null
	IP_DST_VER_4= null
	SCRIPTS= null
	BANDWITH= null
	DAY= null
	BODY= null
	VLAN_TAG= null
ACTION:
	LOG_TRAFFIC
	DENY_TRAFFIC
	ALLOW_TRAFFIC
	COUNT
	ALERT
> Unmarshall REQUIREMENTS ended in :392ms Element: 1
------------------------------------------------------------------------------------------------------------------------------------
------------------------------------------------------------------------------------------------------------------------------------
	 REQUIREMENT = 1
------------------------------------------------------------------------------------------------------------------------------------
FIELD = URLS	VALUE = [http://example.com/provapage.html]
FIELD = PORT_DST	VALUE = [100-10500]
FIELD = PROTO	VALUE = [TCP]
FIELD = TIME	VALUE = [Sunday;00:10:33;12:15:22, Monday;01:10:33;12:15:22]
FIELD = DAY	VALUE = [Monday, Friday, Sunday]
FIELD = DOCUMENTS	VALUE = [DOCX, PDF]
FIELD = IP_SRC_VER_4	VALUE = [10.0.3.21/24]
------------------------------------------------------------------------------------------------------------------------------------
Order Position = 1	LOG_TRAFFIC
Order Position = 2	DENY_TRAFFIC
Order Position = 2	COUNT
------------------------------------------------------------------------------------------------------------------------------------
ID= 896962859	Fields= {URLS=[http://example.com/provapage.html], PORT_DST=[100-10500], PROTO=[TCP], TIME=[Sunday;00:10:33;12:15:22, Monday;01:10:33;12:15:22], DAY=[Monday, Friday, Sunday], DOCUMENTS=[DOCX, PDF], IP_SRC_VER_4=[10.0.3.21/24]}	Action= [LOG_TRAFFIC, DENY_TRAFFIC, COUNT]	VNFS= [VNF2]
ID= 1734699035	Fields= {URLS=[NOT_CONF_MAKE_DEC], PORT_DST=[100-10500], PROTO=[TCP], TIME=[Sunday;00:10:33;12:15:22, Monday;01:10:33;12:15:22], DAY=[Monday, Friday, Sunday], DOCUMENTS=[NOT_CONF_MAKE_DEC], IP_SRC_VER_4=[10.0.3.21/24]}	Action= [LOG_TRAFFIC, DENY_TRAFFIC, COUNT]	VNFS= [VNF1]
------------------------------------------------------------------------------------------------------------------------------------
Finding chaining = 3ms
Requirement_1:SOL_0	
	FUNCTION_ID=1734699035	[LOG_TRAFFIC@1734699035]
	FUNCTION_ID=896962859	[DENY_TRAFFIC@896962859, COUNT@896962859]
SAT= COMPLETE
Requirement_1:SOL_1	
	FUNCTION_ID=896962859	[LOG_TRAFFIC@896962859, DENY_TRAFFIC@896962859, COUNT@896962859]
SAT= COMPLETE
Requirement_1:SOL_2	
	FUNCTION_ID=1734699035	[LOG_TRAFFIC@1734699035, DENY_TRAFFIC@1734699035, COUNT@1734699035]
SAT= PARTIAL
Requirement_1:SOL_3	
	FUNCTION_ID=896962859	[LOG_TRAFFIC@896962859]
	FUNCTION_ID=1734699035	[DENY_TRAFFIC@1734699035, COUNT@1734699035]
SAT= COMPLETE
ALL REQUIREMENT HAS BEEN PROCESSED AND ARE TERMINATED IN = 128ms
************* TOOL ENABLED by tools.xml file *************
------------------------------------------------------------------------------------------------------------------------------------
Neo4jDB status=false
Marshall on file status=true
Output on file status=false
------------------------------------------------------------------------------------------------------------------------------------
> Unmarshall MANIFEST ended - Find =  3
------------------------------------------------------------------------------------------------------------------------------------
------------------------------------------------------------------------------------------------------------------------------------
Manifest NAME= VNF1
FIELD:
	URLS= null
	PORT_DST= null
	PORT_SRC= null
	PROTO= null
	TIME= null
	PRIORITY= null
	DOCUMENTS= null
	IP_SRC_VER_4= null
	IP_DST_VER_4= null
	SCRIPTS= null
	BANDWITH= null
	DAY= null
	BODY= null
	VLAN_TAG= null
ACTION:
	LOG_TRAFFIC
	DENY_TRAFFIC
	ALLOW_TRAFFIC
	COUNT
	ALERT
------------------------------------------------------------------------------------------------------------------------------------
Manifest NAME= VNF2
FIELD:
	URLS= null
	PORT_DST= null
	PORT_SRC= null
	PROTO= null
	TIME= null
	PRIORITY= null
	DOCUMENTS= null
	IP_SRC_VER_4= null
	IP_DST_VER_4= null
	SCRIPTS= null
	BANDWITH= null
	DAY= null
	BODY= null
	VLAN_TAG= null
ACTION:
	LOG_TRAFFIC
	DENY_TRAFFIC
	ALLOW_TRAFFIC
	COUNT
	ALERT
------------------------------------------------------------------------------------------------------------------------------------
Manifest NAME= VNF3
FIELD:
	URLS= null
	PORT_DST= null
	PORT_SRC= null
	PROTO= null
	TIME= null
	PRIORITY= null
	DOCUMENTS= [PDF]
	IP_SRC_VER_4= null
	IP_DST_VER_4= null
	SCRIPTS= null
	BANDWITH= null
	DAY= null
	BODY= null
	VLAN_TAG= null
ACTION:
	LOG_TRAFFIC
	DENY_TRAFFIC
	ALLOW_TRAFFIC
	COUNT
	ALERT
> Unmarshall REQUIREMENTS ended in :116ms Element: 1
------------------------------------------------------------------------------------------------------------------------------------
------------------------------------------------------------------------------------------------------------------------------------
	 REQUIREMENT = 1
------------------------------------------------------------------------------------------------------------------------------------
FIELD = URLS	VALUE = [http://example.com/provapage.html]
FIELD = PORT_DST	VALUE = [100-10500]
FIELD = PROTO	VALUE = [TCP]
FIELD = TIME	VALUE = [Sunday;00:10:33;12:15:22, Monday;01:10:33;12:15:22]
FIELD = DAY	VALUE = [Monday, Friday, Sunday]
FIELD = DOCUMENTS	VALUE = [DOCX, PDF]
FIELD = IP_SRC_VER_4	VALUE = [10.0.3.21/24]
------------------------------------------------------------------------------------------------------------------------------------
Order Position = 1	LOG_TRAFFIC
Order Position = 2	DENY_TRAFFIC
Order Position = 2	COUNT
------------------------------------------------------------------------------------------------------------------------------------
ID= 877544947	Fields= {URLS=[http://example.com/provapage.html], PORT_DST=[100-10500], PROTO=[TCP], TIME=[Sunday;00:10:33;12:15:22, Monday;01:10:33;12:15:22], DAY=[Monday, Friday, Sunday], DOCUMENTS=[DOCX, PDF], IP_SRC_VER_4=[10.0.3.21/24]}	Action= [LOG_TRAFFIC, DENY_TRAFFIC, COUNT]	VNFS= [VNF2]
ID= 1715036281	Fields= {URLS=[http://example.com/provapage.html], PORT_DST=[100-10500], PROTO=[TCP], TIME=[Sunday;00:10:33;12:15:22, Monday;01:10:33;12:15:22], DAY=[Monday, Friday, Sunday], DOCUMENTS=[PDF], IP_SRC_VER_4=[10.0.3.21/24]}	Action= [LOG_TRAFFIC, DENY_TRAFFIC, COUNT]	VNFS= [VNF3]
ID= 1988650900	Fields= {URLS=[NOT_CONF_MAKE_DEC], PORT_DST=[100-10500], PROTO=[TCP], TIME=[Sunday;00:10:33;12:15:22, Monday;01:10:33;12:15:22], DAY=[Monday, Friday, Sunday], DOCUMENTS=[NOT_CONF_MAKE_DEC], IP_SRC_VER_4=[10.0.3.21/24]}	Action= [LOG_TRAFFIC, DENY_TRAFFIC, COUNT]	VNFS= [VNF1]
------------------------------------------------------------------------------------------------------------------------------------
Finding chaining = 2ms
Requirement_1:SOL_0	
	FUNCTION_ID=1988650900	[LOG_TRAFFIC@1988650900, DENY_TRAFFIC@1988650900, COUNT@1988650900]
SAT= PARTIAL
Requirement_1:SOL_1	
	FUNCTION_ID=877544947	[LOG_TRAFFIC@877544947, DENY_TRAFFIC@877544947, COUNT@877544947]
SAT= COMPLETE
Requirement_1:SOL_2	
	FUNCTION_ID=1715036281	[LOG_TRAFFIC@1715036281]
	FUNCTION_ID=877544947	[DENY_TRAFFIC@877544947, COUNT@877544947]
SAT= COMPLETE
Requirement_1:SOL_3	
	FUNCTION_ID=1715036281	[LOG_TRAFFIC@1715036281, DENY_TRAFFIC@1715036281, COUNT@1715036281]
SAT= PARTIAL
Requirement_1:SOL_4	
	FUNCTION_ID=1988650900	[LOG_TRAFFIC@1988650900]
	FUNCTION_ID=877544947	[DENY_TRAFFIC@877544947, COUNT@877544947]
SAT= COMPLETE
Requirement_1:SOL_5	
	FUNCTION_ID=1715036281	[LOG_TRAFFIC@1715036281]
	FUNCTION_ID=1988650900	[DENY_TRAFFIC@1988650900, COUNT@1988650900]
SAT= PARTIAL
Requirement_1:SOL_6	
	FUNCTION_ID=877544947	[LOG_TRAFFIC@877544947]
	FUNCTION_ID=1715036281	[DENY_TRAFFIC@1715036281, COUNT@1715036281]
SAT= COMPLETE
Requirement_1:SOL_7	
	FUNCTION_ID=877544947	[LOG_TRAFFIC@877544947]
	FUNCTION_ID=1988650900	[DENY_TRAFFIC@1988650900, COUNT@1988650900]
SAT= COMPLETE
Requirement_1:SOL_8	
	FUNCTION_ID=1988650900	[LOG_TRAFFIC@1988650900]
	FUNCTION_ID=1715036281	[DENY_TRAFFIC@1715036281, COUNT@1715036281]
SAT= PARTIAL
ALL REQUIREMENT HAS BEEN PROCESSED AND ARE TERMINATED IN = 49ms
************* TOOL ENABLED by tools.xml file *************
------------------------------------------------------------------------------------------------------------------------------------
Neo4jDB status=false
Marshall on file status=true
Output on file status=false
------------------------------------------------------------------------------------------------------------------------------------
> Unmarshall MANIFEST ended - Find =  4
------------------------------------------------------------------------------------------------------------------------------------
------------------------------------------------------------------------------------------------------------------------------------
Manifest NAME= VNF1
FIELD:
	URLS= null
	PORT_DST= null
	PORT_SRC= null
	PROTO= null
	TIME= null
	PRIORITY= null
	DOCUMENTS= null
	IP_SRC_VER_4= null
	IP_DST_VER_4= null
	SCRIPTS= null
	BANDWITH= null
	DAY= null
	BODY= null
	VLAN_TAG= null
ACTION:
	LOG_TRAFFIC
	DENY_TRAFFIC
	ALLOW_TRAFFIC
	COUNT
	ALERT
------------------------------------------------------------------------------------------------------------------------------------
Manifest NAME= VNF2
FIELD:
	URLS= null
	PORT_DST= null
	PORT_SRC= null
	PROTO= null
	TIME= null
	PRIORITY= null
	DOCUMENTS= null
	IP_SRC_VER_4= null
	IP_DST_VER_4= null
	SCRIPTS= null
	BANDWITH= null
	DAY= null
	BODY= null
	VLAN_TAG= null
ACTION:
	LOG_TRAFFIC
	DENY_TRAFFIC
	ALLOW_TRAFFIC
	COUNT
	ALERT
------------------------------------------------------------------------------------------------------------------------------------
Manifest NAME= VNF3
FIELD:
	URLS= null
	PORT_DST= null
	PORT_SRC= null
	PROTO= null
	TIME= null
	PRIORITY= null
	DOCUMENTS= [PDF]
	IP_SRC_VER_4= null
	IP_DST_VER_4= null
	SCRIPTS= null
	BANDWITH= null
	DAY= null
	BODY= null
	VLAN_TAG= null
ACTION:
	LOG_TRAFFIC
	DENY_TRAFFIC
	ALLOW_TRAFFIC
	COUNT
	ALERT
------------------------------------------------------------------------------------------------------------------------------------
Manifest NAME= VNF4
FIELD:
	PORT_SRC= null
	PROTO= [UDP]
	IP_SRC_VER_4= null
ACTION:
	PROTECT_INTEGRITY
	AUTHN_TRAFFIC:DSA
	AUTHN_TRAFFIC:ECDSA
	PROTECT_CONFIDENTIALITY
	NAT_TRAFFIC
	ENCRYPT_TRAFFIC
	AUTHN_TRAFFIC
> Unmarshall REQUIREMENTS ended in :126ms Element: 1
------------------------------------------------------------------------------------------------------------------------------------
------------------------------------------------------------------------------------------------------------------------------------
	 REQUIREMENT = 1
------------------------------------------------------------------------------------------------------------------------------------
FIELD = URLS	VALUE = [http://example.com/provapage.html]
FIELD = PORT_DST	VALUE = [100-10500]
FIELD = PROTO	VALUE = [TCP]
FIELD = TIME	VALUE = [Sunday;00:10:33;12:15:22, Monday;01:10:33;12:15:22]
FIELD = DAY	VALUE = [Monday, Friday, Sunday]
FIELD = DOCUMENTS	VALUE = [DOCX, PDF]
FIELD = IP_SRC_VER_4	VALUE = [10.0.3.21/24]
------------------------------------------------------------------------------------------------------------------------------------
Order Position = 1	LOG_TRAFFIC
Order Position = 2	DENY_TRAFFIC
Order Position = 2	COUNT
------------------------------------------------------------------------------------------------------------------------------------
ID= 280339965	Fields= {URLS=[http://example.com/provapage.html], PORT_DST=[100-10500], PROTO=[TCP], TIME=[Sunday;00:10:33;12:15:22, Monday;01:10:33;12:15:22], DAY=[Monday, Friday, Sunday], DOCUMENTS=[DOCX, PDF], IP_SRC_VER_4=[10.0.3.21/24]}	Action= [LOG_TRAFFIC, DENY_TRAFFIC, COUNT]	VNFS= [VNF2]
ID= 1362269388	Fields= {URLS=[http://example.com/provapage.html], PORT_DST=[100-10500], PROTO=[TCP], TIME=[Sunday;00:10:33;12:15:22, Monday;01:10:33;12:15:22], DAY=[Monday, Friday, Sunday], DOCUMENTS=[PDF], IP_SRC_VER_4=[10.0.3.21/24]}	Action= [LOG_TRAFFIC, DENY_TRAFFIC, COUNT]	VNFS= [VNF3]
ID= 1244696236	Fields= {URLS=[NOT_CONF_MAKE_DEC], PORT_DST=[100-10500], PROTO=[TCP], TIME=[Sunday;00:10:33;12:15:22, Monday;01:10:33;12:15:22], DAY=[Monday, Friday, Sunday], DOCUMENTS=[NOT_CONF_MAKE_DEC], IP_SRC_VER_4=[10.0.3.21/24]}	Action= [LOG_TRAFFIC, DENY_TRAFFIC, COUNT]	VNFS= [VNF1]
------------------------------------------------------------------------------------------------------------------------------------
Finding chaining = 2ms
Requirement_1:SOL_0	
	FUNCTION_ID=1244696236	[LOG_TRAFFIC@1244696236, DENY_TRAFFIC@1244696236, COUNT@1244696236]
SAT= PARTIAL
Requirement_1:SOL_1	
	FUNCTION_ID=280339965	[LOG_TRAFFIC@280339965, DENY_TRAFFIC@280339965, COUNT@280339965]
SAT= COMPLETE
Requirement_1:SOL_2	
	FUNCTION_ID=1362269388	[LOG_TRAFFIC@1362269388]
	FUNCTION_ID=280339965	[DENY_TRAFFIC@280339965, COUNT@280339965]
SAT= COMPLETE
Requirement_1:SOL_3	
	FUNCTION_ID=1362269388	[LOG_TRAFFIC@1362269388, DENY_TRAFFIC@1362269388, COUNT@1362269388]
SAT= PARTIAL
Requirement_1:SOL_4	
	FUNCTION_ID=1244696236	[LOG_TRAFFIC@1244696236]
	FUNCTION_ID=280339965	[DENY_TRAFFIC@280339965, COUNT@280339965]
SAT= COMPLETE
Requirement_1:SOL_5	
	FUNCTION_ID=1362269388	[LOG_TRAFFIC@1362269388]
	FUNCTION_ID=1244696236	[DENY_TRAFFIC@1244696236, COUNT@1244696236]
SAT= PARTIAL
Requirement_1:SOL_6	
	FUNCTION_ID=280339965	[LOG_TRAFFIC@280339965]
	FUNCTION_ID=1362269388	[DENY_TRAFFIC@1362269388, COUNT@1362269388]
SAT= COMPLETE
Requirement_1:SOL_7	
	FUNCTION_ID=280339965	[LOG_TRAFFIC@280339965]
	FUNCTION_ID=1244696236	[DENY_TRAFFIC@1244696236, COUNT@1244696236]
SAT= COMPLETE
Requirement_1:SOL_8	
	FUNCTION_ID=1244696236	[LOG_TRAFFIC@1244696236]
	FUNCTION_ID=1362269388	[DENY_TRAFFIC@1362269388, COUNT@1362269388]
SAT= PARTIAL
ALL REQUIREMENT HAS BEEN PROCESSED AND ARE TERMINATED IN = 88ms
************* TOOL ENABLED by tools.xml file *************
------------------------------------------------------------------------------------------------------------------------------------
Neo4jDB status=false
Marshall on file status=true
Output on file status=false
------------------------------------------------------------------------------------------------------------------------------------
> Unmarshall MANIFEST ended - Find =  5
------------------------------------------------------------------------------------------------------------------------------------
------------------------------------------------------------------------------------------------------------------------------------
Manifest NAME= VNF1
FIELD:
	URLS= null
	PORT_DST= null
	PORT_SRC= null
	PROTO= null
	TIME= null
	PRIORITY= null
	DOCUMENTS= null
	IP_SRC_VER_4= null
	IP_DST_VER_4= null
	SCRIPTS= null
	BANDWITH= null
	DAY= null
	BODY= null
	VLAN_TAG= null
ACTION:
	LOG_TRAFFIC
	DENY_TRAFFIC
	ALLOW_TRAFFIC
	COUNT
	ALERT
------------------------------------------------------------------------------------------------------------------------------------
Manifest NAME= VNF2
FIELD:
	URLS= null
	PORT_DST= null
	PORT_SRC= null
	PROTO= null
	TIME= null
	PRIORITY= null
	DOCUMENTS= null
	IP_SRC_VER_4= null
	IP_DST_VER_4= null
	SCRIPTS= null
	BANDWITH= null
	DAY= null
	BODY= null
	VLAN_TAG= null
ACTION:
	LOG_TRAFFIC
	DENY_TRAFFIC
	ALLOW_TRAFFIC
	COUNT
	ALERT
------------------------------------------------------------------------------------------------------------------------------------
Manifest NAME= VNF3
FIELD:
	URLS= null
	PORT_DST= null
	PORT_SRC= null
	PROTO= null
	TIME= null
	PRIORITY= null
	DOCUMENTS= [PDF]
	IP_SRC_VER_4= null
	IP_DST_VER_4= null
	SCRIPTS= null
	BANDWITH= null
	DAY= null
	BODY= null
	VLAN_TAG= null
ACTION:
	LOG_TRAFFIC
	DENY_TRAFFIC
	ALLOW_TRAFFIC
	COUNT
	ALERT
------------------------------------------------------------------------------------------------------------------------------------
Manifest NAME= VNF4
FIELD:
	PORT_SRC= null
	PROTO= [UDP]
	IP_SRC_VER_4= null
ACTION:
	PROTECT_INTEGRITY
	AUTHN_TRAFFIC:DSA
	AUTHN_TRAFFIC:ECDSA
	PROTECT_CONFIDENTIALITY
	NAT_TRAFFIC
	ENCRYPT_TRAFFIC
	AUTHN_TRAFFIC
------------------------------------------------------------------------------------------------------------------------------------
Manifest NAME= VNF5
FIELD:
	IP_DST_VER_4= null
	PORT_DST= null
	PORT_SRC= null
	PROTO= null
	IP_SRC_VER_4= null
ACTION:
	DENY_TRAFFIC
> Unmarshall REQUIREMENTS ended in :120ms Element: 1
------------------------------------------------------------------------------------------------------------------------------------
------------------------------------------------------------------------------------------------------------------------------------
	 REQUIREMENT = 1
------------------------------------------------------------------------------------------------------------------------------------
FIELD = URLS	VALUE = [http://example.com/provapage.html]
FIELD = PORT_DST	VALUE = [100-10500]
FIELD = PROTO	VALUE = [TCP]
FIELD = TIME	VALUE = [Sunday;00:10:33;12:15:22, Monday;01:10:33;12:15:22]
FIELD = DAY	VALUE = [Monday, Friday, Sunday]
FIELD = DOCUMENTS	VALUE = [DOCX, PDF]
FIELD = IP_SRC_VER_4	VALUE = [10.0.3.21/24]
------------------------------------------------------------------------------------------------------------------------------------
Order Position = 1	LOG_TRAFFIC
Order Position = 2	DENY_TRAFFIC
Order Position = 2	COUNT
------------------------------------------------------------------------------------------------------------------------------------
ID= 987441997	Fields= {URLS=[http://example.com/provapage.html], PORT_DST=[100-10500], PROTO=[TCP], TIME=[Sunday;00:10:33;12:15:22, Monday;01:10:33;12:15:22], DAY=[Monday, Friday, Sunday], DOCUMENTS=[DOCX, PDF], IP_SRC_VER_4=[10.0.3.21/24]}	Action= [LOG_TRAFFIC, DENY_TRAFFIC, COUNT]	VNFS= [VNF2]
ID= 1317431655	Fields= {URLS=[http://example.com/provapage.html], PORT_DST=[100-10500], PROTO=[TCP], TIME=[Sunday;00:10:33;12:15:22, Monday;01:10:33;12:15:22], DAY=[Monday, Friday, Sunday], DOCUMENTS=[PDF], IP_SRC_VER_4=[10.0.3.21/24]}	Action= [LOG_TRAFFIC, DENY_TRAFFIC, COUNT]	VNFS= [VNF3]
ID= 374311414	Fields= {URLS=[NOT_CONF_MAKE_DEC], PORT_DST=[100-10500], PROTO=[TCP], TIME=[Sunday;00:10:33;12:15:22, Monday;01:10:33;12:15:22], DAY=[Monday, Friday, Sunday], DOCUMENTS=[NOT_CONF_MAKE_DEC], IP_SRC_VER_4=[10.0.3.21/24]}	Action= [LOG_TRAFFIC, DENY_TRAFFIC, COUNT]	VNFS= [VNF1]
------------------------------------------------------------------------------------------------------------------------------------
Finding chaining = 7ms
Requirement_1:SOL_0	
	FUNCTION_ID=374311414	[LOG_TRAFFIC@374311414, DENY_TRAFFIC@374311414, COUNT@374311414]
SAT= PARTIAL
Requirement_1:SOL_1	
	FUNCTION_ID=987441997	[LOG_TRAFFIC@987441997, DENY_TRAFFIC@987441997, COUNT@987441997]
SAT= COMPLETE
Requirement_1:SOL_2	
	FUNCTION_ID=1317431655	[LOG_TRAFFIC@1317431655]
	FUNCTION_ID=987441997	[DENY_TRAFFIC@987441997, COUNT@987441997]
SAT= COMPLETE
Requirement_1:SOL_3	
	FUNCTION_ID=1317431655	[LOG_TRAFFIC@1317431655, DENY_TRAFFIC@1317431655, COUNT@1317431655]
SAT= PARTIAL
Requirement_1:SOL_4	
	FUNCTION_ID=374311414	[LOG_TRAFFIC@374311414]
	FUNCTION_ID=987441997	[DENY_TRAFFIC@987441997, COUNT@987441997]
SAT= COMPLETE
Requirement_1:SOL_5	
	FUNCTION_ID=1317431655	[LOG_TRAFFIC@1317431655]
	FUNCTION_ID=374311414	[DENY_TRAFFIC@374311414, COUNT@374311414]
SAT= PARTIAL
Requirement_1:SOL_6	
	FUNCTION_ID=987441997	[LOG_TRAFFIC@987441997]
	FUNCTION_ID=1317431655	[DENY_TRAFFIC@1317431655, COUNT@1317431655]
SAT= COMPLETE
Requirement_1:SOL_7	
	FUNCTION_ID=987441997	[LOG_TRAFFIC@987441997]
	FUNCTION_ID=374311414	[DENY_TRAFFIC@374311414, COUNT@374311414]
SAT= COMPLETE
Requirement_1:SOL_8	
	FUNCTION_ID=374311414	[LOG_TRAFFIC@374311414]
	FUNCTION_ID=1317431655	[DENY_TRAFFIC@1317431655, COUNT@1317431655]
SAT= PARTIAL
ALL REQUIREMENT HAS BEEN PROCESSED AND ARE TERMINATED IN = 86ms
************* TOOL ENABLED by tools.xml file *************
------------------------------------------------------------------------------------------------------------------------------------
Neo4jDB status=false
Marshall on file status=true
Output on file status=false
------------------------------------------------------------------------------------------------------------------------------------
> Unmarshall MANIFEST ended - Find =  6
------------------------------------------------------------------------------------------------------------------------------------
------------------------------------------------------------------------------------------------------------------------------------
Manifest NAME= VNF6
FIELD:
	IP_DST_VER_4= null
	PORT_DST= null
	PORT_SRC= null
	PROTO= null
	IP_SRC_VER_6= null
	IP_DST_VER_6= null
	IP_SRC_VER_4= null
ACTION:
	REMARK_PACKET
	LOG_TRAFFIC
	STORE_PACKET
	FORWARD_TRAFFIC
------------------------------------------------------------------------------------------------------------------------------------
Manifest NAME= VNF1
FIELD:
	URLS= null
	PORT_DST= null
	PORT_SRC= null
	PROTO= null
	TIME= null
	PRIORITY= null
	DOCUMENTS= null
	IP_SRC_VER_4= null
	IP_DST_VER_4= null
	SCRIPTS= null
	BANDWITH= null
	DAY= null
	BODY= null
	VLAN_TAG= null
ACTION:
	LOG_TRAFFIC
	DENY_TRAFFIC
	ALLOW_TRAFFIC
	COUNT
	ALERT
------------------------------------------------------------------------------------------------------------------------------------
Manifest NAME= VNF2
FIELD:
	URLS= null
	PORT_DST= null
	PORT_SRC= null
	PROTO= null
	TIME= null
	PRIORITY= null
	DOCUMENTS= null
	IP_SRC_VER_4= null
	IP_DST_VER_4= null
	SCRIPTS= null
	BANDWITH= null
	DAY= null
	BODY= null
	VLAN_TAG= null
ACTION:
	LOG_TRAFFIC
	DENY_TRAFFIC
	ALLOW_TRAFFIC
	COUNT
	ALERT
------------------------------------------------------------------------------------------------------------------------------------
Manifest NAME= VNF3
FIELD:
	URLS= null
	PORT_DST= null
	PORT_SRC= null
	PROTO= null
	TIME= null
	PRIORITY= null
	DOCUMENTS= [PDF]
	IP_SRC_VER_4= null
	IP_DST_VER_4= null
	SCRIPTS= null
	BANDWITH= null
	DAY= null
	BODY= null
	VLAN_TAG= null
ACTION:
	LOG_TRAFFIC
	DENY_TRAFFIC
	ALLOW_TRAFFIC
	COUNT
	ALERT
------------------------------------------------------------------------------------------------------------------------------------
Manifest NAME= VNF4
FIELD:
	PORT_SRC= null
	PROTO= [UDP]
	IP_SRC_VER_4= null
ACTION:
	PROTECT_INTEGRITY
	AUTHN_TRAFFIC:DSA
	AUTHN_TRAFFIC:ECDSA
	PROTECT_CONFIDENTIALITY
	NAT_TRAFFIC
	ENCRYPT_TRAFFIC
	AUTHN_TRAFFIC
------------------------------------------------------------------------------------------------------------------------------------
Manifest NAME= VNF5
FIELD:
	IP_DST_VER_4= null
	PORT_DST= null
	PORT_SRC= null
	PROTO= null
	IP_SRC_VER_4= null
ACTION:
	DENY_TRAFFIC
> Unmarshall REQUIREMENTS ended in :122ms Element: 1
------------------------------------------------------------------------------------------------------------------------------------
------------------------------------------------------------------------------------------------------------------------------------
	 REQUIREMENT = 1
------------------------------------------------------------------------------------------------------------------------------------
FIELD = URLS	VALUE = [http://example.com/provapage.html]
FIELD = PORT_DST	VALUE = [100-10500]
FIELD = PROTO	VALUE = [TCP]
FIELD = TIME	VALUE = [Sunday;00:10:33;12:15:22, Monday;01:10:33;12:15:22]
FIELD = DAY	VALUE = [Monday, Friday, Sunday]
FIELD = DOCUMENTS	VALUE = [DOCX, PDF]
FIELD = IP_SRC_VER_4	VALUE = [10.0.3.21/24]
------------------------------------------------------------------------------------------------------------------------------------
Order Position = 1	LOG_TRAFFIC
Order Position = 2	DENY_TRAFFIC
Order Position = 2	COUNT
------------------------------------------------------------------------------------------------------------------------------------
ID= 2072384767	Fields= {URLS=[http://example.com/provapage.html], PORT_DST=[100-10500], PROTO=[TCP], TIME=[Sunday;00:10:33;12:15:22, Monday;01:10:33;12:15:22], DAY=[Monday, Friday, Sunday], DOCUMENTS=[DOCX, PDF], IP_SRC_VER_4=[10.0.3.21/24]}	Action= [LOG_TRAFFIC, DENY_TRAFFIC, COUNT]	VNFS= [VNF2]
ID= 1439967596	Fields= {URLS=[http://example.com/provapage.html], PORT_DST=[100-10500], PROTO=[TCP], TIME=[Sunday;00:10:33;12:15:22, Monday;01:10:33;12:15:22], DAY=[Monday, Friday, Sunday], DOCUMENTS=[PDF], IP_SRC_VER_4=[10.0.3.21/24]}	Action= [LOG_TRAFFIC, DENY_TRAFFIC, COUNT]	VNFS= [VNF3]
ID= 1528024190	Fields= {PORT_DST=[100-10500], PROTO=[TCP], IP_SRC_VER_4=[10.0.3.21/24]}	Action= [LOG_TRAFFIC]	VNFS= [VNF6]
ID= 780952844	Fields= {URLS=[NOT_CONF_MAKE_DEC], PORT_DST=[100-10500], PROTO=[TCP], TIME=[Sunday;00:10:33;12:15:22, Monday;01:10:33;12:15:22], DAY=[Monday, Friday, Sunday], DOCUMENTS=[NOT_CONF_MAKE_DEC], IP_SRC_VER_4=[10.0.3.21/24]}	Action= [LOG_TRAFFIC, DENY_TRAFFIC, COUNT]	VNFS= [VNF1]
------------------------------------------------------------------------------------------------------------------------------------
Finding chaining = 12ms
Requirement_1:SOL_0	
	FUNCTION_ID=780952844	[LOG_TRAFFIC@780952844, DENY_TRAFFIC@780952844, COUNT@780952844]
SAT= PARTIAL
Requirement_1:SOL_1	
	FUNCTION_ID=2072384767	[LOG_TRAFFIC@2072384767, DENY_TRAFFIC@2072384767, COUNT@2072384767]
SAT= COMPLETE
Requirement_1:SOL_10	
	FUNCTION_ID=1528024190	[LOG_TRAFFIC@1528024190]
	FUNCTION_ID=1439967596	[DENY_TRAFFIC@1439967596, COUNT@1439967596]
SAT= PARTIAL
Requirement_1:SOL_11	
	FUNCTION_ID=1528024190	[LOG_TRAFFIC@1528024190]
	FUNCTION_ID=780952844	[DENY_TRAFFIC@780952844, COUNT@780952844]
SAT= PARTIAL
Requirement_1:SOL_2	
	FUNCTION_ID=1439967596	[LOG_TRAFFIC@1439967596]
	FUNCTION_ID=2072384767	[DENY_TRAFFIC@2072384767, COUNT@2072384767]
SAT= COMPLETE
Requirement_1:SOL_3	
	FUNCTION_ID=1439967596	[LOG_TRAFFIC@1439967596, DENY_TRAFFIC@1439967596, COUNT@1439967596]
SAT= PARTIAL
Requirement_1:SOL_4	
	FUNCTION_ID=1528024190	[LOG_TRAFFIC@1528024190]
	FUNCTION_ID=2072384767	[DENY_TRAFFIC@2072384767, COUNT@2072384767]
SAT= COMPLETE
Requirement_1:SOL_5	
	FUNCTION_ID=1439967596	[LOG_TRAFFIC@1439967596]
	FUNCTION_ID=780952844	[DENY_TRAFFIC@780952844, COUNT@780952844]
SAT= PARTIAL
Requirement_1:SOL_6	
	FUNCTION_ID=2072384767	[LOG_TRAFFIC@2072384767]
	FUNCTION_ID=1439967596	[DENY_TRAFFIC@1439967596, COUNT@1439967596]
SAT= COMPLETE
Requirement_1:SOL_7	
	FUNCTION_ID=2072384767	[LOG_TRAFFIC@2072384767]
	FUNCTION_ID=780952844	[DENY_TRAFFIC@780952844, COUNT@780952844]
SAT= COMPLETE
Requirement_1:SOL_8	
	FUNCTION_ID=780952844	[LOG_TRAFFIC@780952844]
	FUNCTION_ID=2072384767	[DENY_TRAFFIC@2072384767, COUNT@2072384767]
SAT= COMPLETE
Requirement_1:SOL_9	
	FUNCTION_ID=780952844	[LOG_TRAFFIC@780952844]
	FUNCTION_ID=1439967596	[DENY_TRAFFIC@1439967596, COUNT@1439967596]
SAT= PARTIAL
ALL REQUIREMENT HAS BEEN PROCESSED AND ARE TERMINATED IN = 55ms
************* TOOL ENABLED by tools.xml file *************
------------------------------------------------------------------------------------------------------------------------------------
Neo4jDB status=false
Marshall on file status=true
Output on file status=false
------------------------------------------------------------------------------------------------------------------------------------
> Unmarshall MANIFEST ended - Find =  7
------------------------------------------------------------------------------------------------------------------------------------
------------------------------------------------------------------------------------------------------------------------------------
Manifest NAME= VNF6
FIELD:
	IP_DST_VER_4= null
	PORT_DST= null
	PORT_SRC= null
	PROTO= null
	IP_SRC_VER_6= null
	IP_DST_VER_6= null
	IP_SRC_VER_4= null
ACTION:
	REMARK_PACKET
	LOG_TRAFFIC
	STORE_PACKET
	FORWARD_TRAFFIC
------------------------------------------------------------------------------------------------------------------------------------
Manifest NAME= VNF7
FIELD:
	IP_DST_VER_4= null
	PORT_DST= null
	PORT_SRC= null
	PROTO= null
	IP_SRC_VER_4= null
ACTION:
	DENY_TRAFFIC
	ALLOW_TRAFFIC
	COUNT
	ALERT
------------------------------------------------------------------------------------------------------------------------------------
Manifest NAME= VNF1
FIELD:
	URLS= null
	PORT_DST= null
	PORT_SRC= null
	PROTO= null
	TIME= null
	PRIORITY= null
	DOCUMENTS= null
	IP_SRC_VER_4= null
	IP_DST_VER_4= null
	SCRIPTS= null
	BANDWITH= null
	DAY= null
	BODY= null
	VLAN_TAG= null
ACTION:
	LOG_TRAFFIC
	DENY_TRAFFIC
	ALLOW_TRAFFIC
	COUNT
	ALERT
------------------------------------------------------------------------------------------------------------------------------------
Manifest NAME= VNF2
FIELD:
	URLS= null
	PORT_DST= null
	PORT_SRC= null
	PROTO= null
	TIME= null
	PRIORITY= null
	DOCUMENTS= null
	IP_SRC_VER_4= null
	IP_DST_VER_4= null
	SCRIPTS= null
	BANDWITH= null
	DAY= null
	BODY= null
	VLAN_TAG= null
ACTION:
	LOG_TRAFFIC
	DENY_TRAFFIC
	ALLOW_TRAFFIC
	COUNT
	ALERT
------------------------------------------------------------------------------------------------------------------------------------
Manifest NAME= VNF3
FIELD:
	URLS= null
	PORT_DST= null
	PORT_SRC= null
	PROTO= null
	TIME= null
	PRIORITY= null
	DOCUMENTS= [PDF]
	IP_SRC_VER_4= null
	IP_DST_VER_4= null
	SCRIPTS= null
	BANDWITH= null
	DAY= null
	BODY= null
	VLAN_TAG= null
ACTION:
	LOG_TRAFFIC
	DENY_TRAFFIC
	ALLOW_TRAFFIC
	COUNT
	ALERT
------------------------------------------------------------------------------------------------------------------------------------
Manifest NAME= VNF4
FIELD:
	PORT_SRC= null
	PROTO= [UDP]
	IP_SRC_VER_4= null
ACTION:
	PROTECT_INTEGRITY
	AUTHN_TRAFFIC:DSA
	AUTHN_TRAFFIC:ECDSA
	PROTECT_CONFIDENTIALITY
	NAT_TRAFFIC
	ENCRYPT_TRAFFIC
	AUTHN_TRAFFIC
------------------------------------------------------------------------------------------------------------------------------------
Manifest NAME= VNF5
FIELD:
	IP_DST_VER_4= null
	PORT_DST= null
	PORT_SRC= null
	PROTO= null
	IP_SRC_VER_4= null
ACTION:
	DENY_TRAFFIC
> Unmarshall REQUIREMENTS ended in :107ms Element: 1
------------------------------------------------------------------------------------------------------------------------------------
------------------------------------------------------------------------------------------------------------------------------------
	 REQUIREMENT = 1
------------------------------------------------------------------------------------------------------------------------------------
FIELD = URLS	VALUE = [http://example.com/provapage.html]
FIELD = PORT_DST	VALUE = [100-10500]
FIELD = PROTO	VALUE = [TCP]
FIELD = TIME	VALUE = [Sunday;00:10:33;12:15:22, Monday;01:10:33;12:15:22]
FIELD = DAY	VALUE = [Monday, Friday, Sunday]
FIELD = DOCUMENTS	VALUE = [DOCX, PDF]
FIELD = IP_SRC_VER_4	VALUE = [10.0.3.21/24]
------------------------------------------------------------------------------------------------------------------------------------
Order Position = 1	LOG_TRAFFIC
Order Position = 2	DENY_TRAFFIC
Order Position = 2	COUNT
------------------------------------------------------------------------------------------------------------------------------------
ID= 1047329126	Fields= {URLS=[http://example.com/provapage.html], PORT_DST=[100-10500], PROTO=[TCP], TIME=[Sunday;00:10:33;12:15:22, Monday;01:10:33;12:15:22], DAY=[Monday, Friday, Sunday], DOCUMENTS=[DOCX, PDF], IP_SRC_VER_4=[10.0.3.21/24]}	Action= [LOG_TRAFFIC, DENY_TRAFFIC, COUNT]	VNFS= [VNF2]
ID= 978549363	Fields= {URLS=[http://example.com/provapage.html], PORT_DST=[100-10500], PROTO=[TCP], TIME=[Sunday;00:10:33;12:15:22, Monday;01:10:33;12:15:22], DAY=[Monday, Friday, Sunday], DOCUMENTS=[PDF], IP_SRC_VER_4=[10.0.3.21/24]}	Action= [LOG_TRAFFIC, DENY_TRAFFIC, COUNT]	VNFS= [VNF3]
ID= 445479165	Fields= {PORT_DST=[100-10500], PROTO=[TCP], IP_SRC_VER_4=[10.0.3.21/24]}	Action= [DENY_TRAFFIC, COUNT]	VNFS= [VNF7]
ID= 816517379	Fields= {PORT_DST=[100-10500], PROTO=[TCP], IP_SRC_VER_4=[10.0.3.21/24]}	Action= [LOG_TRAFFIC]	VNFS= [VNF6]
ID= 492996071	Fields= {URLS=[NOT_CONF_MAKE_DEC], PORT_DST=[100-10500], PROTO=[TCP], TIME=[Sunday;00:10:33;12:15:22, Monday;01:10:33;12:15:22], DAY=[Monday, Friday, Sunday], DOCUMENTS=[NOT_CONF_MAKE_DEC], IP_SRC_VER_4=[10.0.3.21/24]}	Action= [LOG_TRAFFIC, DENY_TRAFFIC, COUNT]	VNFS= [VNF1]
------------------------------------------------------------------------------------------------------------------------------------
Finding chaining = 2ms
Requirement_1:SOL_0	
	FUNCTION_ID=492996071	[LOG_TRAFFIC@492996071, DENY_TRAFFIC@492996071, COUNT@492996071]
SAT= PARTIAL
Requirement_1:SOL_1	
	FUNCTION_ID=1047329126	[LOG_TRAFFIC@1047329126, DENY_TRAFFIC@1047329126, COUNT@1047329126]
SAT= COMPLETE
Requirement_1:SOL_10	
	FUNCTION_ID=492996071	[LOG_TRAFFIC@492996071]
	FUNCTION_ID=1047329126	[DENY_TRAFFIC@1047329126, COUNT@1047329126]
SAT= COMPLETE
Requirement_1:SOL_11	
	FUNCTION_ID=492996071	[LOG_TRAFFIC@492996071]
	FUNCTION_ID=978549363	[DENY_TRAFFIC@978549363, COUNT@978549363]
SAT= PARTIAL
Requirement_1:SOL_12	
	FUNCTION_ID=492996071	[LOG_TRAFFIC@492996071]
	FUNCTION_ID=445479165	[DENY_TRAFFIC@445479165, COUNT@445479165]
SAT= PARTIAL
Requirement_1:SOL_13	
	FUNCTION_ID=816517379	[LOG_TRAFFIC@816517379]
	FUNCTION_ID=978549363	[DENY_TRAFFIC@978549363, COUNT@978549363]
SAT= PARTIAL
Requirement_1:SOL_14	
	FUNCTION_ID=816517379	[LOG_TRAFFIC@816517379]
	FUNCTION_ID=445479165	[DENY_TRAFFIC@445479165, COUNT@445479165]
SAT= PARTIAL
Requirement_1:SOL_15	
	FUNCTION_ID=816517379	[LOG_TRAFFIC@816517379]
	FUNCTION_ID=492996071	[DENY_TRAFFIC@492996071, COUNT@492996071]
SAT= PARTIAL
Requirement_1:SOL_2	
	FUNCTION_ID=978549363	[LOG_TRAFFIC@978549363]
	FUNCTION_ID=1047329126	[DENY_TRAFFIC@1047329126, COUNT@1047329126]
SAT= COMPLETE
Requirement_1:SOL_3	
	FUNCTION_ID=978549363	[LOG_TRAFFIC@978549363, DENY_TRAFFIC@978549363, COUNT@978549363]
SAT= PARTIAL
Requirement_1:SOL_4	
	FUNCTION_ID=816517379	[LOG_TRAFFIC@816517379]
	FUNCTION_ID=1047329126	[DENY_TRAFFIC@1047329126, COUNT@1047329126]
SAT= COMPLETE
Requirement_1:SOL_5	
	FUNCTION_ID=978549363	[LOG_TRAFFIC@978549363]
	FUNCTION_ID=445479165	[DENY_TRAFFIC@445479165, COUNT@445479165]
SAT= PARTIAL
Requirement_1:SOL_6	
	FUNCTION_ID=978549363	[LOG_TRAFFIC@978549363]
	FUNCTION_ID=492996071	[DENY_TRAFFIC@492996071, COUNT@492996071]
SAT= PARTIAL
Requirement_1:SOL_7	
	FUNCTION_ID=1047329126	[LOG_TRAFFIC@1047329126]
	FUNCTION_ID=978549363	[DENY_TRAFFIC@978549363, COUNT@978549363]
SAT= COMPLETE
Requirement_1:SOL_8	
	FUNCTION_ID=1047329126	[LOG_TRAFFIC@1047329126]
	FUNCTION_ID=492996071	[DENY_TRAFFIC@492996071, COUNT@492996071]
SAT= COMPLETE
Requirement_1:SOL_9	
	FUNCTION_ID=1047329126	[LOG_TRAFFIC@1047329126]
	FUNCTION_ID=445479165	[DENY_TRAFFIC@445479165, COUNT@445479165]
SAT= COMPLETE
ALL REQUIREMENT HAS BEEN PROCESSED AND ARE TERMINATED IN = 51ms
************* TOOL ENABLED by tools.xml file *************
------------------------------------------------------------------------------------------------------------------------------------
Neo4jDB status=false
Marshall on file status=true
Output on file status=false
------------------------------------------------------------------------------------------------------------------------------------
> Unmarshall MANIFEST ended - Find =  8
------------------------------------------------------------------------------------------------------------------------------------
------------------------------------------------------------------------------------------------------------------------------------
Manifest NAME= VNF6
FIELD:
	IP_DST_VER_4= null
	PORT_DST= null
	PORT_SRC= null
	PROTO= null
	DISPLACE= null
	IP_SRC_VER_6= null
	IP_DST_VER_6= null
	IP_SRC_VER_4= null
ACTION:
	REMARK_PACKET
	LOG_TRAFFIC
	STORE_PACKET
	FORWARD_TRAFFIC
------------------------------------------------------------------------------------------------------------------------------------
Manifest NAME= VNF7
FIELD:
	IP_DST_VER_4= null
	PORT_DST= null
	PORT_SRC= null
	PROTO= null
	IP_SRC_VER_4= null
ACTION:
	DENY_TRAFFIC
	ALLOW_TRAFFIC
	COUNT
	ALERT
------------------------------------------------------------------------------------------------------------------------------------
Manifest NAME= VNF8
FIELD:
	IP_DST_VER_4= null
	PROTO= null
	GEO_POSITION= null
	PRIORITY= null
	IP_SRC_VER_6= null
	IP_DST_VER_6= null
	IP_SRC_VER_4= null
ACTION:
	LOG_TRAFFIC
------------------------------------------------------------------------------------------------------------------------------------
Manifest NAME= VNF1
FIELD:
	URLS= null
	PORT_DST= null
	PORT_SRC= null
	PROTO= null
	TIME= null
	PRIORITY= null
	DOCUMENTS= null
	IP_SRC_VER_4= null
	IP_DST_VER_4= null
	SCRIPTS= null
	BANDWITH= null
	DAY= null
	BODY= null
	VLAN_TAG= null
ACTION:
	LOG_TRAFFIC
	DENY_TRAFFIC
	ALLOW_TRAFFIC
	COUNT
	ALERT
------------------------------------------------------------------------------------------------------------------------------------
Manifest NAME= VNF2
FIELD:
	URLS= null
	PORT_DST= null
	PORT_SRC= null
	PROTO= null
	TIME= null
	PRIORITY= null
	DOCUMENTS= null
	IP_SRC_VER_4= null
	IP_DST_VER_4= null
	SCRIPTS= null
	BANDWITH= null
	DAY= null
	BODY= null
	VLAN_TAG= null
ACTION:
	LOG_TRAFFIC
	DENY_TRAFFIC
	ALLOW_TRAFFIC
	COUNT
	ALERT
------------------------------------------------------------------------------------------------------------------------------------
Manifest NAME= VNF3
FIELD:
	URLS= null
	PORT_DST= null
	PORT_SRC= null
	PROTO= null
	TIME= null
	PRIORITY= null
	DOCUMENTS= [PDF]
	IP_SRC_VER_4= null
	IP_DST_VER_4= null
	SCRIPTS= null
	BANDWITH= null
	DAY= null
	BODY= null
	VLAN_TAG= null
ACTION:
	LOG_TRAFFIC
	DENY_TRAFFIC
	ALLOW_TRAFFIC
	COUNT
	ALERT
------------------------------------------------------------------------------------------------------------------------------------
Manifest NAME= VNF4
FIELD:
	PORT_SRC= null
	PROTO= [UDP]
	IP_SRC_VER_4= null
ACTION:
	PROTECT_INTEGRITY
	AUTHN_TRAFFIC:DSA
	AUTHN_TRAFFIC:ECDSA
	PROTECT_CONFIDENTIALITY
	NAT_TRAFFIC
	ENCRYPT_TRAFFIC
	AUTHN_TRAFFIC
------------------------------------------------------------------------------------------------------------------------------------
Manifest NAME= VNF5
FIELD:
	IP_DST_VER_4= null
	PORT_DST= null
	PORT_SRC= null
	PROTO= null
	IP_SRC_VER_4= null
ACTION:
	DENY_TRAFFIC
> Unmarshall REQUIREMENTS ended in :102ms Element: 1
------------------------------------------------------------------------------------------------------------------------------------
------------------------------------------------------------------------------------------------------------------------------------
	 REQUIREMENT = 1
------------------------------------------------------------------------------------------------------------------------------------
FIELD = URLS	VALUE = [http://example.com/provapage.html]
FIELD = PORT_DST	VALUE = [100-10500]
FIELD = PROTO	VALUE = [TCP]
FIELD = TIME	VALUE = [Sunday;00:10:33;12:15:22, Monday;01:10:33;12:15:22]
FIELD = DAY	VALUE = [Monday, Friday, Sunday]
FIELD = DOCUMENTS	VALUE = [DOCX, PDF]
FIELD = IP_SRC_VER_4	VALUE = [10.0.3.21/24]
------------------------------------------------------------------------------------------------------------------------------------
Order Position = 1	LOG_TRAFFIC
Order Position = 2	DENY_TRAFFIC
Order Position = 2	COUNT
------------------------------------------------------------------------------------------------------------------------------------
ID= 1518884077	Fields= {URLS=[http://example.com/provapage.html], PORT_DST=[100-10500], PROTO=[TCP], TIME=[Sunday;00:10:33;12:15:22, Monday;01:10:33;12:15:22], DAY=[Monday, Friday, Sunday], DOCUMENTS=[DOCX, PDF], IP_SRC_VER_4=[10.0.3.21/24]}	Action= [LOG_TRAFFIC, DENY_TRAFFIC, COUNT]	VNFS= [VNF2]
ID= 529187288	Fields= {URLS=[http://example.com/provapage.html], PORT_DST=[100-10500], PROTO=[TCP], TIME=[Sunday;00:10:33;12:15:22, Monday;01:10:33;12:15:22], DAY=[Monday, Friday, Sunday], DOCUMENTS=[PDF], IP_SRC_VER_4=[10.0.3.21/24]}	Action= [LOG_TRAFFIC, DENY_TRAFFIC, COUNT]	VNFS= [VNF3]
ID= 693405453	Fields= {PORT_DST=[100-10500], PROTO=[TCP], IP_SRC_VER_4=[10.0.3.21/24]}	Action= [DENY_TRAFFIC, COUNT]	VNFS= [VNF7]
ID= 2040686948	Fields= {PROTO=[TCP], IP_SRC_VER_4=[10.0.3.21/24]}	Action= [LOG_TRAFFIC]	VNFS= [VNF8]
ID= 1349533597	Fields= {PORT_DST=[100-10500], PROTO=[TCP], IP_SRC_VER_4=[10.0.3.21/24]}	Action= [LOG_TRAFFIC]	VNFS= [VNF6]
ID= 1589103587	Fields= {URLS=[NOT_CONF_MAKE_DEC], PORT_DST=[100-10500], PROTO=[TCP], TIME=[Sunday;00:10:33;12:15:22, Monday;01:10:33;12:15:22], DAY=[Monday, Friday, Sunday], DOCUMENTS=[NOT_CONF_MAKE_DEC], IP_SRC_VER_4=[10.0.3.21/24]}	Action= [LOG_TRAFFIC, DENY_TRAFFIC, COUNT]	VNFS= [VNF1]
------------------------------------------------------------------------------------------------------------------------------------
Finding chaining = 34ms
Requirement_1:SOL_0	
	FUNCTION_ID=1589103587	[LOG_TRAFFIC@1589103587, DENY_TRAFFIC@1589103587, COUNT@1589103587]
SAT= PARTIAL
Requirement_1:SOL_1	
	FUNCTION_ID=1518884077	[LOG_TRAFFIC@1518884077, DENY_TRAFFIC@1518884077, COUNT@1518884077]
SAT= COMPLETE
Requirement_1:SOL_10	
	FUNCTION_ID=1349533597	[LOG_TRAFFIC@1349533597]
	FUNCTION_ID=1518884077	[DENY_TRAFFIC@1518884077, COUNT@1518884077]
SAT= COMPLETE
Requirement_1:SOL_11	
	FUNCTION_ID=1589103587	[LOG_TRAFFIC@1589103587]
	FUNCTION_ID=1518884077	[DENY_TRAFFIC@1518884077, COUNT@1518884077]
SAT= COMPLETE
Requirement_1:SOL_12	
	FUNCTION_ID=1349533597	[LOG_TRAFFIC@1349533597]
	FUNCTION_ID=529187288	[DENY_TRAFFIC@529187288, COUNT@529187288]
SAT= PARTIAL
Requirement_1:SOL_13	
	FUNCTION_ID=1589103587	[LOG_TRAFFIC@1589103587]
	FUNCTION_ID=529187288	[DENY_TRAFFIC@529187288, COUNT@529187288]
SAT= PARTIAL
Requirement_1:SOL_14	
	FUNCTION_ID=1589103587	[LOG_TRAFFIC@1589103587]
	FUNCTION_ID=693405453	[DENY_TRAFFIC@693405453, COUNT@693405453]
SAT= PARTIAL
Requirement_1:SOL_15	
	FUNCTION_ID=1349533597	[LOG_TRAFFIC@1349533597]
	FUNCTION_ID=693405453	[DENY_TRAFFIC@693405453, COUNT@693405453]
SAT= PARTIAL
Requirement_1:SOL_16	
	FUNCTION_ID=2040686948	[LOG_TRAFFIC@2040686948]
	FUNCTION_ID=529187288	[DENY_TRAFFIC@529187288, COUNT@529187288]
SAT= PARTIAL
Requirement_1:SOL_17	
	FUNCTION_ID=2040686948	[LOG_TRAFFIC@2040686948]
	FUNCTION_ID=693405453	[DENY_TRAFFIC@693405453, COUNT@693405453]
SAT= PARTIAL
Requirement_1:SOL_18	
	FUNCTION_ID=2040686948	[LOG_TRAFFIC@2040686948]
	FUNCTION_ID=1589103587	[DENY_TRAFFIC@1589103587, COUNT@1589103587]
SAT= PARTIAL
Requirement_1:SOL_19	
	FUNCTION_ID=1349533597	[LOG_TRAFFIC@1349533597]
	FUNCTION_ID=1589103587	[DENY_TRAFFIC@1589103587, COUNT@1589103587]
SAT= PARTIAL
Requirement_1:SOL_2	
	FUNCTION_ID=529187288	[LOG_TRAFFIC@529187288]
	FUNCTION_ID=1518884077	[DENY_TRAFFIC@1518884077, COUNT@1518884077]
SAT= COMPLETE
Requirement_1:SOL_3	
	FUNCTION_ID=529187288	[LOG_TRAFFIC@529187288, DENY_TRAFFIC@529187288, COUNT@529187288]
SAT= PARTIAL
Requirement_1:SOL_4	
	FUNCTION_ID=2040686948	[LOG_TRAFFIC@2040686948]
	FUNCTION_ID=1518884077	[DENY_TRAFFIC@1518884077, COUNT@1518884077]
SAT= COMPLETE
Requirement_1:SOL_5	
	FUNCTION_ID=529187288	[LOG_TRAFFIC@529187288]
	FUNCTION_ID=693405453	[DENY_TRAFFIC@693405453, COUNT@693405453]
SAT= PARTIAL
Requirement_1:SOL_6	
	FUNCTION_ID=529187288	[LOG_TRAFFIC@529187288]
	FUNCTION_ID=1589103587	[DENY_TRAFFIC@1589103587, COUNT@1589103587]
SAT= PARTIAL
Requirement_1:SOL_7	
	FUNCTION_ID=1518884077	[LOG_TRAFFIC@1518884077]
	FUNCTION_ID=529187288	[DENY_TRAFFIC@529187288, COUNT@529187288]
SAT= COMPLETE
Requirement_1:SOL_8	
	FUNCTION_ID=1518884077	[LOG_TRAFFIC@1518884077]
	FUNCTION_ID=1589103587	[DENY_TRAFFIC@1589103587, COUNT@1589103587]
SAT= COMPLETE
Requirement_1:SOL_9	
	FUNCTION_ID=1518884077	[LOG_TRAFFIC@1518884077]
	FUNCTION_ID=693405453	[DENY_TRAFFIC@693405453, COUNT@693405453]
SAT= COMPLETE
ALL REQUIREMENT HAS BEEN PROCESSED AND ARE TERMINATED IN = 134ms
************* TOOL ENABLED by tools.xml file *************
------------------------------------------------------------------------------------------------------------------------------------
Neo4jDB status=false
Marshall on file status=true
Output on file status=false
------------------------------------------------------------------------------------------------------------------------------------
> Unmarshall MANIFEST ended - Find =  9
------------------------------------------------------------------------------------------------------------------------------------
------------------------------------------------------------------------------------------------------------------------------------
Manifest NAME= VNF6
FIELD:
	IP_DST_VER_4= null
	PORT_DST= null
	PORT_SRC= null
	PROTO= null
	IP_SRC_VER_6= null
	IP_DST_VER_6= null
	IP_SRC_VER_4= null
ACTION:
	REMARK_PACKET
	LOG_TRAFFIC
	STORE_PACKET
	FORWARD_TRAFFIC
------------------------------------------------------------------------------------------------------------------------------------
Manifest NAME= VNF7
FIELD:
	IP_DST_VER_4= null
	PORT_DST= null
	PORT_SRC= null
	PROTO= null
	IP_SRC_VER_4= null
ACTION:
	DENY_TRAFFIC
	ALLOW_TRAFFIC
	COUNT
	ALERT
------------------------------------------------------------------------------------------------------------------------------------
Manifest NAME= VNF8
FIELD:
	IP_DST_VER_4= null
	PROTO= null
	GEO_POSITION= null
	PRIORITY= null
	IP_SRC_VER_6= null
	IP_DST_VER_6= null
	IP_SRC_VER_4= null
ACTION:
	LOG_TRAFFIC
------------------------------------------------------------------------------------------------------------------------------------
Manifest NAME= VNF9
FIELD:
	PROTO= null
	IP_SRC_VER_6= null
	IP_SRC_VER_4= null
	VLAN_TAG= null
ACTION:
	REMARK_PACKET
	DENY_TRAFFIC
	COUNT
------------------------------------------------------------------------------------------------------------------------------------
Manifest NAME= VNF1
FIELD:
	URLS= null
	PORT_DST= null
	PORT_SRC= null
	PROTO= null
	TIME= null
	PRIORITY= null
	DOCUMENTS= null
	IP_SRC_VER_4= null
	IP_DST_VER_4= null
	SCRIPTS= null
	BANDWITH= null
	DAY= null
	BODY= null
	VLAN_TAG= null
ACTION:
	LOG_TRAFFIC
	DENY_TRAFFIC
	ALLOW_TRAFFIC
	COUNT
	ALERT
------------------------------------------------------------------------------------------------------------------------------------
Manifest NAME= VNF2
FIELD:
	URLS= null
	PORT_DST= null
	PORT_SRC= null
	PROTO= null
	TIME= null
	PRIORITY= null
	DOCUMENTS= null
	IP_SRC_VER_4= null
	IP_DST_VER_4= null
	SCRIPTS= null
	BANDWITH= null
	DAY= null
	BODY= null
	VLAN_TAG= null
ACTION:
	LOG_TRAFFIC
	DENY_TRAFFIC
	ALLOW_TRAFFIC
	COUNT
	ALERT
------------------------------------------------------------------------------------------------------------------------------------
Manifest NAME= VNF3
FIELD:
	URLS= null
	PORT_DST= null
	PORT_SRC= null
	PROTO= null
	TIME= null
	PRIORITY= null
	DOCUMENTS= [PDF]
	IP_SRC_VER_4= null
	IP_DST_VER_4= null
	SCRIPTS= null
	BANDWITH= null
	DAY= null
	BODY= null
	VLAN_TAG= null
ACTION:
	LOG_TRAFFIC
	DENY_TRAFFIC
	ALLOW_TRAFFIC
	COUNT
	ALERT
------------------------------------------------------------------------------------------------------------------------------------
Manifest NAME= VNF4
FIELD:
	PORT_SRC= null
	PROTO= [UDP]
	IP_SRC_VER_4= null
ACTION:
	PROTECT_INTEGRITY
	AUTHN_TRAFFIC:DSA
	AUTHN_TRAFFIC:ECDSA
	PROTECT_CONFIDENTIALITY
	NAT_TRAFFIC
	ENCRYPT_TRAFFIC
	AUTHN_TRAFFIC
------------------------------------------------------------------------------------------------------------------------------------
Manifest NAME= VNF5
FIELD:
	IP_DST_VER_4= null
	PORT_DST= null
	PORT_SRC= null
	PROTO= null
	IP_SRC_VER_4= null
ACTION:
	DENY_TRAFFIC
> Unmarshall REQUIREMENTS ended in :66ms Element: 1
------------------------------------------------------------------------------------------------------------------------------------
------------------------------------------------------------------------------------------------------------------------------------
	 REQUIREMENT = 1
------------------------------------------------------------------------------------------------------------------------------------
FIELD = URLS	VALUE = [http://example.com/provapage.html]
FIELD = PORT_DST	VALUE = [100-10500]
FIELD = PROTO	VALUE = [TCP]
FIELD = TIME	VALUE = [Sunday;00:10:33;12:15:22, Monday;01:10:33;12:15:22]
FIELD = DAY	VALUE = [Monday, Friday, Sunday]
FIELD = DOCUMENTS	VALUE = [DOCX, PDF]
FIELD = IP_SRC_VER_4	VALUE = [10.0.3.21/24]
------------------------------------------------------------------------------------------------------------------------------------
Order Position = 1	LOG_TRAFFIC
Order Position = 2	DENY_TRAFFIC
Order Position = 2	COUNT
------------------------------------------------------------------------------------------------------------------------------------
ID= 374426906	Fields= {PROTO=[TCP], IP_SRC_VER_4=[10.0.3.21/24]}	Action= [DENY_TRAFFIC, COUNT]	VNFS= [VNF9]
ID= 1466713889	Fields= {URLS=[http://example.com/provapage.html], PORT_DST=[100-10500], PROTO=[TCP], TIME=[Sunday;00:10:33;12:15:22, Monday;01:10:33;12:15:22], DAY=[Monday, Friday, Sunday], DOCUMENTS=[DOCX, PDF], IP_SRC_VER_4=[10.0.3.21/24]}	Action= [LOG_TRAFFIC, DENY_TRAFFIC, COUNT]	VNFS= [VNF2]
ID= 2060728516	Fields= {URLS=[http://example.com/provapage.html], PORT_DST=[100-10500], PROTO=[TCP], TIME=[Sunday;00:10:33;12:15:22, Monday;01:10:33;12:15:22], DAY=[Monday, Friday, Sunday], DOCUMENTS=[PDF], IP_SRC_VER_4=[10.0.3.21/24]}	Action= [LOG_TRAFFIC, DENY_TRAFFIC, COUNT]	VNFS= [VNF3]
ID= 1248253612	Fields= {PORT_DST=[100-10500], PROTO=[TCP], IP_SRC_VER_4=[10.0.3.21/24]}	Action= [DENY_TRAFFIC, COUNT]	VNFS= [VNF7]
ID= 69553338	Fields= {PROTO=[TCP], IP_SRC_VER_4=[10.0.3.21/24]}	Action= [LOG_TRAFFIC]	VNFS= [VNF8]
ID= 412528760	Fields= {PORT_DST=[100-10500], PROTO=[TCP], IP_SRC_VER_4=[10.0.3.21/24]}	Action= [LOG_TRAFFIC]	VNFS= [VNF6]
ID= 309254920	Fields= {URLS=[NOT_CONF_MAKE_DEC], PORT_DST=[100-10500], PROTO=[TCP], TIME=[Sunday;00:10:33;12:15:22, Monday;01:10:33;12:15:22], DAY=[Monday, Friday, Sunday], DOCUMENTS=[NOT_CONF_MAKE_DEC], IP_SRC_VER_4=[10.0.3.21/24]}	Action= [LOG_TRAFFIC, DENY_TRAFFIC, COUNT]	VNFS= [VNF1]
------------------------------------------------------------------------------------------------------------------------------------
Finding chaining = 22ms
Requirement_1:SOL_0	
	FUNCTION_ID=309254920	[LOG_TRAFFIC@309254920, DENY_TRAFFIC@309254920, COUNT@309254920]
SAT= PARTIAL
Requirement_1:SOL_1	
	FUNCTION_ID=1466713889	[LOG_TRAFFIC@1466713889]
	FUNCTION_ID=374426906	[DENY_TRAFFIC@374426906, COUNT@374426906]
SAT= COMPLETE
Requirement_1:SOL_10	
	FUNCTION_ID=1466713889	[LOG_TRAFFIC@1466713889]
	FUNCTION_ID=2060728516	[DENY_TRAFFIC@2060728516, COUNT@2060728516]
SAT= COMPLETE
Requirement_1:SOL_11	
	FUNCTION_ID=1466713889	[LOG_TRAFFIC@1466713889]
	FUNCTION_ID=1248253612	[DENY_TRAFFIC@1248253612, COUNT@1248253612]
SAT= COMPLETE
Requirement_1:SOL_12	
	FUNCTION_ID=412528760	[LOG_TRAFFIC@412528760]
	FUNCTION_ID=374426906	[DENY_TRAFFIC@374426906, COUNT@374426906]
SAT= PARTIAL
Requirement_1:SOL_13	
	FUNCTION_ID=309254920	[LOG_TRAFFIC@309254920]
	FUNCTION_ID=374426906	[DENY_TRAFFIC@374426906, COUNT@374426906]
SAT= PARTIAL
Requirement_1:SOL_14	
	FUNCTION_ID=412528760	[LOG_TRAFFIC@412528760]
	FUNCTION_ID=1466713889	[DENY_TRAFFIC@1466713889, COUNT@1466713889]
SAT= COMPLETE
Requirement_1:SOL_15	
	FUNCTION_ID=309254920	[LOG_TRAFFIC@309254920]
	FUNCTION_ID=1466713889	[DENY_TRAFFIC@1466713889, COUNT@1466713889]
SAT= COMPLETE
Requirement_1:SOL_16	
	FUNCTION_ID=309254920	[LOG_TRAFFIC@309254920]
	FUNCTION_ID=2060728516	[DENY_TRAFFIC@2060728516, COUNT@2060728516]
SAT= PARTIAL
Requirement_1:SOL_17	
	FUNCTION_ID=412528760	[LOG_TRAFFIC@412528760]
	FUNCTION_ID=2060728516	[DENY_TRAFFIC@2060728516, COUNT@2060728516]
SAT= PARTIAL
Requirement_1:SOL_18	
	FUNCTION_ID=309254920	[LOG_TRAFFIC@309254920]
	FUNCTION_ID=1248253612	[DENY_TRAFFIC@1248253612, COUNT@1248253612]
SAT= PARTIAL
Requirement_1:SOL_19	
	FUNCTION_ID=69553338	[LOG_TRAFFIC@69553338]
	FUNCTION_ID=1466713889	[DENY_TRAFFIC@1466713889, COUNT@1466713889]
SAT= COMPLETE
Requirement_1:SOL_2	
	FUNCTION_ID=2060728516	[LOG_TRAFFIC@2060728516]
	FUNCTION_ID=374426906	[DENY_TRAFFIC@374426906, COUNT@374426906]
SAT= PARTIAL
Requirement_1:SOL_20	
	FUNCTION_ID=69553338	[LOG_TRAFFIC@69553338]
	FUNCTION_ID=2060728516	[DENY_TRAFFIC@2060728516, COUNT@2060728516]
SAT= PARTIAL
Requirement_1:SOL_21	
	FUNCTION_ID=69553338	[LOG_TRAFFIC@69553338]
	FUNCTION_ID=309254920	[DENY_TRAFFIC@309254920, COUNT@309254920]
SAT= PARTIAL
Requirement_1:SOL_22	
	FUNCTION_ID=69553338	[LOG_TRAFFIC@69553338]
	FUNCTION_ID=1248253612	[DENY_TRAFFIC@1248253612, COUNT@1248253612]
SAT= PARTIAL
Requirement_1:SOL_23	
	FUNCTION_ID=412528760	[LOG_TRAFFIC@412528760]
	FUNCTION_ID=1248253612	[DENY_TRAFFIC@1248253612, COUNT@1248253612]
SAT= PARTIAL
Requirement_1:SOL_24	
	FUNCTION_ID=412528760	[LOG_TRAFFIC@412528760]
	FUNCTION_ID=309254920	[DENY_TRAFFIC@309254920, COUNT@309254920]
SAT= PARTIAL
Requirement_1:SOL_3	
	FUNCTION_ID=2060728516	[LOG_TRAFFIC@2060728516]
	FUNCTION_ID=1466713889	[DENY_TRAFFIC@1466713889, COUNT@1466713889]
SAT= COMPLETE
Requirement_1:SOL_4	
	FUNCTION_ID=69553338	[LOG_TRAFFIC@69553338]
	FUNCTION_ID=374426906	[DENY_TRAFFIC@374426906, COUNT@374426906]
SAT= PARTIAL
Requirement_1:SOL_5	
	FUNCTION_ID=2060728516	[LOG_TRAFFIC@2060728516, DENY_TRAFFIC@2060728516, COUNT@2060728516]
SAT= PARTIAL
Requirement_1:SOL_6	
	FUNCTION_ID=2060728516	[LOG_TRAFFIC@2060728516]
	FUNCTION_ID=309254920	[DENY_TRAFFIC@309254920, COUNT@309254920]
SAT= PARTIAL
Requirement_1:SOL_7	
	FUNCTION_ID=2060728516	[LOG_TRAFFIC@2060728516]
	FUNCTION_ID=1248253612	[DENY_TRAFFIC@1248253612, COUNT@1248253612]
SAT= PARTIAL
Requirement_1:SOL_8	
	FUNCTION_ID=1466713889	[LOG_TRAFFIC@1466713889, DENY_TRAFFIC@1466713889, COUNT@1466713889]
SAT= COMPLETE
Requirement_1:SOL_9	
	FUNCTION_ID=1466713889	[LOG_TRAFFIC@1466713889]
	FUNCTION_ID=309254920	[DENY_TRAFFIC@309254920, COUNT@309254920]
SAT= COMPLETE
ALL REQUIREMENT HAS BEEN PROCESSED AND ARE TERMINATED IN = 91ms
************* TOOL ENABLED by tools.xml file *************
------------------------------------------------------------------------------------------------------------------------------------
Neo4jDB status=false
Marshall on file status=true
Output on file status=false
------------------------------------------------------------------------------------------------------------------------------------
> Unmarshall MANIFEST ended - Find =  10
------------------------------------------------------------------------------------------------------------------------------------
------------------------------------------------------------------------------------------------------------------------------------
Manifest NAME= VNF6
FIELD:
	IP_DST_VER_4= null
	PORT_DST= null
	PORT_SRC= null
	PROTO= null
	IP_SRC_VER_6= null
	IP_DST_VER_6= null
	IP_SRC_VER_4= null
ACTION:
	REMARK_PACKET
	LOG_TRAFFIC
	STORE_PACKET
	FORWARD_TRAFFIC
------------------------------------------------------------------------------------------------------------------------------------
Manifest NAME= VNF7
FIELD:
	IP_DST_VER_4= null
	PORT_DST= null
	PORT_SRC= null
	PROTO= null
	IP_SRC_VER_4= null
ACTION:
	DENY_TRAFFIC
	ALLOW_TRAFFIC
	COUNT
	ALERT
------------------------------------------------------------------------------------------------------------------------------------
Manifest NAME= VNF8
FIELD:
	IP_DST_VER_4= null
	PROTO= null
	GEO_POSITION= null
	PRIORITY= null
	IP_SRC_VER_6= null
	IP_DST_VER_6= null
	IP_SRC_VER_4= null
ACTION:
	LOG_TRAFFIC
------------------------------------------------------------------------------------------------------------------------------------
Manifest NAME= VNF9
FIELD:
	PROTO= null
	IP_SRC_VER_6= null
	IP_SRC_VER_4= null
	VLAN_TAG= null
ACTION:
	REMARK_PACKET
	DENY_TRAFFIC
	COUNT
------------------------------------------------------------------------------------------------------------------------------------
Manifest NAME= VNF1
FIELD:
	URLS= null
	PORT_DST= null
	PORT_SRC= null
	PROTO= null
	TIME= null
	PRIORITY= null
	DOCUMENTS= [DOCX, PDF]
	IP_SRC_VER_4= null
	IP_DST_VER_4= null
	SCRIPTS= [JS, BASH]
	BANDWITH= null
	DAY= null
	BODY= null
	VLAN_TAG= null
ACTION:
	LOG_TRAFFIC
	DENY_TRAFFIC
	ALLOW_TRAFFIC
	COUNT
	ALERT
	ANTIVIRUS
------------------------------------------------------------------------------------------------------------------------------------
Manifest NAME= VNF2
FIELD:
	PORT_DST= null
	PORT_SRC= null
	PROTO= null
	TIME= null
	PRIORITY= null
	IP_SRC_VER_6= null
	SCRIPTS= [JS, BASH]
	BANDWITH= null
	DISPLACE= null
	IP_DST_VER_6= null
	DAY= null
	BODY= null
	VLAN_TAG= null
ACTION:
	PROTECT_INTEGRITY
	LOG_TRAFFIC
	DENY_TRAFFIC
	ALLOW_TRAFFIC
	COUNT
	ALERT
	PROTECT_INTEGRITY:SHA1
	PROTECT_INTEGRITY:SHA2
------------------------------------------------------------------------------------------------------------------------------------
Manifest NAME= VNF3
FIELD:
	IP_DST_VER_4= null
	PORT_DST= null
	PORT_SRC= null
	PROTO= [TCP, UDP]
	IP_SRC_VER_4= null
ACTION:
	ENCRYPT_TRAFFIC:AES128
	DENY_TRAFFIC
	STORE_PACKET
	ALLOW_TRAFFIC
	COUNT
	ENCRYPT_TRAFFIC:RSA
	ALERT
	ENCRYPT_TRAFFIC
------------------------------------------------------------------------------------------------------------------------------------
Manifest NAME= VNF10
FIELD:
	IP_DST_VER_4= null
	PORT_DST= null
	PORT_SRC= null
	PROTO= [TCP, UDP, SMTP, HTTPS]
	IP_SRC_VER_6= null
	IP_DST_VER_6= null
	IP_SRC_VER_4= null
ACTION:
	PROTECT_INTEGRITY
	LOG_TRAFFIC
	ALERT
	PROTECT_INTEGRITY:SHA1
	PROTECT_INTEGRITY:SHA2
------------------------------------------------------------------------------------------------------------------------------------
Manifest NAME= VNF4
FIELD:
	PORT_SRC= null
	PROTO= [UDP]
	IP_SRC_VER_4= null
ACTION:
	PROTECT_INTEGRITY
	AUTHN_TRAFFIC:DSA
	AUTHN_TRAFFIC:ECDSA
	PROTECT_CONFIDENTIALITY
	NAT_TRAFFIC
	ENCRYPT_TRAFFIC
	AUTHN_TRAFFIC
------------------------------------------------------------------------------------------------------------------------------------
Manifest NAME= VNF5
FIELD:
	IP_DST_VER_4= null
	PORT_DST= null
	PORT_SRC= null
	PROTO= null
	IP_SRC_VER_4= null
ACTION:
	DENY_TRAFFIC
> Unmarshall REQUIREMENTS ended in :55ms Element: 1
------------------------------------------------------------------------------------------------------------------------------------
------------------------------------------------------------------------------------------------------------------------------------
	 REQUIREMENT = 1
------------------------------------------------------------------------------------------------------------------------------------
FIELD = URLS	VALUE = [http://example.com/provapage.html]
FIELD = PORT_DST	VALUE = [100-10500]
FIELD = PROTO	VALUE = [TCP]
FIELD = TIME	VALUE = [Sunday;00:10:33;12:15:22, Monday;01:10:33;12:15:22]
FIELD = DAY	VALUE = [Monday, Friday, Sunday]
FIELD = DOCUMENTS	VALUE = [DOCX, PDF]
FIELD = IP_SRC_VER_4	VALUE = [10.0.3.21/24]
------------------------------------------------------------------------------------------------------------------------------------
Order Position = 1	LOG_TRAFFIC
Order Position = 2	DENY_TRAFFIC
Order Position = 2	COUNT
------------------------------------------------------------------------------------------------------------------------------------
ID= 392403441	Fields= {PROTO=[TCP], IP_SRC_VER_4=[10.0.3.21/24]}	Action= [DENY_TRAFFIC, COUNT]	VNFS= [VNF9]
ID= 1449038794	Fields= {PORT_DST=[100-10500], PROTO=[TCP], TIME=[Sunday;00:10:33;12:15:22, Monday;01:10:33;12:15:22], DAY=[Monday, Friday, Sunday]}	Action= [LOG_TRAFFIC, DENY_TRAFFIC, COUNT]	VNFS= [VNF2]
ID= 325408622	Fields= {PORT_DST=[100-10500], PROTO=[TCP], IP_SRC_VER_4=[10.0.3.21/24]}	Action= [DENY_TRAFFIC, COUNT]	VNFS= [VNF7, VNF3]
ID= 324800453	Fields= {URLS=[NOT_CONF_MAKE_DEC], PORT_DST=[100-10500], PROTO=[TCP], TIME=[Sunday;00:10:33;12:15:22, Monday;01:10:33;12:15:22], DAY=[Monday, Friday, Sunday], DOCUMENTS=[DOCX, PDF], IP_SRC_VER_4=[10.0.3.21/24]}	Action= [LOG_TRAFFIC, DENY_TRAFFIC, COUNT]	VNFS= [VNF1]
ID= 1710032485	Fields= {PROTO=[TCP], IP_SRC_VER_4=[10.0.3.21/24]}	Action= [LOG_TRAFFIC]	VNFS= [VNF8]
ID= 430204085	Fields= {PORT_DST=[100-10500], PROTO=[TCP], IP_SRC_VER_4=[10.0.3.21/24]}	Action= [LOG_TRAFFIC]	VNFS= [VNF6, VNF10]
------------------------------------------------------------------------------------------------------------------------------------
Finding chaining = 2ms
Requirement_1:SOL_0	
	FUNCTION_ID=430204085	[LOG_TRAFFIC@430204085]
	FUNCTION_ID=324800453	[DENY_TRAFFIC@324800453, COUNT@324800453]
SAT= PARTIAL
Requirement_1:SOL_1	
	FUNCTION_ID=1449038794	[LOG_TRAFFIC@1449038794]
	FUNCTION_ID=392403441	[DENY_TRAFFIC@392403441, COUNT@392403441]
SAT= PARTIAL
Requirement_1:SOL_10	
	FUNCTION_ID=430204085	[LOG_TRAFFIC@430204085]
	FUNCTION_ID=392403441	[DENY_TRAFFIC@392403441, COUNT@392403441]
SAT= PARTIAL
Requirement_1:SOL_11	
	FUNCTION_ID=430204085	[LOG_TRAFFIC@430204085]
	FUNCTION_ID=1449038794	[DENY_TRAFFIC@1449038794, COUNT@1449038794]
SAT= PARTIAL
Requirement_1:SOL_12	
	FUNCTION_ID=430204085	[LOG_TRAFFIC@430204085]
	FUNCTION_ID=325408622	[DENY_TRAFFIC@325408622, COUNT@325408622]
SAT= PARTIAL
Requirement_1:SOL_13	
	FUNCTION_ID=1710032485	[LOG_TRAFFIC@1710032485]
	FUNCTION_ID=1449038794	[DENY_TRAFFIC@1449038794, COUNT@1449038794]
SAT= PARTIAL
Requirement_1:SOL_14	
	FUNCTION_ID=1710032485	[LOG_TRAFFIC@1710032485]
	FUNCTION_ID=325408622	[DENY_TRAFFIC@325408622, COUNT@325408622]
SAT= PARTIAL
Requirement_1:SOL_15	
	FUNCTION_ID=1710032485	[LOG_TRAFFIC@1710032485]
	FUNCTION_ID=324800453	[DENY_TRAFFIC@324800453, COUNT@324800453]
SAT= PARTIAL
Requirement_1:SOL_2	
	FUNCTION_ID=324800453	[LOG_TRAFFIC@324800453]
	FUNCTION_ID=392403441	[DENY_TRAFFIC@392403441, COUNT@392403441]
SAT= PARTIAL
Requirement_1:SOL_3	
	FUNCTION_ID=324800453	[LOG_TRAFFIC@324800453]
	FUNCTION_ID=1449038794	[DENY_TRAFFIC@1449038794, COUNT@1449038794]
SAT= PARTIAL
Requirement_1:SOL_4	
	FUNCTION_ID=1710032485	[LOG_TRAFFIC@1710032485]
	FUNCTION_ID=392403441	[DENY_TRAFFIC@392403441, COUNT@392403441]
SAT= PARTIAL
Requirement_1:SOL_5	
	FUNCTION_ID=324800453	[LOG_TRAFFIC@324800453]
	FUNCTION_ID=325408622	[DENY_TRAFFIC@325408622, COUNT@325408622]
SAT= PARTIAL
Requirement_1:SOL_6	
	FUNCTION_ID=324800453	[LOG_TRAFFIC@324800453, DENY_TRAFFIC@324800453, COUNT@324800453]
SAT= PARTIAL
Requirement_1:SOL_7	
	FUNCTION_ID=1449038794	[LOG_TRAFFIC@1449038794, DENY_TRAFFIC@1449038794, COUNT@1449038794]
SAT= PARTIAL
Requirement_1:SOL_8	
	FUNCTION_ID=1449038794	[LOG_TRAFFIC@1449038794]
	FUNCTION_ID=324800453	[DENY_TRAFFIC@324800453, COUNT@324800453]
SAT= PARTIAL
Requirement_1:SOL_9	
	FUNCTION_ID=1449038794	[LOG_TRAFFIC@1449038794]
	FUNCTION_ID=325408622	[DENY_TRAFFIC@325408622, COUNT@325408622]
SAT= PARTIAL
ALL REQUIREMENT HAS BEEN PROCESSED AND ARE TERMINATED IN = 64ms
************* TOOL ENABLED by tools.xml file *************
------------------------------------------------------------------------------------------------------------------------------------
Neo4jDB status=false
Marshall on file status=true
Output on file status=false
------------------------------------------------------------------------------------------------------------------------------------
> Unmarshall MANIFEST ended - Find =  2
------------------------------------------------------------------------------------------------------------------------------------
------------------------------------------------------------------------------------------------------------------------------------
Manifest NAME= VNF1
FIELD:
	URLS= null
	PORT_DST= null
	PORT_SRC= null
	PROTO= null
	TIME= null
	PRIORITY= null
	DOCUMENTS= null
	IP_SRC_VER_4= null
	IP_DST_VER_4= null
	SCRIPTS= null
	BANDWITH= null
	DAY= null
	BODY= null
	VLAN_TAG= null
ACTION:
	LOG_TRAFFIC
	DENY_TRAFFIC
	ALLOW_TRAFFIC
	COUNT
	ALERT
------------------------------------------------------------------------------------------------------------------------------------
Manifest NAME= VNF2
FIELD:
	URLS= null
	PORT_DST= null
	PORT_SRC= null
	PROTO= null
	TIME= null
	PRIORITY= null
	DOCUMENTS= null
	IP_SRC_VER_4= null
	IP_DST_VER_4= null
	SCRIPTS= null
	BANDWITH= null
	DAY= null
	BODY= null
	VLAN_TAG= null
ACTION:
	LOG_TRAFFIC
	DENY_TRAFFIC
	ALLOW_TRAFFIC
	COUNT
	ALERT
> Unmarshall REQUIREMENTS ended in :83ms Element: 2
------------------------------------------------------------------------------------------------------------------------------------
------------------------------------------------------------------------------------------------------------------------------------
	 REQUIREMENT = 1
------------------------------------------------------------------------------------------------------------------------------------
FIELD = URLS	VALUE = [http://example.com/provapage.html]
FIELD = PORT_DST	VALUE = [100-10500]
FIELD = PROTO	VALUE = [*]
FIELD = TIME	VALUE = [Sunday;00:10:33;12:15:22, *;01:10:33;12:15:22]
FIELD = DOMAINS	VALUE = [mydomain.it]
FIELD = DAY	VALUE = [Sunday, *]
FIELD = DOCUMENTS	VALUE = [PDF]
FIELD = IP_SRC_VER_4	VALUE = [10.0.3.21/24]
------------------------------------------------------------------------------------------------------------------------------------
Order Position = 1	LOG_TRAFFIC
Order Position = 1	ALERT
Order Position = 2	PROTECT_INTEGRITY:SHA2
Order Position = 3	DENY_TRAFFIC
Order Position = 3	COUNT
------------------------------------------------------------------------------------------------------------------------------------
ID= 1023602553	Fields= {URLS=[http://example.com/provapage.html], PORT_DST=[100-10500], PROTO=[*], TIME=[Sunday;00:10:33;12:15:22, *;01:10:33;12:15:22], DAY=[Sunday, *], DOCUMENTS=[PDF], IP_SRC_VER_4=[10.0.3.21/24]}	Action= [LOG_TRAFFIC, DENY_TRAFFIC, COUNT, ALERT]	VNFS= [VNF2]
ID= 170282170	Fields= {URLS=[NOT_CONF_MAKE_DEC], PORT_DST=[100-10500], PROTO=[*], TIME=[Sunday;00:10:33;12:15:22, *;01:10:33;12:15:22], DAY=[Sunday, *], DOCUMENTS=[NOT_CONF_MAKE_DEC], IP_SRC_VER_4=[10.0.3.21/24]}	Action= [LOG_TRAFFIC, DENY_TRAFFIC, COUNT, ALERT]	VNFS= [VNF1]
------------------------------------------------------------------------------------------------------------------------------------
Optimization was stopped with status infeasible
Finding chaining = 12ms
------------------------------------------------------------------------------------------------------------------------------------
	 REQUIREMENT = 2
------------------------------------------------------------------------------------------------------------------------------------
FIELD = PORT_SRC	VALUE = [100-10500]
FIELD = PROTO	VALUE = [TCP]
FIELD = DOCUMENTS	VALUE = [DOCX, PDF]
FIELD = IP_SRC_VER_4	VALUE = [10.0.3.21/24]
------------------------------------------------------------------------------------------------------------------------------------
Order Position = 1	LOG_TRAFFIC
Order Position = 1	ALERT
Order Position = 2	STORE_PACKET
------------------------------------------------------------------------------------------------------------------------------------
ID= 1387456560	Fields= {PORT_SRC=[100-10500], PROTO=[TCP], DOCUMENTS=[DOCX, PDF], IP_SRC_VER_4=[10.0.3.21/24]}	Action= [LOG_TRAFFIC, ALERT]	VNFS= [VNF2]
ID= 831217719	Fields= {PORT_SRC=[100-10500], PROTO=[TCP], DOCUMENTS=[NOT_CONF_MAKE_DEC], IP_SRC_VER_4=[10.0.3.21/24]}	Action= [LOG_TRAFFIC, ALERT]	VNFS= [VNF1]
------------------------------------------------------------------------------------------------------------------------------------
Optimization was stopped with status infeasible
Finding chaining = 1ms
ALL REQUIREMENT HAS BEEN PROCESSED AND ARE TERMINATED IN = 140ms
************* TOOL ENABLED by tools.xml file *************
------------------------------------------------------------------------------------------------------------------------------------
Neo4jDB status=false
Marshall on file status=true
Output on file status=false
------------------------------------------------------------------------------------------------------------------------------------
> Unmarshall MANIFEST ended - Find =  3
------------------------------------------------------------------------------------------------------------------------------------
------------------------------------------------------------------------------------------------------------------------------------
Manifest NAME= VNF1
FIELD:
	URLS= null
	PORT_DST= null
	PORT_SRC= null
	PROTO= null
	TIME= null
	PRIORITY= null
	DOCUMENTS= null
	IP_SRC_VER_4= null
	IP_DST_VER_4= null
	SCRIPTS= null
	BANDWITH= null
	DAY= null
	BODY= null
	VLAN_TAG= null
ACTION:
	LOG_TRAFFIC
	DENY_TRAFFIC
	ALLOW_TRAFFIC
	COUNT
	ALERT
------------------------------------------------------------------------------------------------------------------------------------
Manifest NAME= VNF2
FIELD:
	URLS= null
	PORT_DST= null
	PORT_SRC= null
	PROTO= null
	TIME= null
	PRIORITY= null
	DOCUMENTS= null
	IP_SRC_VER_4= null
	IP_DST_VER_4= null
	SCRIPTS= null
	BANDWITH= null
	DAY= null
	BODY= null
	VLAN_TAG= null
ACTION:
	LOG_TRAFFIC
	DENY_TRAFFIC
	ALLOW_TRAFFIC
	COUNT
	ALERT
------------------------------------------------------------------------------------------------------------------------------------
Manifest NAME= VNF3
FIELD:
	URLS= null
	PORT_DST= null
	PORT_SRC= null
	PROTO= null
	TIME= null
	PRIORITY= null
	DOCUMENTS= [PDF]
	IP_SRC_VER_4= null
	IP_DST_VER_4= null
	SCRIPTS= null
	BANDWITH= null
	DAY= null
	BODY= null
	VLAN_TAG= null
ACTION:
	LOG_TRAFFIC
	DENY_TRAFFIC
	ALLOW_TRAFFIC
	COUNT
	ALERT
> Unmarshall REQUIREMENTS ended in :66ms Element: 3
------------------------------------------------------------------------------------------------------------------------------------
------------------------------------------------------------------------------------------------------------------------------------
	 REQUIREMENT = 1
------------------------------------------------------------------------------------------------------------------------------------
FIELD = URLS	VALUE = [http://example.com/provapage.html]
FIELD = PORT_DST	VALUE = [100-10500]
FIELD = PROTO	VALUE = [*]
FIELD = TIME	VALUE = [Sunday;00:10:33;12:15:22, *;01:10:33;12:15:22]
FIELD = DOMAINS	VALUE = [mydomain.it]
FIELD = DAY	VALUE = [Sunday, *]
FIELD = DOCUMENTS	VALUE = [PDF]
FIELD = IP_SRC_VER_4	VALUE = [10.0.3.21/24]
------------------------------------------------------------------------------------------------------------------------------------
Order Position = 1	LOG_TRAFFIC
Order Position = 1	ALERT
Order Position = 2	PROTECT_INTEGRITY:SHA2
Order Position = 3	DENY_TRAFFIC
Order Position = 3	COUNT
------------------------------------------------------------------------------------------------------------------------------------
ID= 1919209873	Fields= {URLS=[http://example.com/provapage.html], PORT_DST=[100-10500], PROTO=[*], TIME=[Sunday;00:10:33;12:15:22, *;01:10:33;12:15:22], DAY=[Sunday, *], DOCUMENTS=[PDF], IP_SRC_VER_4=[10.0.3.21/24]}	Action= [LOG_TRAFFIC, DENY_TRAFFIC, COUNT, ALERT]	VNFS= [VNF2, VNF3]
ID= 2064098986	Fields= {URLS=[NOT_CONF_MAKE_DEC], PORT_DST=[100-10500], PROTO=[*], TIME=[Sunday;00:10:33;12:15:22, *;01:10:33;12:15:22], DAY=[Sunday, *], DOCUMENTS=[NOT_CONF_MAKE_DEC], IP_SRC_VER_4=[10.0.3.21/24]}	Action= [LOG_TRAFFIC, DENY_TRAFFIC, COUNT, ALERT]	VNFS= [VNF1]
------------------------------------------------------------------------------------------------------------------------------------
Optimization was stopped with status infeasible
Finding chaining = 1ms
------------------------------------------------------------------------------------------------------------------------------------
	 REQUIREMENT = 2
------------------------------------------------------------------------------------------------------------------------------------
FIELD = PORT_SRC	VALUE = [100-10500]
FIELD = PROTO	VALUE = [TCP]
FIELD = DOCUMENTS	VALUE = [DOCX, PDF]
FIELD = IP_SRC_VER_4	VALUE = [10.0.3.21/24]
------------------------------------------------------------------------------------------------------------------------------------
Order Position = 1	LOG_TRAFFIC
Order Position = 1	ALERT
Order Position = 2	STORE_PACKET
------------------------------------------------------------------------------------------------------------------------------------
ID= 1374275843	Fields= {PORT_SRC=[100-10500], PROTO=[TCP], DOCUMENTS=[PDF], IP_SRC_VER_4=[10.0.3.21/24]}	Action= [LOG_TRAFFIC, ALERT]	VNFS= [VNF3]
ID= 356213257	Fields= {PORT_SRC=[100-10500], PROTO=[TCP], DOCUMENTS=[DOCX, PDF], IP_SRC_VER_4=[10.0.3.21/24]}	Action= [LOG_TRAFFIC, ALERT]	VNFS= [VNF2]
ID= 85576773	Fields= {PORT_SRC=[100-10500], PROTO=[TCP], DOCUMENTS=[NOT_CONF_MAKE_DEC], IP_SRC_VER_4=[10.0.3.21/24]}	Action= [LOG_TRAFFIC, ALERT]	VNFS= [VNF1]
------------------------------------------------------------------------------------------------------------------------------------
Optimization was stopped with status infeasible
Finding chaining = 3ms
------------------------------------------------------------------------------------------------------------------------------------
	 REQUIREMENT = 3
------------------------------------------------------------------------------------------------------------------------------------
FIELD = IP_DST_VER_4	VALUE = [10.0.3.21/24]
FIELD = PORT_DST	VALUE = [100-10500]
FIELD = PROTO	VALUE = [UDP]
FIELD = GEOPOSITION	VALUE = [Europa]
FIELD = TIME	VALUE = [*]
FIELD = DAY	VALUE = [*]
FIELD = DOCUMENTS	VALUE = [DOCX, PDF]
FIELD = BODY	VALUE = [*]
FIELD = IP_SRC_VER_4	VALUE = [*]
FIELD = VLAN_TAG	VALUE = [3]
------------------------------------------------------------------------------------------------------------------------------------
Order Position = 1	LOG_TRAFFIC
Order Position = 2	REMARK_PACKET:VlanTag
------------------------------------------------------------------------------------------------------------------------------------
ID= 1152695194	Fields= {IP_DST_VER_4=[10.0.3.21/24], PORT_DST=[100-10500], PROTO=[UDP], TIME=[*], DAY=[*], DOCUMENTS=[NOT_CONF_MAKE_DEC], BODY=[*], IP_SRC_VER_4=[*], VLAN_TAG=[NOT_CONF_MAKE_DEC]}	Action= [LOG_TRAFFIC]	VNFS= [VNF1]
ID= 915791929	Fields= {IP_DST_VER_4=[10.0.3.21/24], PORT_DST=[100-10500], PROTO=[UDP], TIME=[*], DAY=[*], DOCUMENTS=[PDF], BODY=[*], IP_SRC_VER_4=[*], VLAN_TAG=[NOT_CONF_MAKE_DEC]}	Action= [LOG_TRAFFIC]	VNFS= [VNF3]
ID= 649512014	Fields= {IP_DST_VER_4=[10.0.3.21/24], PORT_DST=[100-10500], PROTO=[UDP], TIME=[*], DAY=[*], DOCUMENTS=[DOCX, PDF], BODY=[*], IP_SRC_VER_4=[*], VLAN_TAG=[NOT_CONF_MAKE_DEC]}	Action= [LOG_TRAFFIC]	VNFS= [VNF2]
------------------------------------------------------------------------------------------------------------------------------------
Optimization was stopped with status infeasible
Finding chaining = 23ms
ALL REQUIREMENT HAS BEEN PROCESSED AND ARE TERMINATED IN = 225ms
************* TOOL ENABLED by tools.xml file *************
------------------------------------------------------------------------------------------------------------------------------------
Neo4jDB status=false
Marshall on file status=true
Output on file status=false
------------------------------------------------------------------------------------------------------------------------------------
> Unmarshall MANIFEST ended - Find =  4
------------------------------------------------------------------------------------------------------------------------------------
------------------------------------------------------------------------------------------------------------------------------------
Manifest NAME= VNF1
FIELD:
	URLS= null
	PORT_DST= null
	PORT_SRC= null
	PROTO= null
	TIME= null
	PRIORITY= null
	DOCUMENTS= null
	IP_SRC_VER_4= null
	IP_DST_VER_4= null
	SCRIPTS= null
	BANDWITH= null
	DAY= null
	BODY= null
	VLAN_TAG= null
ACTION:
	LOG_TRAFFIC
	DENY_TRAFFIC
	ALLOW_TRAFFIC
	COUNT
	ALERT
------------------------------------------------------------------------------------------------------------------------------------
Manifest NAME= VNF2
FIELD:
	URLS= null
	PORT_DST= null
	PORT_SRC= null
	PROTO= null
	TIME= null
	PRIORITY= null
	DOCUMENTS= null
	IP_SRC_VER_4= null
	IP_DST_VER_4= null
	SCRIPTS= null
	BANDWITH= null
	DAY= null
	BODY= null
	VLAN_TAG= null
ACTION:
	LOG_TRAFFIC
	DENY_TRAFFIC
	ALLOW_TRAFFIC
	COUNT
	ALERT
------------------------------------------------------------------------------------------------------------------------------------
Manifest NAME= VNF3
FIELD:
	URLS= null
	PORT_DST= null
	PORT_SRC= null
	PROTO= null
	TIME= null
	PRIORITY= null
	DOCUMENTS= [PDF]
	IP_SRC_VER_4= null
	IP_DST_VER_4= null
	SCRIPTS= null
	BANDWITH= null
	DAY= null
	BODY= null
	VLAN_TAG= null
ACTION:
	LOG_TRAFFIC
	DENY_TRAFFIC
	ALLOW_TRAFFIC
	COUNT
	ALERT
------------------------------------------------------------------------------------------------------------------------------------
Manifest NAME= VNF4
FIELD:
	PORT_SRC= null
	PROTO= [UDP]
	IP_SRC_VER_4= null
ACTION:
	PROTECT_INTEGRITY
	AUTHN_TRAFFIC:DSA
	AUTHN_TRAFFIC:ECDSA
	PROTECT_CONFIDENTIALITY
	NAT_TRAFFIC
	ENCRYPT_TRAFFIC
	AUTHN_TRAFFIC
> Unmarshall REQUIREMENTS ended in :123ms Element: 4
------------------------------------------------------------------------------------------------------------------------------------
------------------------------------------------------------------------------------------------------------------------------------
	 REQUIREMENT = 1
------------------------------------------------------------------------------------------------------------------------------------
FIELD = URLS	VALUE = [http://example.com/provapage.html]
FIELD = PORT_DST	VALUE = [100-10500]
FIELD = PROTO	VALUE = [*]
FIELD = TIME	VALUE = [Sunday;00:10:33;12:15:22, *;01:10:33;12:15:22]
FIELD = DOMAINS	VALUE = [mydomain.it]
FIELD = DAY	VALUE = [Sunday, *]
FIELD = DOCUMENTS	VALUE = [PDF]
FIELD = IP_SRC_VER_4	VALUE = [10.0.3.21/24]
------------------------------------------------------------------------------------------------------------------------------------
Order Position = 1	LOG_TRAFFIC
Order Position = 1	ALERT
Order Position = 2	PROTECT_INTEGRITY:SHA2
Order Position = 3	DENY_TRAFFIC
Order Position = 3	COUNT
------------------------------------------------------------------------------------------------------------------------------------
ID= 353988396	Fields= {URLS=[http://example.com/provapage.html], PORT_DST=[100-10500], PROTO=[*], TIME=[Sunday;00:10:33;12:15:22, *;01:10:33;12:15:22], DAY=[Sunday, *], DOCUMENTS=[PDF], IP_SRC_VER_4=[10.0.3.21/24]}	Action= [LOG_TRAFFIC, DENY_TRAFFIC, COUNT, ALERT]	VNFS= [VNF2, VNF3]
ID= 1277597818	Fields= {URLS=[NOT_CONF_MAKE_DEC], PORT_DST=[100-10500], PROTO=[*], TIME=[Sunday;00:10:33;12:15:22, *;01:10:33;12:15:22], DAY=[Sunday, *], DOCUMENTS=[NOT_CONF_MAKE_DEC], IP_SRC_VER_4=[10.0.3.21/24]}	Action= [LOG_TRAFFIC, DENY_TRAFFIC, COUNT, ALERT]	VNFS= [VNF1]
------------------------------------------------------------------------------------------------------------------------------------
Optimization was stopped with status infeasible
Finding chaining = 1ms
------------------------------------------------------------------------------------------------------------------------------------
	 REQUIREMENT = 2
------------------------------------------------------------------------------------------------------------------------------------
FIELD = PORT_SRC	VALUE = [100-10500]
FIELD = PROTO	VALUE = [TCP]
FIELD = DOCUMENTS	VALUE = [DOCX, PDF]
FIELD = IP_SRC_VER_4	VALUE = [10.0.3.21/24]
------------------------------------------------------------------------------------------------------------------------------------
Order Position = 1	LOG_TRAFFIC
Order Position = 1	ALERT
Order Position = 2	STORE_PACKET
------------------------------------------------------------------------------------------------------------------------------------
ID= 1350275294	Fields= {PORT_SRC=[100-10500], PROTO=[TCP], DOCUMENTS=[PDF], IP_SRC_VER_4=[10.0.3.21/24]}	Action= [LOG_TRAFFIC, ALERT]	VNFS= [VNF3]
ID= 1155425355	Fields= {PORT_SRC=[100-10500], PROTO=[TCP], DOCUMENTS=[DOCX, PDF], IP_SRC_VER_4=[10.0.3.21/24]}	Action= [LOG_TRAFFIC, ALERT]	VNFS= [VNF2]
ID= 860938026	Fields= {PORT_SRC=[100-10500], PROTO=[TCP], DOCUMENTS=[NOT_CONF_MAKE_DEC], IP_SRC_VER_4=[10.0.3.21/24]}	Action= [LOG_TRAFFIC, ALERT]	VNFS= [VNF1]
------------------------------------------------------------------------------------------------------------------------------------
Optimization was stopped with status infeasible
Finding chaining = 0ms
------------------------------------------------------------------------------------------------------------------------------------
	 REQUIREMENT = 3
------------------------------------------------------------------------------------------------------------------------------------
FIELD = IP_DST_VER_4	VALUE = [10.0.3.21/24]
FIELD = PORT_DST	VALUE = [100-10500]
FIELD = PROTO	VALUE = [UDP]
FIELD = GEOPOSITION	VALUE = [Europa]
FIELD = TIME	VALUE = [*]
FIELD = DAY	VALUE = [*]
FIELD = DOCUMENTS	VALUE = [DOCX, PDF]
FIELD = BODY	VALUE = [*]
FIELD = IP_SRC_VER_4	VALUE = [*]
FIELD = VLAN_TAG	VALUE = [3]
------------------------------------------------------------------------------------------------------------------------------------
Order Position = 1	LOG_TRAFFIC
Order Position = 2	REMARK_PACKET:VlanTag
------------------------------------------------------------------------------------------------------------------------------------
ID= 2084316735	Fields= {IP_DST_VER_4=[10.0.3.21/24], PORT_DST=[100-10500], PROTO=[UDP], TIME=[*], DAY=[*], DOCUMENTS=[NOT_CONF_MAKE_DEC], BODY=[*], IP_SRC_VER_4=[*], VLAN_TAG=[NOT_CONF_MAKE_DEC]}	Action= [LOG_TRAFFIC]	VNFS= [VNF1]
ID= 1346735010	Fields= {IP_DST_VER_4=[10.0.3.21/24], PORT_DST=[100-10500], PROTO=[UDP], TIME=[*], DAY=[*], DOCUMENTS=[PDF], BODY=[*], IP_SRC_VER_4=[*], VLAN_TAG=[NOT_CONF_MAKE_DEC]}	Action= [LOG_TRAFFIC]	VNFS= [VNF3]
ID= 1110587325	Fields= {IP_DST_VER_4=[10.0.3.21/24], PORT_DST=[100-10500], PROTO=[UDP], TIME=[*], DAY=[*], DOCUMENTS=[DOCX, PDF], BODY=[*], IP_SRC_VER_4=[*], VLAN_TAG=[NOT_CONF_MAKE_DEC]}	Action= [LOG_TRAFFIC]	VNFS= [VNF2]
------------------------------------------------------------------------------------------------------------------------------------
Optimization was stopped with status infeasible
Finding chaining = 1ms
------------------------------------------------------------------------------------------------------------------------------------
	 REQUIREMENT = 4
------------------------------------------------------------------------------------------------------------------------------------
FIELD = URLS	VALUE = [http://mywebsitedomain.com/mypersonalpage.html]
FIELD = PORT_DST	VALUE = [100-10500]
FIELD = PROTO	VALUE = [UDP]
FIELD = TIME	VALUE = [Monday;23:10:33;12:10:22, Friday;00:10:33;12:15:22]
FIELD = DAY	VALUE = [Monday, Friday]
FIELD = IP_SRC_VER_4	VALUE = [10.0.3.21/24]
FIELD = MEDIAS	VALUE = [IMAGES]
------------------------------------------------------------------------------------------------------------------------------------
Order Position = -1	ENCRYPT_TRAFFIC:AES128
------------------------------------------------------------------------------------------------------------------------------------
<!> Requirement whit id= 4. No Functionality are found.
ALL REQUIREMENT HAS BEEN PROCESSED AND ARE TERMINATED IN = 565ms
************* TOOL ENABLED by tools.xml file *************
------------------------------------------------------------------------------------------------------------------------------------
Neo4jDB status=false
Marshall on file status=true
Output on file status=false
------------------------------------------------------------------------------------------------------------------------------------
> Unmarshall MANIFEST ended - Find =  5
------------------------------------------------------------------------------------------------------------------------------------
------------------------------------------------------------------------------------------------------------------------------------
Manifest NAME= VNF1
FIELD:
	URLS= null
	PORT_DST= null
	PORT_SRC= null
	PROTO= null
	TIME= null
	PRIORITY= null
	DOCUMENTS= null
	IP_SRC_VER_4= null
	IP_DST_VER_4= null
	SCRIPTS= null
	BANDWITH= null
	DAY= null
	BODY= null
	VLAN_TAG= null
ACTION:
	LOG_TRAFFIC
	DENY_TRAFFIC
	ALLOW_TRAFFIC
	COUNT
	ALERT
------------------------------------------------------------------------------------------------------------------------------------
Manifest NAME= VNF2
FIELD:
	URLS= null
	PORT_DST= null
	PORT_SRC= null
	PROTO= null
	TIME= null
	PRIORITY= null
	DOCUMENTS= null
	IP_SRC_VER_4= null
	IP_DST_VER_4= null
	SCRIPTS= null
	BANDWITH= null
	DAY= null
	BODY= null
	VLAN_TAG= null
ACTION:
	LOG_TRAFFIC
	DENY_TRAFFIC
	ALLOW_TRAFFIC
	COUNT
	ALERT
------------------------------------------------------------------------------------------------------------------------------------
Manifest NAME= VNF3
FIELD:
	URLS= null
	PORT_DST= null
	PORT_SRC= null
	PROTO= null
	TIME= null
	PRIORITY= null
	DOCUMENTS= [PDF]
	IP_SRC_VER_4= null
	IP_DST_VER_4= null
	SCRIPTS= null
	BANDWITH= null
	DAY= null
	BODY= null
	VLAN_TAG= null
ACTION:
	LOG_TRAFFIC
	DENY_TRAFFIC
	ALLOW_TRAFFIC
	COUNT
	ALERT
------------------------------------------------------------------------------------------------------------------------------------
Manifest NAME= VNF4
FIELD:
	PORT_SRC= null
	PROTO= [UDP]
	IP_SRC_VER_4= null
ACTION:
	PROTECT_INTEGRITY
	AUTHN_TRAFFIC:DSA
	AUTHN_TRAFFIC:ECDSA
	PROTECT_CONFIDENTIALITY
	NAT_TRAFFIC
	ENCRYPT_TRAFFIC
	AUTHN_TRAFFIC
------------------------------------------------------------------------------------------------------------------------------------
Manifest NAME= VNF5
FIELD:
	IP_DST_VER_4= null
	PORT_DST= null
	PORT_SRC= null
	PROTO= null
	IP_SRC_VER_4= null
ACTION:
	DENY_TRAFFIC
> Unmarshall REQUIREMENTS ended in :209ms Element: 5
------------------------------------------------------------------------------------------------------------------------------------
------------------------------------------------------------------------------------------------------------------------------------
	 REQUIREMENT = 1
------------------------------------------------------------------------------------------------------------------------------------
FIELD = URLS	VALUE = [http://example.com/provapage.html]
FIELD = PORT_DST	VALUE = [100-10500]
FIELD = PROTO	VALUE = [*]
FIELD = TIME	VALUE = [Sunday;00:10:33;12:15:22, *;01:10:33;12:15:22]
FIELD = DOMAINS	VALUE = [mydomain.it]
FIELD = DAY	VALUE = [Sunday, *]
FIELD = DOCUMENTS	VALUE = [PDF]
FIELD = IP_SRC_VER_4	VALUE = [10.0.3.21/24]
------------------------------------------------------------------------------------------------------------------------------------
Order Position = 1	LOG_TRAFFIC
Order Position = 1	ALERT
Order Position = 2	PROTECT_INTEGRITY:SHA2
Order Position = 3	DENY_TRAFFIC
Order Position = 3	COUNT
------------------------------------------------------------------------------------------------------------------------------------
ID= 10475170	Fields= {URLS=[http://example.com/provapage.html], PORT_DST=[100-10500], PROTO=[*], TIME=[Sunday;00:10:33;12:15:22, *;01:10:33;12:15:22], DAY=[Sunday, *], DOCUMENTS=[PDF], IP_SRC_VER_4=[10.0.3.21/24]}	Action= [LOG_TRAFFIC, DENY_TRAFFIC, COUNT, ALERT]	VNFS= [VNF2, VNF3]
ID= 1205058670	Fields= {URLS=[NOT_CONF_MAKE_DEC], PORT_DST=[100-10500], PROTO=[*], TIME=[Sunday;00:10:33;12:15:22, *;01:10:33;12:15:22], DAY=[Sunday, *], DOCUMENTS=[NOT_CONF_MAKE_DEC], IP_SRC_VER_4=[10.0.3.21/24]}	Action= [LOG_TRAFFIC, DENY_TRAFFIC, COUNT, ALERT]	VNFS= [VNF1]
------------------------------------------------------------------------------------------------------------------------------------
Optimization was stopped with status infeasible
Finding chaining = 2ms
------------------------------------------------------------------------------------------------------------------------------------
	 REQUIREMENT = 2
------------------------------------------------------------------------------------------------------------------------------------
FIELD = PORT_SRC	VALUE = [100-10500]
FIELD = PROTO	VALUE = [TCP]
FIELD = DOCUMENTS	VALUE = [DOCX, PDF]
FIELD = IP_SRC_VER_4	VALUE = [10.0.3.21/24]
------------------------------------------------------------------------------------------------------------------------------------
Order Position = 1	LOG_TRAFFIC
Order Position = 1	ALERT
Order Position = 2	STORE_PACKET
------------------------------------------------------------------------------------------------------------------------------------
ID= 1915673996	Fields= {PORT_SRC=[100-10500], PROTO=[TCP], DOCUMENTS=[PDF], IP_SRC_VER_4=[10.0.3.21/24]}	Action= [LOG_TRAFFIC, ALERT]	VNFS= [VNF3]
ID= 960271244	Fields= {PORT_SRC=[100-10500], PROTO=[TCP], DOCUMENTS=[DOCX, PDF], IP_SRC_VER_4=[10.0.3.21/24]}	Action= [LOG_TRAFFIC, ALERT]	VNFS= [VNF2]
ID= 1980734417	Fields= {PORT_SRC=[100-10500], PROTO=[TCP], DOCUMENTS=[NOT_CONF_MAKE_DEC], IP_SRC_VER_4=[10.0.3.21/24]}	Action= [LOG_TRAFFIC, ALERT]	VNFS= [VNF1]
------------------------------------------------------------------------------------------------------------------------------------
Optimization was stopped with status infeasible
Finding chaining = 1ms
------------------------------------------------------------------------------------------------------------------------------------
	 REQUIREMENT = 3
------------------------------------------------------------------------------------------------------------------------------------
FIELD = IP_DST_VER_4	VALUE = [10.0.3.21/24]
FIELD = PORT_DST	VALUE = [100-10500]
FIELD = PROTO	VALUE = [UDP]
FIELD = GEOPOSITION	VALUE = [Europa]
FIELD = TIME	VALUE = [*]
FIELD = DAY	VALUE = [*]
FIELD = DOCUMENTS	VALUE = [DOCX, PDF]
FIELD = BODY	VALUE = [*]
FIELD = IP_SRC_VER_4	VALUE = [*]
FIELD = VLAN_TAG	VALUE = [3]
------------------------------------------------------------------------------------------------------------------------------------
Order Position = 1	LOG_TRAFFIC
Order Position = 2	REMARK_PACKET:VlanTag
------------------------------------------------------------------------------------------------------------------------------------
ID= 273231714	Fields= {IP_DST_VER_4=[10.0.3.21/24], PORT_DST=[100-10500], PROTO=[UDP], TIME=[*], DAY=[*], DOCUMENTS=[NOT_CONF_MAKE_DEC], BODY=[*], IP_SRC_VER_4=[*], VLAN_TAG=[NOT_CONF_MAKE_DEC]}	Action= [LOG_TRAFFIC]	VNFS= [VNF1]
ID= 1307921764	Fields= {IP_DST_VER_4=[10.0.3.21/24], PORT_DST=[100-10500], PROTO=[UDP], TIME=[*], DAY=[*], DOCUMENTS=[PDF], BODY=[*], IP_SRC_VER_4=[*], VLAN_TAG=[NOT_CONF_MAKE_DEC]}	Action= [LOG_TRAFFIC]	VNFS= [VNF3]
ID= 15755929	Fields= {IP_DST_VER_4=[10.0.3.21/24], PORT_DST=[100-10500], PROTO=[UDP], TIME=[*], DAY=[*], DOCUMENTS=[DOCX, PDF], BODY=[*], IP_SRC_VER_4=[*], VLAN_TAG=[NOT_CONF_MAKE_DEC]}	Action= [LOG_TRAFFIC]	VNFS= [VNF2]
------------------------------------------------------------------------------------------------------------------------------------
Optimization was stopped with status infeasible
Finding chaining = 2ms
------------------------------------------------------------------------------------------------------------------------------------
	 REQUIREMENT = 4
------------------------------------------------------------------------------------------------------------------------------------
FIELD = URLS	VALUE = [http://mywebsitedomain.com/mypersonalpage.html]
FIELD = PORT_DST	VALUE = [100-10500]
FIELD = PROTO	VALUE = [UDP]
FIELD = TIME	VALUE = [Monday;23:10:33;12:10:22, Friday;00:10:33;12:15:22]
FIELD = DAY	VALUE = [Monday, Friday]
FIELD = IP_SRC_VER_4	VALUE = [10.0.3.21/24]
FIELD = MEDIAS	VALUE = [IMAGES]
------------------------------------------------------------------------------------------------------------------------------------
Order Position = -1	ENCRYPT_TRAFFIC:AES128
------------------------------------------------------------------------------------------------------------------------------------
<!> Requirement whit id= 4. No Functionality are found.
------------------------------------------------------------------------------------------------------------------------------------
	 REQUIREMENT = 5
------------------------------------------------------------------------------------------------------------------------------------
FIELD = PORT_DST	VALUE = [8080-9000]
FIELD = PROTO	VALUE = [UDP]
FIELD = TIME	VALUE = [*]
FIELD = DAY	VALUE = [*]
FIELD = IP_SRC_VER_4	VALUE = [10.0.3.21/24]
------------------------------------------------------------------------------------------------------------------------------------
Order Position = 1	LOG_TRAFFIC
Order Position = 2	LIMIT_BANDWIDTH:20Mbit/s
------------------------------------------------------------------------------------------------------------------------------------
ID= 2095250930	Fields= {PORT_DST=[8080-9000], PROTO=[UDP], TIME=[*], DAY=[*], IP_SRC_VER_4=[10.0.3.21/24]}	Action= [LOG_TRAFFIC]	VNFS= [VNF1, VNF2, VNF3]
------------------------------------------------------------------------------------------------------------------------------------
Optimization was stopped with status infeasible
Finding chaining = 2ms
ALL REQUIREMENT HAS BEEN PROCESSED AND ARE TERMINATED IN = 583ms
************* TOOL ENABLED by tools.xml file *************
------------------------------------------------------------------------------------------------------------------------------------
Neo4jDB status=false
Marshall on file status=true
Output on file status=false
------------------------------------------------------------------------------------------------------------------------------------
> Unmarshall MANIFEST ended - Find =  6
------------------------------------------------------------------------------------------------------------------------------------
------------------------------------------------------------------------------------------------------------------------------------
Manifest NAME= VNF6
FIELD:
	IP_DST_VER_4= null
	PORT_DST= null
	PORT_SRC= null
	PROTO= null
	IP_SRC_VER_6= null
	IP_DST_VER_6= null
	IP_SRC_VER_4= null
ACTION:
	REMARK_PACKET
	LOG_TRAFFIC
	STORE_PACKET
	FORWARD_TRAFFIC
------------------------------------------------------------------------------------------------------------------------------------
Manifest NAME= VNF1
FIELD:
	URLS= null
	PORT_DST= null
	PORT_SRC= null
	PROTO= null
	TIME= null
	PRIORITY= null
	DOCUMENTS= null
	IP_SRC_VER_4= null
	IP_DST_VER_4= null
	SCRIPTS= null
	BANDWITH= null
	DAY= null
	BODY= null
	VLAN_TAG= null
ACTION:
	LOG_TRAFFIC
	DENY_TRAFFIC
	ALLOW_TRAFFIC
	COUNT
	ALERT
------------------------------------------------------------------------------------------------------------------------------------
Manifest NAME= VNF2
FIELD:
	URLS= null
	PORT_DST= null
	PORT_SRC= null
	PROTO= null
	TIME= null
	PRIORITY= null
	DOCUMENTS= null
	IP_SRC_VER_4= null
	IP_DST_VER_4= null
	SCRIPTS= null
	BANDWITH= null
	DAY= null
	BODY= null
	VLAN_TAG= null
ACTION:
	LOG_TRAFFIC
	DENY_TRAFFIC
	ALLOW_TRAFFIC
	COUNT
	ALERT
------------------------------------------------------------------------------------------------------------------------------------
Manifest NAME= VNF3
FIELD:
	URLS= null
	PORT_DST= null
	PORT_SRC= null
	PROTO= null
	TIME= null
	PRIORITY= null
	DOCUMENTS= [PDF]
	IP_SRC_VER_4= null
	IP_DST_VER_4= null
	SCRIPTS= null
	BANDWITH= null
	DAY= null
	BODY= null
	VLAN_TAG= null
ACTION:
	LOG_TRAFFIC
	DENY_TRAFFIC
	ALLOW_TRAFFIC
	COUNT
	ALERT
------------------------------------------------------------------------------------------------------------------------------------
Manifest NAME= VNF4
FIELD:
	PORT_SRC= null
	PROTO= [UDP]
	IP_SRC_VER_4= null
ACTION:
	PROTECT_INTEGRITY
	AUTHN_TRAFFIC:DSA
	AUTHN_TRAFFIC:ECDSA
	PROTECT_CONFIDENTIALITY
	NAT_TRAFFIC
	ENCRYPT_TRAFFIC
	AUTHN_TRAFFIC
------------------------------------------------------------------------------------------------------------------------------------
Manifest NAME= VNF5
FIELD:
	IP_DST_VER_4= null
	PORT_DST= null
	PORT_SRC= null
	PROTO= null
	IP_SRC_VER_4= null
ACTION:
	DENY_TRAFFIC
> Unmarshall REQUIREMENTS ended in :226ms Element: 6
------------------------------------------------------------------------------------------------------------------------------------
------------------------------------------------------------------------------------------------------------------------------------
	 REQUIREMENT = 1
------------------------------------------------------------------------------------------------------------------------------------
FIELD = URLS	VALUE = [http://example.com/provapage.html]
FIELD = PORT_DST	VALUE = [100-10500]
FIELD = PROTO	VALUE = [*]
FIELD = TIME	VALUE = [Sunday;00:10:33;12:15:22, *;01:10:33;12:15:22]
FIELD = DOMAINS	VALUE = [mydomain.it]
FIELD = DAY	VALUE = [Sunday, *]
FIELD = DOCUMENTS	VALUE = [PDF]
FIELD = IP_SRC_VER_4	VALUE = [10.0.3.21/24]
------------------------------------------------------------------------------------------------------------------------------------
Order Position = 1	LOG_TRAFFIC
Order Position = 1	ALERT
Order Position = 2	PROTECT_INTEGRITY:SHA2
Order Position = 3	DENY_TRAFFIC
Order Position = 3	COUNT
------------------------------------------------------------------------------------------------------------------------------------
ID= 1602352611	Fields= {URLS=[http://example.com/provapage.html], PORT_DST=[100-10500], PROTO=[*], TIME=[Sunday;00:10:33;12:15:22, *;01:10:33;12:15:22], DAY=[Sunday, *], DOCUMENTS=[PDF], IP_SRC_VER_4=[10.0.3.21/24]}	Action= [LOG_TRAFFIC, DENY_TRAFFIC, COUNT, ALERT]	VNFS= [VNF2, VNF3]
ID= 324315333	Fields= {URLS=[NOT_CONF_MAKE_DEC], PORT_DST=[100-10500], PROTO=[*], TIME=[Sunday;00:10:33;12:15:22, *;01:10:33;12:15:22], DAY=[Sunday, *], DOCUMENTS=[NOT_CONF_MAKE_DEC], IP_SRC_VER_4=[10.0.3.21/24]}	Action= [LOG_TRAFFIC, DENY_TRAFFIC, COUNT, ALERT]	VNFS= [VNF1]
------------------------------------------------------------------------------------------------------------------------------------
Optimization was stopped with status infeasible
Finding chaining = 3ms
------------------------------------------------------------------------------------------------------------------------------------
	 REQUIREMENT = 2
------------------------------------------------------------------------------------------------------------------------------------
FIELD = PORT_SRC	VALUE = [100-10500]
FIELD = PROTO	VALUE = [TCP]
FIELD = DOCUMENTS	VALUE = [DOCX, PDF]
FIELD = IP_SRC_VER_4	VALUE = [10.0.3.21/24]
------------------------------------------------------------------------------------------------------------------------------------
Order Position = 1	LOG_TRAFFIC
Order Position = 1	ALERT
Order Position = 2	STORE_PACKET
------------------------------------------------------------------------------------------------------------------------------------
ID= 1202545648	Fields= {PORT_SRC=[100-10500], PROTO=[TCP], DOCUMENTS=[PDF], IP_SRC_VER_4=[10.0.3.21/24]}	Action= [LOG_TRAFFIC, ALERT]	VNFS= [VNF3]
ID= 1231721645	Fields= {PORT_SRC=[100-10500], PROTO=[TCP], DOCUMENTS=[DOCX, PDF], IP_SRC_VER_4=[10.0.3.21/24]}	Action= [LOG_TRAFFIC, ALERT]	VNFS= [VNF2]
ID= 1644201442	Fields= {PORT_SRC=[100-10500], PROTO=[TCP], DOCUMENTS=[NOT_CONF_MAKE_DEC], IP_SRC_VER_4=[10.0.3.21/24]}	Action= [LOG_TRAFFIC, ALERT]	VNFS= [VNF1]
------------------------------------------------------------------------------------------------------------------------------------
Optimization was stopped with status infeasible
Finding chaining = 7ms
------------------------------------------------------------------------------------------------------------------------------------
	 REQUIREMENT = 3
------------------------------------------------------------------------------------------------------------------------------------
FIELD = IP_DST_VER_4	VALUE = [10.0.3.21/24]
FIELD = PORT_DST	VALUE = [100-10500]
FIELD = PROTO	VALUE = [UDP]
FIELD = GEOPOSITION	VALUE = [Europa]
FIELD = TIME	VALUE = [*]
FIELD = DAY	VALUE = [*]
FIELD = DOCUMENTS	VALUE = [DOCX, PDF]
FIELD = BODY	VALUE = [*]
FIELD = IP_SRC_VER_4	VALUE = [*]
FIELD = VLAN_TAG	VALUE = [3]
------------------------------------------------------------------------------------------------------------------------------------
Order Position = 1	LOG_TRAFFIC
Order Position = 2	REMARK_PACKET:VlanTag
------------------------------------------------------------------------------------------------------------------------------------
ID= 1520173777	Fields= {IP_DST_VER_4=[10.0.3.21/24], PORT_DST=[100-10500], PROTO=[UDP], TIME=[*], DAY=[*], DOCUMENTS=[NOT_CONF_MAKE_DEC], BODY=[*], IP_SRC_VER_4=[*], VLAN_TAG=[NOT_CONF_MAKE_DEC]}	Action= [LOG_TRAFFIC]	VNFS= [VNF1]
ID= 422417610	Fields= {IP_DST_VER_4=[10.0.3.21/24], PORT_DST=[100-10500], PROTO=[UDP], TIME=[*], DAY=[*], DOCUMENTS=[PDF], BODY=[*], IP_SRC_VER_4=[*], VLAN_TAG=[NOT_CONF_MAKE_DEC]}	Action= [LOG_TRAFFIC]	VNFS= [VNF3]
ID= 2004074686	Fields= {IP_DST_VER_4=[10.0.3.21/24], PORT_DST=[100-10500], PROTO=[UDP], TIME=[*], DAY=[*], DOCUMENTS=[DOCX, PDF], BODY=[*], IP_SRC_VER_4=[*], VLAN_TAG=[NOT_CONF_MAKE_DEC]}	Action= [LOG_TRAFFIC]	VNFS= [VNF2]
------------------------------------------------------------------------------------------------------------------------------------
Optimization was stopped with status infeasible
Finding chaining = 2ms
------------------------------------------------------------------------------------------------------------------------------------
	 REQUIREMENT = 4
------------------------------------------------------------------------------------------------------------------------------------
FIELD = URLS	VALUE = [http://mywebsitedomain.com/mypersonalpage.html]
FIELD = PORT_DST	VALUE = [100-10500]
FIELD = PROTO	VALUE = [UDP]
FIELD = TIME	VALUE = [Monday;23:10:33;12:10:22, Friday;00:10:33;12:15:22]
FIELD = DAY	VALUE = [Monday, Friday]
FIELD = IP_SRC_VER_4	VALUE = [10.0.3.21/24]
FIELD = MEDIAS	VALUE = [IMAGES]
------------------------------------------------------------------------------------------------------------------------------------
Order Position = -1	ENCRYPT_TRAFFIC:AES128
------------------------------------------------------------------------------------------------------------------------------------
<!> Requirement whit id= 4. No Functionality are found.
------------------------------------------------------------------------------------------------------------------------------------
	 REQUIREMENT = 5
------------------------------------------------------------------------------------------------------------------------------------
FIELD = PORT_DST	VALUE = [8080-9000]
FIELD = PROTO	VALUE = [UDP]
FIELD = TIME	VALUE = [*]
FIELD = DAY	VALUE = [*]
FIELD = IP_SRC_VER_4	VALUE = [10.0.3.21/24]
------------------------------------------------------------------------------------------------------------------------------------
Order Position = 1	LOG_TRAFFIC
Order Position = 2	LIMIT_BANDWIDTH:20Mbit/s
------------------------------------------------------------------------------------------------------------------------------------
ID= 1480937302	Fields= {PORT_DST=[8080-9000], PROTO=[UDP], TIME=[*], DAY=[*], IP_SRC_VER_4=[10.0.3.21/24]}	Action= [LOG_TRAFFIC]	VNFS= [VNF1, VNF2, VNF3]
------------------------------------------------------------------------------------------------------------------------------------
Optimization was stopped with status infeasible
Finding chaining = 1ms
------------------------------------------------------------------------------------------------------------------------------------
	 REQUIREMENT = 6
------------------------------------------------------------------------------------------------------------------------------------
FIELD = URLS	VALUE = [http://example.com/provapage.html]
FIELD = PORT_DST	VALUE = [100-10500]
FIELD = PROTO	VALUE = [ICMP]
FIELD = TIME	VALUE = [*]
FIELD = IP_SRC_VER_6	VALUE = [*]
FIELD = IP_DST_VER_6	VALUE = [2001:db8:3333:4444:5555:6666:7777:8888]
FIELD = DAY	VALUE = [Friday]
FIELD = EMAILS	VALUE = [admin@example.com]
------------------------------------------------------------------------------------------------------------------------------------
Order Position = 1	STORE_PACKET
------------------------------------------------------------------------------------------------------------------------------------
<!> Requirement whit id= 6. No Functionality are found.
ALL REQUIREMENT HAS BEEN PROCESSED AND ARE TERMINATED IN = 605ms
************* TOOL ENABLED by tools.xml file *************
------------------------------------------------------------------------------------------------------------------------------------
Neo4jDB status=false
Marshall on file status=true
Output on file status=false
------------------------------------------------------------------------------------------------------------------------------------
> Unmarshall MANIFEST ended - Find =  7
------------------------------------------------------------------------------------------------------------------------------------
------------------------------------------------------------------------------------------------------------------------------------
Manifest NAME= VNF6
FIELD:
	IP_DST_VER_4= null
	PORT_DST= null
	PORT_SRC= null
	PROTO= null
	IP_SRC_VER_6= null
	IP_DST_VER_6= null
	IP_SRC_VER_4= null
ACTION:
	REMARK_PACKET
	LOG_TRAFFIC
	STORE_PACKET
	FORWARD_TRAFFIC
------------------------------------------------------------------------------------------------------------------------------------
Manifest NAME= VNF7
FIELD:
	IP_DST_VER_4= null
	PORT_DST= null
	PORT_SRC= null
	PROTO= null
	IP_SRC_VER_4= null
ACTION:
	DENY_TRAFFIC
	ALLOW_TRAFFIC
	COUNT
	ALERT
------------------------------------------------------------------------------------------------------------------------------------
Manifest NAME= VNF1
FIELD:
	URLS= null
	PORT_DST= null
	PORT_SRC= null
	PROTO= null
	TIME= null
	PRIORITY= null
	DOCUMENTS= null
	IP_SRC_VER_4= null
	IP_DST_VER_4= null
	SCRIPTS= null
	BANDWITH= null
	DAY= null
	BODY= null
	VLAN_TAG= null
ACTION:
	LOG_TRAFFIC
	DENY_TRAFFIC
	ALLOW_TRAFFIC
	COUNT
	ALERT
------------------------------------------------------------------------------------------------------------------------------------
Manifest NAME= VNF2
FIELD:
	URLS= null
	PORT_DST= null
	PORT_SRC= null
	PROTO= null
	TIME= null
	PRIORITY= null
	DOCUMENTS= null
	IP_SRC_VER_4= null
	IP_DST_VER_4= null
	SCRIPTS= null
	BANDWITH= null
	DAY= null
	BODY= null
	VLAN_TAG= null
ACTION:
	LOG_TRAFFIC
	DENY_TRAFFIC
	ALLOW_TRAFFIC
	COUNT
	ALERT
------------------------------------------------------------------------------------------------------------------------------------
Manifest NAME= VNF3
FIELD:
	URLS= null
	PORT_DST= null
	PORT_SRC= null
	PROTO= null
	TIME= null
	PRIORITY= null
	DOCUMENTS= [PDF]
	IP_SRC_VER_4= null
	IP_DST_VER_4= null
	SCRIPTS= null
	BANDWITH= null
	DAY= null
	BODY= null
	VLAN_TAG= null
ACTION:
	LOG_TRAFFIC
	DENY_TRAFFIC
	ALLOW_TRAFFIC
	COUNT
	ALERT
------------------------------------------------------------------------------------------------------------------------------------
Manifest NAME= VNF4
FIELD:
	PORT_SRC= null
	PROTO= [UDP]
	IP_SRC_VER_4= null
ACTION:
	PROTECT_INTEGRITY
	AUTHN_TRAFFIC:DSA
	AUTHN_TRAFFIC:ECDSA
	PROTECT_CONFIDENTIALITY
	NAT_TRAFFIC
	ENCRYPT_TRAFFIC
	AUTHN_TRAFFIC
------------------------------------------------------------------------------------------------------------------------------------
Manifest NAME= VNF5
FIELD:
	IP_DST_VER_4= null
	PORT_DST= null
	PORT_SRC= null
	PROTO= null
	IP_SRC_VER_4= null
ACTION:
	DENY_TRAFFIC
> Unmarshall REQUIREMENTS ended in :139ms Element: 7
------------------------------------------------------------------------------------------------------------------------------------
------------------------------------------------------------------------------------------------------------------------------------
	 REQUIREMENT = 1
------------------------------------------------------------------------------------------------------------------------------------
FIELD = URLS	VALUE = [http://example.com/provapage.html]
FIELD = PORT_DST	VALUE = [100-10500]
FIELD = PROTO	VALUE = [*]
FIELD = TIME	VALUE = [Sunday;00:10:33;12:15:22, *;01:10:33;12:15:22]
FIELD = DOMAINS	VALUE = [mydomain.it]
FIELD = DAY	VALUE = [Sunday, *]
FIELD = DOCUMENTS	VALUE = [PDF]
FIELD = IP_SRC_VER_4	VALUE = [10.0.3.21/24]
------------------------------------------------------------------------------------------------------------------------------------
Order Position = 1	LOG_TRAFFIC
Order Position = 1	ALERT
Order Position = 2	PROTECT_INTEGRITY:SHA2
Order Position = 3	DENY_TRAFFIC
Order Position = 3	COUNT
------------------------------------------------------------------------------------------------------------------------------------
ID= 75932641	Fields= {PORT_DST=[100-10500], PROTO=[*], IP_SRC_VER_4=[10.0.3.21/24]}	Action= [DENY_TRAFFIC, COUNT, ALERT]	VNFS= [VNF7]
ID= 1703087562	Fields= {URLS=[http://example.com/provapage.html], PORT_DST=[100-10500], PROTO=[*], TIME=[Sunday;00:10:33;12:15:22, *;01:10:33;12:15:22], DAY=[Sunday, *], DOCUMENTS=[PDF], IP_SRC_VER_4=[10.0.3.21/24]}	Action= [LOG_TRAFFIC, DENY_TRAFFIC, COUNT, ALERT]	VNFS= [VNF2, VNF3]
ID= 1793965824	Fields= {URLS=[NOT_CONF_MAKE_DEC], PORT_DST=[100-10500], PROTO=[*], TIME=[Sunday;00:10:33;12:15:22, *;01:10:33;12:15:22], DAY=[Sunday, *], DOCUMENTS=[NOT_CONF_MAKE_DEC], IP_SRC_VER_4=[10.0.3.21/24]}	Action= [LOG_TRAFFIC, DENY_TRAFFIC, COUNT, ALERT]	VNFS= [VNF1]
------------------------------------------------------------------------------------------------------------------------------------
Optimization was stopped with status infeasible
Finding chaining = 2ms
------------------------------------------------------------------------------------------------------------------------------------
	 REQUIREMENT = 2
------------------------------------------------------------------------------------------------------------------------------------
FIELD = PORT_SRC	VALUE = [100-10500]
FIELD = PROTO	VALUE = [TCP]
FIELD = DOCUMENTS	VALUE = [DOCX, PDF]
FIELD = IP_SRC_VER_4	VALUE = [10.0.3.21/24]
------------------------------------------------------------------------------------------------------------------------------------
Order Position = 1	LOG_TRAFFIC
Order Position = 1	ALERT
Order Position = 2	STORE_PACKET
------------------------------------------------------------------------------------------------------------------------------------
ID= 2049793519	Fields= {PORT_SRC=[100-10500], PROTO=[TCP], DOCUMENTS=[PDF], IP_SRC_VER_4=[10.0.3.21/24]}	Action= [LOG_TRAFFIC, ALERT]	VNFS= [VNF3]
ID= 1961540866	Fields= {PORT_SRC=[100-10500], PROTO=[TCP], DOCUMENTS=[DOCX, PDF], IP_SRC_VER_4=[10.0.3.21/24]}	Action= [LOG_TRAFFIC, ALERT]	VNFS= [VNF2]
ID= 728467585	Fields= {PORT_SRC=[100-10500], PROTO=[TCP], DOCUMENTS=[NOT_CONF_MAKE_DEC], IP_SRC_VER_4=[10.0.3.21/24]}	Action= [LOG_TRAFFIC, ALERT]	VNFS= [VNF1]
------------------------------------------------------------------------------------------------------------------------------------
Optimization was stopped with status infeasible
Finding chaining = 1ms
------------------------------------------------------------------------------------------------------------------------------------
	 REQUIREMENT = 3
------------------------------------------------------------------------------------------------------------------------------------
FIELD = IP_DST_VER_4	VALUE = [10.0.3.21/24]
FIELD = PORT_DST	VALUE = [100-10500]
FIELD = PROTO	VALUE = [UDP]
FIELD = GEOPOSITION	VALUE = [Europa]
FIELD = TIME	VALUE = [*]
FIELD = DAY	VALUE = [*]
FIELD = DOCUMENTS	VALUE = [DOCX, PDF]
FIELD = BODY	VALUE = [*]
FIELD = IP_SRC_VER_4	VALUE = [*]
FIELD = VLAN_TAG	VALUE = [3]
------------------------------------------------------------------------------------------------------------------------------------
Order Position = 1	LOG_TRAFFIC
Order Position = 2	REMARK_PACKET:VlanTag
------------------------------------------------------------------------------------------------------------------------------------
ID= 89707522	Fields= {IP_DST_VER_4=[10.0.3.21/24], PORT_DST=[100-10500], PROTO=[UDP], TIME=[*], DAY=[*], DOCUMENTS=[NOT_CONF_MAKE_DEC], BODY=[*], IP_SRC_VER_4=[*], VLAN_TAG=[NOT_CONF_MAKE_DEC]}	Action= [LOG_TRAFFIC]	VNFS= [VNF1]
ID= 123716405	Fields= {IP_DST_VER_4=[10.0.3.21/24], PORT_DST=[100-10500], PROTO=[UDP], TIME=[*], DAY=[*], DOCUMENTS=[PDF], BODY=[*], IP_SRC_VER_4=[*], VLAN_TAG=[NOT_CONF_MAKE_DEC]}	Action= [LOG_TRAFFIC]	VNFS= [VNF3]
ID= 160971894	Fields= {IP_DST_VER_4=[10.0.3.21/24], PORT_DST=[100-10500], PROTO=[UDP], TIME=[*], DAY=[*], DOCUMENTS=[DOCX, PDF], BODY=[*], IP_SRC_VER_4=[*], VLAN_TAG=[NOT_CONF_MAKE_DEC]}	Action= [LOG_TRAFFIC]	VNFS= [VNF2]
------------------------------------------------------------------------------------------------------------------------------------
Optimization was stopped with status infeasible
Finding chaining = 1ms
------------------------------------------------------------------------------------------------------------------------------------
	 REQUIREMENT = 4
------------------------------------------------------------------------------------------------------------------------------------
FIELD = URLS	VALUE = [http://mywebsitedomain.com/mypersonalpage.html]
FIELD = PORT_DST	VALUE = [100-10500]
FIELD = PROTO	VALUE = [UDP]
FIELD = TIME	VALUE = [Monday;23:10:33;12:10:22, Friday;00:10:33;12:15:22]
FIELD = DAY	VALUE = [Monday, Friday]
FIELD = IP_SRC_VER_4	VALUE = [10.0.3.21/24]
FIELD = MEDIAS	VALUE = [IMAGES]
------------------------------------------------------------------------------------------------------------------------------------
Order Position = -1	ENCRYPT_TRAFFIC:AES128
------------------------------------------------------------------------------------------------------------------------------------
<!> Requirement whit id= 4. No Functionality are found.
------------------------------------------------------------------------------------------------------------------------------------
	 REQUIREMENT = 5
------------------------------------------------------------------------------------------------------------------------------------
FIELD = PORT_DST	VALUE = [8080-9000]
FIELD = PROTO	VALUE = [UDP]
FIELD = TIME	VALUE = [*]
FIELD = DAY	VALUE = [*]
FIELD = IP_SRC_VER_4	VALUE = [10.0.3.21/24]
------------------------------------------------------------------------------------------------------------------------------------
Order Position = 1	LOG_TRAFFIC
Order Position = 2	LIMIT_BANDWIDTH:20Mbit/s
------------------------------------------------------------------------------------------------------------------------------------
ID= 1278725300	Fields= {PORT_DST=[8080-9000], PROTO=[UDP], TIME=[*], DAY=[*], IP_SRC_VER_4=[10.0.3.21/24]}	Action= [LOG_TRAFFIC]	VNFS= [VNF1, VNF2, VNF3]
------------------------------------------------------------------------------------------------------------------------------------
Optimization was stopped with status infeasible
Finding chaining = 1ms
------------------------------------------------------------------------------------------------------------------------------------
	 REQUIREMENT = 6
------------------------------------------------------------------------------------------------------------------------------------
FIELD = URLS	VALUE = [http://example.com/provapage.html]
FIELD = PORT_DST	VALUE = [100-10500]
FIELD = PROTO	VALUE = [ICMP]
FIELD = TIME	VALUE = [*]
FIELD = IP_SRC_VER_6	VALUE = [*]
FIELD = IP_DST_VER_6	VALUE = [2001:db8:3333:4444:5555:6666:7777:8888]
FIELD = DAY	VALUE = [Friday]
FIELD = EMAILS	VALUE = [admin@example.com]
------------------------------------------------------------------------------------------------------------------------------------
Order Position = 1	STORE_PACKET
------------------------------------------------------------------------------------------------------------------------------------
<!> Requirement whit id= 6. No Functionality are found.
------------------------------------------------------------------------------------------------------------------------------------
	 REQUIREMENT = 7
------------------------------------------------------------------------------------------------------------------------------------
FIELD = PORT_SRC	VALUE = [100-10500]
FIELD = PROTO	VALUE = [TCP]
FIELD = TIME	VALUE = [*]
FIELD = DAY	VALUE = [*]
FIELD = DOCUMENTS	VALUE = [DOCX, PDF]
FIELD = IP_SRC_VER_4	VALUE = [10.0.3.21/24]
------------------------------------------------------------------------------------------------------------------------------------
Order Position = 1	LOG_TRAFFIC
Order Position = 1	ALERT
Order Position = 2	STORE_PACKET
------------------------------------------------------------------------------------------------------------------------------------
ID= 1662626070	Fields= {PORT_SRC=[100-10500], PROTO=[TCP], TIME=[*], DAY=[*], DOCUMENTS=[PDF], IP_SRC_VER_4=[10.0.3.21/24]}	Action= [LOG_TRAFFIC, ALERT]	VNFS= [VNF3]
ID= 1843288797	Fields= {PORT_SRC=[100-10500], PROTO=[TCP], TIME=[*], DAY=[*], DOCUMENTS=[DOCX, PDF], IP_SRC_VER_4=[10.0.3.21/24]}	Action= [LOG_TRAFFIC, ALERT]	VNFS= [VNF2]
ID= 370177989	Fields= {PORT_SRC=[100-10500], PROTO=[TCP], TIME=[*], DAY=[*], DOCUMENTS=[NOT_CONF_MAKE_DEC], IP_SRC_VER_4=[10.0.3.21/24]}	Action= [LOG_TRAFFIC, ALERT]	VNFS= [VNF1]
------------------------------------------------------------------------------------------------------------------------------------
Optimization was stopped with status infeasible
Finding chaining = 6ms
ALL REQUIREMENT HAS BEEN PROCESSED AND ARE TERMINATED IN = 500ms
************* TOOL ENABLED by tools.xml file *************
------------------------------------------------------------------------------------------------------------------------------------
Neo4jDB status=false
Marshall on file status=true
Output on file status=false
------------------------------------------------------------------------------------------------------------------------------------
> Unmarshall MANIFEST ended - Find =  8
------------------------------------------------------------------------------------------------------------------------------------
------------------------------------------------------------------------------------------------------------------------------------
Manifest NAME= VNF6
FIELD:
	IP_DST_VER_4= null
	PORT_DST= null
	PORT_SRC= null
	PROTO= null
	DISPLACE= null
	IP_SRC_VER_6= null
	IP_DST_VER_6= null
	IP_SRC_VER_4= null
ACTION:
	REMARK_PACKET
	LOG_TRAFFIC
	STORE_PACKET
	FORWARD_TRAFFIC
------------------------------------------------------------------------------------------------------------------------------------
Manifest NAME= VNF7
FIELD:
	IP_DST_VER_4= null
	PORT_DST= null
	PORT_SRC= null
	PROTO= null
	IP_SRC_VER_4= null
ACTION:
	DENY_TRAFFIC
	ALLOW_TRAFFIC
	COUNT
	ALERT
------------------------------------------------------------------------------------------------------------------------------------
Manifest NAME= VNF8
FIELD:
	IP_DST_VER_4= null
	PROTO= null
	GEO_POSITION= null
	PRIORITY= null
	IP_SRC_VER_6= null
	IP_DST_VER_6= null
	IP_SRC_VER_4= null
ACTION:
	LOG_TRAFFIC
------------------------------------------------------------------------------------------------------------------------------------
Manifest NAME= VNF1
FIELD:
	URLS= null
	PORT_DST= null
	PORT_SRC= null
	PROTO= null
	TIME= null
	PRIORITY= null
	DOCUMENTS= null
	IP_SRC_VER_4= null
	IP_DST_VER_4= null
	SCRIPTS= null
	BANDWITH= null
	DAY= null
	BODY= null
	VLAN_TAG= null
ACTION:
	LOG_TRAFFIC
	DENY_TRAFFIC
	ALLOW_TRAFFIC
	COUNT
	ALERT
------------------------------------------------------------------------------------------------------------------------------------
Manifest NAME= VNF2
FIELD:
	URLS= null
	PORT_DST= null
	PORT_SRC= null
	PROTO= null
	TIME= null
	PRIORITY= null
	DOCUMENTS= null
	IP_SRC_VER_4= null
	IP_DST_VER_4= null
	SCRIPTS= null
	BANDWITH= null
	DAY= null
	BODY= null
	VLAN_TAG= null
ACTION:
	LOG_TRAFFIC
	DENY_TRAFFIC
	ALLOW_TRAFFIC
	COUNT
	ALERT
------------------------------------------------------------------------------------------------------------------------------------
Manifest NAME= VNF3
FIELD:
	URLS= null
	PORT_DST= null
	PORT_SRC= null
	PROTO= null
	TIME= null
	PRIORITY= null
	DOCUMENTS= [PDF]
	IP_SRC_VER_4= null
	IP_DST_VER_4= null
	SCRIPTS= null
	BANDWITH= null
	DAY= null
	BODY= null
	VLAN_TAG= null
ACTION:
	LOG_TRAFFIC
	DENY_TRAFFIC
	ALLOW_TRAFFIC
	COUNT
	ALERT
------------------------------------------------------------------------------------------------------------------------------------
Manifest NAME= VNF4
FIELD:
	PORT_SRC= null
	PROTO= [UDP]
	IP_SRC_VER_4= null
ACTION:
	PROTECT_INTEGRITY
	AUTHN_TRAFFIC:DSA
	AUTHN_TRAFFIC:ECDSA
	PROTECT_CONFIDENTIALITY
	NAT_TRAFFIC
	ENCRYPT_TRAFFIC
	AUTHN_TRAFFIC
------------------------------------------------------------------------------------------------------------------------------------
Manifest NAME= VNF5
FIELD:
	IP_DST_VER_4= null
	PORT_DST= null
	PORT_SRC= null
	PROTO= null
	IP_SRC_VER_4= null
ACTION:
	DENY_TRAFFIC
> Unmarshall REQUIREMENTS ended in :41ms Element: 8
------------------------------------------------------------------------------------------------------------------------------------
------------------------------------------------------------------------------------------------------------------------------------
	 REQUIREMENT = 1
------------------------------------------------------------------------------------------------------------------------------------
FIELD = URLS	VALUE = [http://example.com/provapage.html]
FIELD = PORT_DST	VALUE = [100-10500]
FIELD = PROTO	VALUE = [*]
FIELD = TIME	VALUE = [Sunday;00:10:33;12:15:22, *;01:10:33;12:15:22]
FIELD = DOMAINS	VALUE = [mydomain.it]
FIELD = DAY	VALUE = [Sunday, *]
FIELD = DOCUMENTS	VALUE = [PDF]
FIELD = IP_SRC_VER_4	VALUE = [10.0.3.21/24]
------------------------------------------------------------------------------------------------------------------------------------
Order Position = 1	LOG_TRAFFIC
Order Position = 1	ALERT
Order Position = 2	PROTECT_INTEGRITY:SHA2
Order Position = 3	DENY_TRAFFIC
Order Position = 3	COUNT
------------------------------------------------------------------------------------------------------------------------------------
ID= 60503746	Fields= {PORT_DST=[100-10500], PROTO=[*], IP_SRC_VER_4=[10.0.3.21/24]}	Action= [DENY_TRAFFIC, COUNT, ALERT]	VNFS= [VNF7]
ID= 688823377	Fields= {URLS=[http://example.com/provapage.html], PORT_DST=[100-10500], PROTO=[*], TIME=[Sunday;00:10:33;12:15:22, *;01:10:33;12:15:22], DAY=[Sunday, *], DOCUMENTS=[PDF], IP_SRC_VER_4=[10.0.3.21/24]}	Action= [LOG_TRAFFIC, DENY_TRAFFIC, COUNT, ALERT]	VNFS= [VNF2, VNF3]
ID= 667514584	Fields= {URLS=[NOT_CONF_MAKE_DEC], PORT_DST=[100-10500], PROTO=[*], TIME=[Sunday;00:10:33;12:15:22, *;01:10:33;12:15:22], DAY=[Sunday, *], DOCUMENTS=[NOT_CONF_MAKE_DEC], IP_SRC_VER_4=[10.0.3.21/24]}	Action= [LOG_TRAFFIC, DENY_TRAFFIC, COUNT, ALERT]	VNFS= [VNF1]
------------------------------------------------------------------------------------------------------------------------------------
Optimization was stopped with status infeasible
Finding chaining = 1ms
------------------------------------------------------------------------------------------------------------------------------------
	 REQUIREMENT = 2
------------------------------------------------------------------------------------------------------------------------------------
FIELD = PORT_SRC	VALUE = [100-10500]
FIELD = PROTO	VALUE = [TCP]
FIELD = DOCUMENTS	VALUE = [DOCX, PDF]
FIELD = IP_SRC_VER_4	VALUE = [10.0.3.21/24]
------------------------------------------------------------------------------------------------------------------------------------
Order Position = 1	LOG_TRAFFIC
Order Position = 1	ALERT
Order Position = 2	STORE_PACKET
------------------------------------------------------------------------------------------------------------------------------------
ID= 1593747206	Fields= {PORT_SRC=[100-10500], PROTO=[TCP], DOCUMENTS=[PDF], IP_SRC_VER_4=[10.0.3.21/24]}	Action= [LOG_TRAFFIC, ALERT]	VNFS= [VNF3]
ID= 1522608262	Fields= {PORT_SRC=[100-10500], PROTO=[TCP], DOCUMENTS=[DOCX, PDF], IP_SRC_VER_4=[10.0.3.21/24]}	Action= [LOG_TRAFFIC, ALERT]	VNFS= [VNF2]
ID= 1409731702	Fields= {PORT_SRC=[100-10500], PROTO=[TCP], DOCUMENTS=[NOT_CONF_MAKE_DEC], IP_SRC_VER_4=[10.0.3.21/24]}	Action= [LOG_TRAFFIC, ALERT]	VNFS= [VNF1]
------------------------------------------------------------------------------------------------------------------------------------
Optimization was stopped with status infeasible
Finding chaining = 1ms
------------------------------------------------------------------------------------------------------------------------------------
	 REQUIREMENT = 3
------------------------------------------------------------------------------------------------------------------------------------
FIELD = IP_DST_VER_4	VALUE = [10.0.3.21/24]
FIELD = PORT_DST	VALUE = [100-10500]
FIELD = PROTO	VALUE = [UDP]
FIELD = GEOPOSITION	VALUE = [Europa]
FIELD = TIME	VALUE = [*]
FIELD = DAY	VALUE = [*]
FIELD = DOCUMENTS	VALUE = [DOCX, PDF]
FIELD = BODY	VALUE = [*]
FIELD = IP_SRC_VER_4	VALUE = [*]
FIELD = VLAN_TAG	VALUE = [3]
------------------------------------------------------------------------------------------------------------------------------------
Order Position = 1	LOG_TRAFFIC
Order Position = 2	REMARK_PACKET:VlanTag
------------------------------------------------------------------------------------------------------------------------------------
ID= 1923078803	Fields= {IP_DST_VER_4=[10.0.3.21/24], PORT_DST=[100-10500], PROTO=[UDP], TIME=[*], DAY=[*], DOCUMENTS=[NOT_CONF_MAKE_DEC], BODY=[*], IP_SRC_VER_4=[*], VLAN_TAG=[NOT_CONF_MAKE_DEC]}	Action= [LOG_TRAFFIC]	VNFS= [VNF1]
ID= 2020061667	Fields= {IP_DST_VER_4=[10.0.3.21/24], PORT_DST=[100-10500], PROTO=[UDP], TIME=[*], DAY=[*], DOCUMENTS=[PDF], BODY=[*], IP_SRC_VER_4=[*], VLAN_TAG=[NOT_CONF_MAKE_DEC]}	Action= [LOG_TRAFFIC]	VNFS= [VNF3]
ID= 2086152880	Fields= {IP_DST_VER_4=[10.0.3.21/24], PORT_DST=[100-10500], PROTO=[UDP], TIME=[*], DAY=[*], DOCUMENTS=[DOCX, PDF], BODY=[*], IP_SRC_VER_4=[*], VLAN_TAG=[NOT_CONF_MAKE_DEC]}	Action= [LOG_TRAFFIC]	VNFS= [VNF2]
------------------------------------------------------------------------------------------------------------------------------------
Optimization was stopped with status infeasible
Finding chaining = 1ms
------------------------------------------------------------------------------------------------------------------------------------
	 REQUIREMENT = 4
------------------------------------------------------------------------------------------------------------------------------------
FIELD = URLS	VALUE = [http://mywebsitedomain.com/mypersonalpage.html]
FIELD = PORT_DST	VALUE = [100-10500]
FIELD = PROTO	VALUE = [UDP]
FIELD = TIME	VALUE = [Monday;23:10:33;12:10:22, Friday;00:10:33;12:15:22]
FIELD = DAY	VALUE = [Monday, Friday]
FIELD = IP_SRC_VER_4	VALUE = [10.0.3.21/24]
FIELD = MEDIAS	VALUE = [IMAGES]
------------------------------------------------------------------------------------------------------------------------------------
Order Position = -1	ENCRYPT_TRAFFIC:AES128
------------------------------------------------------------------------------------------------------------------------------------
<!> Requirement whit id= 4. No Functionality are found.
------------------------------------------------------------------------------------------------------------------------------------
	 REQUIREMENT = 5
------------------------------------------------------------------------------------------------------------------------------------
FIELD = PORT_DST	VALUE = [8080-9000]
FIELD = PROTO	VALUE = [UDP]
FIELD = TIME	VALUE = [*]
FIELD = DAY	VALUE = [*]
FIELD = IP_SRC_VER_4	VALUE = [10.0.3.21/24]
------------------------------------------------------------------------------------------------------------------------------------
Order Position = 1	LOG_TRAFFIC
Order Position = 2	LIMIT_BANDWIDTH:20Mbit/s
------------------------------------------------------------------------------------------------------------------------------------
ID= 1541018044	Fields= {PORT_DST=[8080-9000], PROTO=[UDP], TIME=[*], DAY=[*], IP_SRC_VER_4=[10.0.3.21/24]}	Action= [LOG_TRAFFIC]	VNFS= [VNF1, VNF2, VNF3]
------------------------------------------------------------------------------------------------------------------------------------
Optimization was stopped with status infeasible
Finding chaining = 1ms
------------------------------------------------------------------------------------------------------------------------------------
	 REQUIREMENT = 6
------------------------------------------------------------------------------------------------------------------------------------
FIELD = URLS	VALUE = [http://example.com/provapage.html]
FIELD = PORT_DST	VALUE = [100-10500]
FIELD = PROTO	VALUE = [ICMP]
FIELD = TIME	VALUE = [*]
FIELD = IP_SRC_VER_6	VALUE = [*]
FIELD = IP_DST_VER_6	VALUE = [2001:db8:3333:4444:5555:6666:7777:8888]
FIELD = DAY	VALUE = [Friday]
FIELD = EMAILS	VALUE = [admin@example.com]
------------------------------------------------------------------------------------------------------------------------------------
Order Position = 1	STORE_PACKET
------------------------------------------------------------------------------------------------------------------------------------
<!> Requirement whit id= 6. No Functionality are found.
------------------------------------------------------------------------------------------------------------------------------------
	 REQUIREMENT = 7
------------------------------------------------------------------------------------------------------------------------------------
FIELD = PORT_SRC	VALUE = [100-10500]
FIELD = PROTO	VALUE = [TCP]
FIELD = TIME	VALUE = [*]
FIELD = DAY	VALUE = [*]
FIELD = DOCUMENTS	VALUE = [DOCX, PDF]
FIELD = IP_SRC_VER_4	VALUE = [10.0.3.21/24]
------------------------------------------------------------------------------------------------------------------------------------
Order Position = 1	LOG_TRAFFIC
Order Position = 1	ALERT
Order Position = 2	STORE_PACKET
------------------------------------------------------------------------------------------------------------------------------------
ID= 1854409713	Fields= {PORT_SRC=[100-10500], PROTO=[TCP], TIME=[*], DAY=[*], DOCUMENTS=[PDF], IP_SRC_VER_4=[10.0.3.21/24]}	Action= [LOG_TRAFFIC, ALERT]	VNFS= [VNF3]
ID= 1790415487	Fields= {PORT_SRC=[100-10500], PROTO=[TCP], TIME=[*], DAY=[*], DOCUMENTS=[DOCX, PDF], IP_SRC_VER_4=[10.0.3.21/24]}	Action= [LOG_TRAFFIC, ALERT]	VNFS= [VNF2]
ID= 1685086337	Fields= {PORT_SRC=[100-10500], PROTO=[TCP], TIME=[*], DAY=[*], DOCUMENTS=[NOT_CONF_MAKE_DEC], IP_SRC_VER_4=[10.0.3.21/24]}	Action= [LOG_TRAFFIC, ALERT]	VNFS= [VNF1]
------------------------------------------------------------------------------------------------------------------------------------
Optimization was stopped with status infeasible
Finding chaining = 11ms
------------------------------------------------------------------------------------------------------------------------------------
	 REQUIREMENT = 8
------------------------------------------------------------------------------------------------------------------------------------
FIELD = IP_DST_VER_4	VALUE = [10.0.3.21/24]
FIELD = PORT_DST	VALUE = [100-10500]
FIELD = PROTO	VALUE = [UDP]
FIELD = GEOPOSITION	VALUE = [Europa]
FIELD = TIME	VALUE = [*]
FIELD = DAY	VALUE = [*]
FIELD = DOCUMENTS	VALUE = [DOCX, PDF]
FIELD = IP_SRC_VER_4	VALUE = [*]
------------------------------------------------------------------------------------------------------------------------------------
Order Position = 1	LOG_TRAFFIC
Order Position = 2	REMARK_PACKET:Priority
------------------------------------------------------------------------------------------------------------------------------------
ID= 1626910364	Fields= {IP_DST_VER_4=[10.0.3.21/24], PORT_DST=[100-10500], PROTO=[UDP], TIME=[*], DAY=[*], DOCUMENTS=[NOT_CONF_MAKE_DEC], IP_SRC_VER_4=[*]}	Action= [LOG_TRAFFIC]	VNFS= [VNF1]
ID= 1778435564	Fields= {IP_DST_VER_4=[10.0.3.21/24], PORT_DST=[100-10500], PROTO=[UDP], TIME=[*], DAY=[*], DOCUMENTS=[PDF], IP_SRC_VER_4=[*]}	Action= [LOG_TRAFFIC]	VNFS= [VNF3]
ID= 1849642227	Fields= {IP_DST_VER_4=[10.0.3.21/24], PORT_DST=[100-10500], PROTO=[UDP], TIME=[*], DAY=[*], DOCUMENTS=[DOCX, PDF], IP_SRC_VER_4=[*]}	Action= [LOG_TRAFFIC]	VNFS= [VNF2]
------------------------------------------------------------------------------------------------------------------------------------
Optimization was stopped with status infeasible
Finding chaining = 4ms
ALL REQUIREMENT HAS BEEN PROCESSED AND ARE TERMINATED IN = 428ms
************* TOOL ENABLED by tools.xml file *************
------------------------------------------------------------------------------------------------------------------------------------
Neo4jDB status=false
Marshall on file status=true
Output on file status=false
------------------------------------------------------------------------------------------------------------------------------------
> Unmarshall MANIFEST ended - Find =  9
------------------------------------------------------------------------------------------------------------------------------------
------------------------------------------------------------------------------------------------------------------------------------
Manifest NAME= VNF6
FIELD:
	IP_DST_VER_4= null
	PORT_DST= null
	PORT_SRC= null
	PROTO= null
	IP_SRC_VER_6= null
	IP_DST_VER_6= null
	IP_SRC_VER_4= null
ACTION:
	REMARK_PACKET
	LOG_TRAFFIC
	STORE_PACKET
	FORWARD_TRAFFIC
------------------------------------------------------------------------------------------------------------------------------------
Manifest NAME= VNF7
FIELD:
	IP_DST_VER_4= null
	PORT_DST= null
	PORT_SRC= null
	PROTO= null
	IP_SRC_VER_4= null
ACTION:
	DENY_TRAFFIC
	ALLOW_TRAFFIC
	COUNT
	ALERT
------------------------------------------------------------------------------------------------------------------------------------
Manifest NAME= VNF8
FIELD:
	IP_DST_VER_4= null
	PROTO= null
	GEO_POSITION= null
	PRIORITY= null
	IP_SRC_VER_6= null
	IP_DST_VER_6= null
	IP_SRC_VER_4= null
ACTION:
	LOG_TRAFFIC
------------------------------------------------------------------------------------------------------------------------------------
Manifest NAME= VNF9
FIELD:
	PROTO= null
	IP_SRC_VER_6= null
	IP_SRC_VER_4= null
	VLAN_TAG= null
ACTION:
	REMARK_PACKET
	DENY_TRAFFIC
	COUNT
------------------------------------------------------------------------------------------------------------------------------------
Manifest NAME= VNF1
FIELD:
	URLS= null
	PORT_DST= null
	PORT_SRC= null
	PROTO= null
	TIME= null
	PRIORITY= null
	DOCUMENTS= null
	IP_SRC_VER_4= null
	IP_DST_VER_4= null
	SCRIPTS= null
	BANDWITH= null
	DAY= null
	BODY= null
	VLAN_TAG= null
ACTION:
	LOG_TRAFFIC
	DENY_TRAFFIC
	ALLOW_TRAFFIC
	COUNT
	ALERT
------------------------------------------------------------------------------------------------------------------------------------
Manifest NAME= VNF2
FIELD:
	URLS= null
	PORT_DST= null
	PORT_SRC= null
	PROTO= null
	TIME= null
	PRIORITY= null
	DOCUMENTS= null
	IP_SRC_VER_4= null
	IP_DST_VER_4= null
	SCRIPTS= null
	BANDWITH= null
	DAY= null
	BODY= null
	VLAN_TAG= null
ACTION:
	LOG_TRAFFIC
	DENY_TRAFFIC
	ALLOW_TRAFFIC
	COUNT
	ALERT
------------------------------------------------------------------------------------------------------------------------------------
Manifest NAME= VNF3
FIELD:
	URLS= null
	PORT_DST= null
	PORT_SRC= null
	PROTO= null
	TIME= null
	PRIORITY= null
	DOCUMENTS= [PDF]
	IP_SRC_VER_4= null
	IP_DST_VER_4= null
	SCRIPTS= null
	BANDWITH= null
	DAY= null
	BODY= null
	VLAN_TAG= null
ACTION:
	LOG_TRAFFIC
	DENY_TRAFFIC
	ALLOW_TRAFFIC
	COUNT
	ALERT
------------------------------------------------------------------------------------------------------------------------------------
Manifest NAME= VNF4
FIELD:
	PORT_SRC= null
	PROTO= [UDP]
	IP_SRC_VER_4= null
ACTION:
	PROTECT_INTEGRITY
	AUTHN_TRAFFIC:DSA
	AUTHN_TRAFFIC:ECDSA
	PROTECT_CONFIDENTIALITY
	NAT_TRAFFIC
	ENCRYPT_TRAFFIC
	AUTHN_TRAFFIC
------------------------------------------------------------------------------------------------------------------------------------
Manifest NAME= VNF5
FIELD:
	IP_DST_VER_4= null
	PORT_DST= null
	PORT_SRC= null
	PROTO= null
	IP_SRC_VER_4= null
ACTION:
	DENY_TRAFFIC
> Unmarshall REQUIREMENTS ended in :59ms Element: 9
------------------------------------------------------------------------------------------------------------------------------------
------------------------------------------------------------------------------------------------------------------------------------
	 REQUIREMENT = 1
------------------------------------------------------------------------------------------------------------------------------------
FIELD = URLS	VALUE = [http://example.com/provapage.html]
FIELD = PORT_DST	VALUE = [100-10500]
FIELD = PROTO	VALUE = [*]
FIELD = TIME	VALUE = [Sunday;00:10:33;12:15:22, *;01:10:33;12:15:22]
FIELD = DOMAINS	VALUE = [mydomain.it]
FIELD = DAY	VALUE = [Sunday, *]
FIELD = DOCUMENTS	VALUE = [PDF]
FIELD = IP_SRC_VER_4	VALUE = [10.0.3.21/24]
------------------------------------------------------------------------------------------------------------------------------------
Order Position = 1	LOG_TRAFFIC
Order Position = 1	ALERT
Order Position = 2	PROTECT_INTEGRITY:SHA2
Order Position = 3	DENY_TRAFFIC
Order Position = 3	COUNT
------------------------------------------------------------------------------------------------------------------------------------
ID= 810748201	Fields= {PROTO=[*], IP_SRC_VER_4=[10.0.3.21/24]}	Action= [DENY_TRAFFIC, COUNT]	VNFS= [VNF9]
ID= 517169345	Fields= {PORT_DST=[100-10500], PROTO=[*], IP_SRC_VER_4=[10.0.3.21/24]}	Action= [DENY_TRAFFIC, COUNT, ALERT]	VNFS= [VNF7]
ID= 984310361	Fields= {URLS=[http://example.com/provapage.html], PORT_DST=[100-10500], PROTO=[*], TIME=[Sunday;00:10:33;12:15:22, *;01:10:33;12:15:22], DAY=[Sunday, *], DOCUMENTS=[PDF], IP_SRC_VER_4=[10.0.3.21/24]}	Action= [LOG_TRAFFIC, DENY_TRAFFIC, COUNT, ALERT]	VNFS= [VNF2, VNF3]
ID= 1049948499	Fields= {URLS=[NOT_CONF_MAKE_DEC], PORT_DST=[100-10500], PROTO=[*], TIME=[Sunday;00:10:33;12:15:22, *;01:10:33;12:15:22], DAY=[Sunday, *], DOCUMENTS=[NOT_CONF_MAKE_DEC], IP_SRC_VER_4=[10.0.3.21/24]}	Action= [LOG_TRAFFIC, DENY_TRAFFIC, COUNT, ALERT]	VNFS= [VNF1]
------------------------------------------------------------------------------------------------------------------------------------
Optimization was stopped with status infeasible
Finding chaining = 1ms
------------------------------------------------------------------------------------------------------------------------------------
	 REQUIREMENT = 2
------------------------------------------------------------------------------------------------------------------------------------
FIELD = PORT_SRC	VALUE = [100-10500]
FIELD = PROTO	VALUE = [TCP]
FIELD = DOCUMENTS	VALUE = [DOCX, PDF]
FIELD = IP_SRC_VER_4	VALUE = [10.0.3.21/24]
------------------------------------------------------------------------------------------------------------------------------------
Order Position = 1	LOG_TRAFFIC
Order Position = 1	ALERT
Order Position = 2	STORE_PACKET
------------------------------------------------------------------------------------------------------------------------------------
ID= 1815107860	Fields= {PORT_SRC=[100-10500], PROTO=[TCP], DOCUMENTS=[PDF], IP_SRC_VER_4=[10.0.3.21/24]}	Action= [LOG_TRAFFIC, ALERT]	VNFS= [VNF3]
ID= 1745866957	Fields= {PORT_SRC=[100-10500], PROTO=[TCP], DOCUMENTS=[DOCX, PDF], IP_SRC_VER_4=[10.0.3.21/24]}	Action= [LOG_TRAFFIC, ALERT]	VNFS= [VNF2]
ID= 1724396132	Fields= {PORT_SRC=[100-10500], PROTO=[TCP], DOCUMENTS=[NOT_CONF_MAKE_DEC], IP_SRC_VER_4=[10.0.3.21/24]}	Action= [LOG_TRAFFIC, ALERT]	VNFS= [VNF1]
------------------------------------------------------------------------------------------------------------------------------------
Optimization was stopped with status infeasible
Finding chaining = 0ms
------------------------------------------------------------------------------------------------------------------------------------
	 REQUIREMENT = 3
------------------------------------------------------------------------------------------------------------------------------------
FIELD = IP_DST_VER_4	VALUE = [10.0.3.21/24]
FIELD = PORT_DST	VALUE = [100-10500]
FIELD = PROTO	VALUE = [UDP]
FIELD = GEOPOSITION	VALUE = [Europa]
FIELD = TIME	VALUE = [*]
FIELD = DAY	VALUE = [*]
FIELD = DOCUMENTS	VALUE = [DOCX, PDF]
FIELD = BODY	VALUE = [*]
FIELD = IP_SRC_VER_4	VALUE = [*]
FIELD = VLAN_TAG	VALUE = [3]
------------------------------------------------------------------------------------------------------------------------------------
Order Position = 1	LOG_TRAFFIC
Order Position = 2	REMARK_PACKET:VlanTag
------------------------------------------------------------------------------------------------------------------------------------
ID= 309967736	Fields= {IP_DST_VER_4=[10.0.3.21/24], PORT_DST=[100-10500], PROTO=[UDP], TIME=[*], DAY=[*], DOCUMENTS=[NOT_CONF_MAKE_DEC], BODY=[*], IP_SRC_VER_4=[*], VLAN_TAG=[NOT_CONF_MAKE_DEC]}	Action= [LOG_TRAFFIC]	VNFS= [VNF1]
ID= 411160584	Fields= {IP_DST_VER_4=[10.0.3.21/24], PORT_DST=[100-10500], PROTO=[UDP], TIME=[*], DAY=[*], DOCUMENTS=[PDF], BODY=[*], IP_SRC_VER_4=[*], VLAN_TAG=[NOT_CONF_MAKE_DEC]}	Action= [LOG_TRAFFIC]	VNFS= [VNF3]
ID= 482236231	Fields= {IP_DST_VER_4=[10.0.3.21/24], PORT_DST=[100-10500], PROTO=[UDP], TIME=[*], DAY=[*], DOCUMENTS=[DOCX, PDF], BODY=[*], IP_SRC_VER_4=[*], VLAN_TAG=[NOT_CONF_MAKE_DEC]}	Action= [LOG_TRAFFIC]	VNFS= [VNF2]
------------------------------------------------------------------------------------------------------------------------------------
Optimization was stopped with status infeasible
Finding chaining = 8ms
------------------------------------------------------------------------------------------------------------------------------------
	 REQUIREMENT = 4
------------------------------------------------------------------------------------------------------------------------------------
FIELD = URLS	VALUE = [http://mywebsitedomain.com/mypersonalpage.html]
FIELD = PORT_DST	VALUE = [100-10500]
FIELD = PROTO	VALUE = [UDP]
FIELD = TIME	VALUE = [Monday;23:10:33;12:10:22, Friday;00:10:33;12:15:22]
FIELD = DAY	VALUE = [Monday, Friday]
FIELD = IP_SRC_VER_4	VALUE = [10.0.3.21/24]
FIELD = MEDIAS	VALUE = [IMAGES]
------------------------------------------------------------------------------------------------------------------------------------
Order Position = -1	ENCRYPT_TRAFFIC:AES128
------------------------------------------------------------------------------------------------------------------------------------
<!> Requirement whit id= 4. No Functionality are found.
------------------------------------------------------------------------------------------------------------------------------------
	 REQUIREMENT = 5
------------------------------------------------------------------------------------------------------------------------------------
FIELD = PORT_DST	VALUE = [8080-9000]
FIELD = PROTO	VALUE = [UDP]
FIELD = TIME	VALUE = [*]
FIELD = DAY	VALUE = [*]
FIELD = IP_SRC_VER_4	VALUE = [10.0.3.21/24]
------------------------------------------------------------------------------------------------------------------------------------
Order Position = 1	LOG_TRAFFIC
Order Position = 2	LIMIT_BANDWIDTH:20Mbit/s
------------------------------------------------------------------------------------------------------------------------------------
ID= 368920046	Fields= {PORT_DST=[8080-9000], PROTO=[UDP], TIME=[*], DAY=[*], IP_SRC_VER_4=[10.0.3.21/24]}	Action= [LOG_TRAFFIC]	VNFS= [VNF1, VNF2, VNF3]
------------------------------------------------------------------------------------------------------------------------------------
Optimization was stopped with status infeasible
Finding chaining = 1ms
------------------------------------------------------------------------------------------------------------------------------------
	 REQUIREMENT = 6
------------------------------------------------------------------------------------------------------------------------------------
FIELD = URLS	VALUE = [http://example.com/provapage.html]
FIELD = PORT_DST	VALUE = [100-10500]
FIELD = PROTO	VALUE = [ICMP]
FIELD = TIME	VALUE = [*]
FIELD = IP_SRC_VER_6	VALUE = [*]
FIELD = IP_DST_VER_6	VALUE = [2001:db8:3333:4444:5555:6666:7777:8888]
FIELD = DAY	VALUE = [Friday]
FIELD = EMAILS	VALUE = [admin@example.com]
------------------------------------------------------------------------------------------------------------------------------------
Order Position = 1	STORE_PACKET
------------------------------------------------------------------------------------------------------------------------------------
<!> Requirement whit id= 6. No Functionality are found.
------------------------------------------------------------------------------------------------------------------------------------
	 REQUIREMENT = 7
------------------------------------------------------------------------------------------------------------------------------------
FIELD = PORT_SRC	VALUE = [100-10500]
FIELD = PROTO	VALUE = [TCP]
FIELD = TIME	VALUE = [*]
FIELD = DAY	VALUE = [*]
FIELD = DOCUMENTS	VALUE = [DOCX, PDF]
FIELD = IP_SRC_VER_4	VALUE = [10.0.3.21/24]
------------------------------------------------------------------------------------------------------------------------------------
Order Position = 1	LOG_TRAFFIC
Order Position = 1	ALERT
Order Position = 2	STORE_PACKET
------------------------------------------------------------------------------------------------------------------------------------
ID= 1012657765	Fields= {PORT_SRC=[100-10500], PROTO=[TCP], TIME=[*], DAY=[*], DOCUMENTS=[PDF], IP_SRC_VER_4=[10.0.3.21/24]}	Action= [LOG_TRAFFIC, ALERT]	VNFS= [VNF3]
ID= 946109873	Fields= {PORT_SRC=[100-10500], PROTO=[TCP], TIME=[*], DAY=[*], DOCUMENTS=[DOCX, PDF], IP_SRC_VER_4=[10.0.3.21/24]}	Action= [LOG_TRAFFIC, ALERT]	VNFS= [VNF2]
ID= 916686101	Fields= {PORT_SRC=[100-10500], PROTO=[TCP], TIME=[*], DAY=[*], DOCUMENTS=[NOT_CONF_MAKE_DEC], IP_SRC_VER_4=[10.0.3.21/24]}	Action= [LOG_TRAFFIC, ALERT]	VNFS= [VNF1]
------------------------------------------------------------------------------------------------------------------------------------
Optimization was stopped with status infeasible
Finding chaining = 1ms
------------------------------------------------------------------------------------------------------------------------------------
	 REQUIREMENT = 8
------------------------------------------------------------------------------------------------------------------------------------
FIELD = IP_DST_VER_4	VALUE = [10.0.3.21/24]
FIELD = PORT_DST	VALUE = [100-10500]
FIELD = PROTO	VALUE = [UDP]
FIELD = GEOPOSITION	VALUE = [Europa]
FIELD = TIME	VALUE = [*]
FIELD = DAY	VALUE = [*]
FIELD = DOCUMENTS	VALUE = [DOCX, PDF]
FIELD = IP_SRC_VER_4	VALUE = [*]
------------------------------------------------------------------------------------------------------------------------------------
Order Position = 1	LOG_TRAFFIC
Order Position = 2	REMARK_PACKET:Priority
------------------------------------------------------------------------------------------------------------------------------------
ID= 357011951	Fields= {IP_DST_VER_4=[10.0.3.21/24], PORT_DST=[100-10500], PROTO=[UDP], TIME=[*], DAY=[*], DOCUMENTS=[NOT_CONF_MAKE_DEC], IP_SRC_VER_4=[*]}	Action= [LOG_TRAFFIC]	VNFS= [VNF1]
ID= 532675231	Fields= {IP_DST_VER_4=[10.0.3.21/24], PORT_DST=[100-10500], PROTO=[UDP], TIME=[*], DAY=[*], DOCUMENTS=[PDF], IP_SRC_VER_4=[*]}	Action= [LOG_TRAFFIC]	VNFS= [VNF3]
ID= 461405495	Fields= {IP_DST_VER_4=[10.0.3.21/24], PORT_DST=[100-10500], PROTO=[UDP], TIME=[*], DAY=[*], DOCUMENTS=[DOCX, PDF], IP_SRC_VER_4=[*]}	Action= [LOG_TRAFFIC]	VNFS= [VNF2]
------------------------------------------------------------------------------------------------------------------------------------
Optimization was stopped with status infeasible
Finding chaining = 13ms
------------------------------------------------------------------------------------------------------------------------------------
	 REQUIREMENT = 9
------------------------------------------------------------------------------------------------------------------------------------
FIELD = URLS	VALUE = [http://example.com/provapage.html]
FIELD = PORT_DST	VALUE = [100-10500]
FIELD = PROTO	VALUE = [HTTP]
FIELD = TIME	VALUE = [Monday;23:10:33;12:10:22, Friday;00:10:33;12:15:22]
FIELD = DOMAINS	VALUE = [google.com]
FIELD = DAY	VALUE = [Monday, Friday]
FIELD = IP_SRC_VER_4	VALUE = [10.0.3.21/24]
FIELD = VLAN_TAG	VALUE = [*]
------------------------------------------------------------------------------------------------------------------------------------
Order Position = 1	FORWARD_TRAFFIC:IpDstVer4
Order Position = 2	PROTECT_INTEGRITY
Order Position = 2	PROTECT_CONFIDENTIALITY
Order Position = 2	AUTHN_TRAFFIC
------------------------------------------------------------------------------------------------------------------------------------
<!> Requirement whit id= 9. No Functionality are found.
ALL REQUIREMENT HAS BEEN PROCESSED AND ARE TERMINATED IN = 524ms
************* TOOL ENABLED by tools.xml file *************
------------------------------------------------------------------------------------------------------------------------------------
Neo4jDB status=false
Marshall on file status=true
Output on file status=false
------------------------------------------------------------------------------------------------------------------------------------
> Unmarshall MANIFEST ended - Find =  10
------------------------------------------------------------------------------------------------------------------------------------
------------------------------------------------------------------------------------------------------------------------------------
Manifest NAME= VNF6
FIELD:
	IP_DST_VER_4= null
	PORT_DST= null
	PORT_SRC= null
	PROTO= null
	IP_SRC_VER_6= null
	IP_DST_VER_6= null
	IP_SRC_VER_4= null
ACTION:
	REMARK_PACKET
	LOG_TRAFFIC
	STORE_PACKET
	FORWARD_TRAFFIC
------------------------------------------------------------------------------------------------------------------------------------
Manifest NAME= VNF7
FIELD:
	IP_DST_VER_4= null
	PORT_DST= null
	PORT_SRC= null
	PROTO= null
	IP_SRC_VER_4= null
ACTION:
	DENY_TRAFFIC
	ALLOW_TRAFFIC
	COUNT
	ALERT
------------------------------------------------------------------------------------------------------------------------------------
Manifest NAME= VNF8
FIELD:
	IP_DST_VER_4= null
	PROTO= null
	GEO_POSITION= null
	PRIORITY= null
	IP_SRC_VER_6= null
	IP_DST_VER_6= null
	IP_SRC_VER_4= null
ACTION:
	LOG_TRAFFIC
------------------------------------------------------------------------------------------------------------------------------------
Manifest NAME= VNF9
FIELD:
	PROTO= null
	IP_SRC_VER_6= null
	IP_SRC_VER_4= null
	VLAN_TAG= null
ACTION:
	REMARK_PACKET
	DENY_TRAFFIC
	COUNT
------------------------------------------------------------------------------------------------------------------------------------
Manifest NAME= VNF1
FIELD:
	URLS= null
	PORT_DST= null
	PORT_SRC= null
	PROTO= null
	TIME= null
	PRIORITY= null
	DOCUMENTS= [DOCX, PDF]
	IP_SRC_VER_4= null
	IP_DST_VER_4= null
	SCRIPTS= [JS, BASH]
	BANDWITH= null
	DAY= null
	BODY= null
	VLAN_TAG= null
ACTION:
	LOG_TRAFFIC
	DENY_TRAFFIC
	ALLOW_TRAFFIC
	COUNT
	ALERT
	ANTIVIRUS
------------------------------------------------------------------------------------------------------------------------------------
Manifest NAME= VNF2
FIELD:
	PORT_DST= null
	PORT_SRC= null
	PROTO= null
	TIME= null
	PRIORITY= null
	IP_SRC_VER_6= null
	SCRIPTS= [JS, BASH]
	BANDWITH= null
	DISPLACE= null
	IP_DST_VER_6= null
	DAY= null
	BODY= null
	VLAN_TAG= null
ACTION:
	PROTECT_INTEGRITY
	LOG_TRAFFIC
	DENY_TRAFFIC
	ALLOW_TRAFFIC
	COUNT
	ALERT
	PROTECT_INTEGRITY:SHA1
	PROTECT_INTEGRITY:SHA2
------------------------------------------------------------------------------------------------------------------------------------
Manifest NAME= VNF3
FIELD:
	IP_DST_VER_4= null
	PORT_DST= null
	PORT_SRC= null
	PROTO= [TCP, UDP]
	IP_SRC_VER_4= null
ACTION:
	ENCRYPT_TRAFFIC:AES128
	DENY_TRAFFIC
	STORE_PACKET
	ALLOW_TRAFFIC
	COUNT
	ENCRYPT_TRAFFIC:RSA
	ALERT
	ENCRYPT_TRAFFIC
------------------------------------------------------------------------------------------------------------------------------------
Manifest NAME= VNF10
FIELD:
	IP_DST_VER_4= null
	PORT_DST= null
	PORT_SRC= null
	PROTO= [TCP, UDP, SMTP, HTTPS]
	IP_SRC_VER_6= null
	IP_DST_VER_6= null
	IP_SRC_VER_4= null
ACTION:
	PROTECT_INTEGRITY
	LOG_TRAFFIC
	ALERT
	PROTECT_INTEGRITY:SHA1
	PROTECT_INTEGRITY:SHA2
------------------------------------------------------------------------------------------------------------------------------------
Manifest NAME= VNF4
FIELD:
	PORT_SRC= null
	PROTO= [UDP]
	IP_SRC_VER_4= null
ACTION:
	PROTECT_INTEGRITY
	AUTHN_TRAFFIC:DSA
	AUTHN_TRAFFIC:ECDSA
	PROTECT_CONFIDENTIALITY
	NAT_TRAFFIC
	ENCRYPT_TRAFFIC
	AUTHN_TRAFFIC
------------------------------------------------------------------------------------------------------------------------------------
Manifest NAME= VNF5
FIELD:
	IP_DST_VER_4= null
	PORT_DST= null
	PORT_SRC= null
	PROTO= null
	IP_SRC_VER_4= null
ACTION:
	DENY_TRAFFIC
> Unmarshall REQUIREMENTS ended in :40ms Element: 10
------------------------------------------------------------------------------------------------------------------------------------
------------------------------------------------------------------------------------------------------------------------------------
	 REQUIREMENT = 1
------------------------------------------------------------------------------------------------------------------------------------
FIELD = URLS	VALUE = [http://example.com/provapage.html]
FIELD = PORT_DST	VALUE = [100-10500]
FIELD = PROTO	VALUE = [*]
FIELD = TIME	VALUE = [Sunday;00:10:33;12:15:22, *;01:10:33;12:15:22]
FIELD = DOMAINS	VALUE = [mydomain.it]
FIELD = DAY	VALUE = [Sunday, *]
FIELD = DOCUMENTS	VALUE = [PDF]
FIELD = IP_SRC_VER_4	VALUE = [10.0.3.21/24]
------------------------------------------------------------------------------------------------------------------------------------
Order Position = 1	LOG_TRAFFIC
Order Position = 1	ALERT
Order Position = 2	PROTECT_INTEGRITY:SHA2
Order Position = 3	DENY_TRAFFIC
Order Position = 3	COUNT
------------------------------------------------------------------------------------------------------------------------------------
ID= 1250278816	Fields= {PROTO=[*], IP_SRC_VER_4=[10.0.3.21/24]}	Action= [DENY_TRAFFIC, COUNT]	VNFS= [VNF9]
ID= 2031530515	Fields= {PORT_DST=[100-10500], PROTO=[*], IP_SRC_VER_4=[10.0.3.21/24]}	Action= [DENY_TRAFFIC, COUNT, ALERT]	VNFS= [VNF7, VNF3]
ID= 1145195136	Fields= {URLS=[NOT_CONF_MAKE_DEC], PORT_DST=[100-10500], PROTO=[*], TIME=[Sunday;00:10:33;12:15:22, *;01:10:33;12:15:22], DAY=[Sunday, *], DOCUMENTS=[PDF], IP_SRC_VER_4=[10.0.3.21/24]}	Action= [LOG_TRAFFIC, DENY_TRAFFIC, COUNT, ALERT]	VNFS= [VNF1]
ID= 1651541257	Fields= {PORT_DST=[100-10500], PROTO=[*], IP_SRC_VER_4=[10.0.3.21/24]}	Action= [LOG_TRAFFIC, ALERT, PROTECT_INTEGRITY:SHA2]	VNFS= [VNF10]
ID= 1081988816	Fields= {PORT_DST=[100-10500], PROTO=[*], TIME=[Sunday;00:10:33;12:15:22, *;01:10:33;12:15:22], DAY=[Sunday, *]}	Action= [DENY_TRAFFIC, COUNT, ALERT, PROTECT_INTEGRITY:SHA2]	VNFS= [VNF2]
------------------------------------------------------------------------------------------------------------------------------------
Finding chaining = 8ms
Requirement_1:SOL_0	
	FUNCTION_ID=1145195136	[LOG_TRAFFIC@1145195136, ALERT@1145195136]
	FUNCTION_ID=1081988816	[PROTECT_INTEGRITY:SHA2@1081988816, DENY_TRAFFIC@1081988816, COUNT@1081988816]
SAT= PARTIAL
Requirement_1:SOL_1	
	FUNCTION_ID=1145195136	[LOG_TRAFFIC@1145195136, ALERT@1145195136]
	FUNCTION_ID=1081988816	[PROTECT_INTEGRITY:SHA2@1081988816]
	FUNCTION_ID=1250278816	[DENY_TRAFFIC@1250278816, COUNT@1250278816]
SAT= PARTIAL
Requirement_1:SOL_10	
	FUNCTION_ID=1651541257	[LOG_TRAFFIC@1651541257, ALERT@1651541257, PROTECT_INTEGRITY:SHA2@1651541257]
	FUNCTION_ID=2031530515	[DENY_TRAFFIC@2031530515, COUNT@2031530515]
SAT= PARTIAL
Requirement_1:SOL_11	
	FUNCTION_ID=1651541257	[LOG_TRAFFIC@1651541257, ALERT@1651541257, PROTECT_INTEGRITY:SHA2@1651541257]
	FUNCTION_ID=1081988816	[DENY_TRAFFIC@1081988816, COUNT@1081988816]
SAT= PARTIAL
Requirement_1:SOL_12	
	FUNCTION_ID=1651541257	[LOG_TRAFFIC@1651541257, ALERT@1651541257, PROTECT_INTEGRITY:SHA2@1651541257]
	FUNCTION_ID=1145195136	[DENY_TRAFFIC@1145195136, COUNT@1145195136]
SAT= PARTIAL
Requirement_1:SOL_13	
	FUNCTION_ID=1651541257	[LOG_TRAFFIC@1651541257, ALERT@1651541257]
	FUNCTION_ID=1081988816	[PROTECT_INTEGRITY:SHA2@1081988816]
	FUNCTION_ID=2031530515	[DENY_TRAFFIC@2031530515, COUNT@2031530515]
SAT= PARTIAL
Requirement_1:SOL_14	
	FUNCTION_ID=1651541257	[LOG_TRAFFIC@1651541257, ALERT@1651541257]
	FUNCTION_ID=1081988816	[PROTECT_INTEGRITY:SHA2@1081988816]
	FUNCTION_ID=1145195136	[DENY_TRAFFIC@1145195136, COUNT@1145195136]
SAT= PARTIAL
Requirement_1:SOL_15	
	FUNCTION_ID=1651541257	[LOG_TRAFFIC@1651541257, ALERT@1651541257]
	FUNCTION_ID=1081988816	[PROTECT_INTEGRITY:SHA2@1081988816, DENY_TRAFFIC@1081988816, COUNT@1081988816]
SAT= PARTIAL
Requirement_1:SOL_2	
	FUNCTION_ID=1651541257	[LOG_TRAFFIC@1651541257, ALERT@1651541257]
	FUNCTION_ID=1081988816	[PROTECT_INTEGRITY:SHA2@1081988816]
	FUNCTION_ID=1250278816	[DENY_TRAFFIC@1250278816, COUNT@1250278816]
SAT= PARTIAL
Requirement_1:SOL_3	
	FUNCTION_ID=1145195136	[LOG_TRAFFIC@1145195136, ALERT@1145195136]
	FUNCTION_ID=1651541257	[PROTECT_INTEGRITY:SHA2@1651541257]
	FUNCTION_ID=1250278816	[DENY_TRAFFIC@1250278816, COUNT@1250278816]
SAT= PARTIAL
Requirement_1:SOL_4	
	FUNCTION_ID=1651541257	[LOG_TRAFFIC@1651541257, ALERT@1651541257, PROTECT_INTEGRITY:SHA2@1651541257]
	FUNCTION_ID=1250278816	[DENY_TRAFFIC@1250278816, COUNT@1250278816]
SAT= PARTIAL
Requirement_1:SOL_5	
	FUNCTION_ID=1145195136	[LOG_TRAFFIC@1145195136, ALERT@1145195136]
	FUNCTION_ID=1651541257	[PROTECT_INTEGRITY:SHA2@1651541257]
	FUNCTION_ID=2031530515	[DENY_TRAFFIC@2031530515, COUNT@2031530515]
SAT= PARTIAL
Requirement_1:SOL_6	
	FUNCTION_ID=1145195136	[LOG_TRAFFIC@1145195136, ALERT@1145195136]
	FUNCTION_ID=1651541257	[PROTECT_INTEGRITY:SHA2@1651541257]
	FUNCTION_ID=1145195136	[DENY_TRAFFIC@1145195136, COUNT@1145195136]
SAT= PARTIAL
Requirement_1:SOL_7	
	FUNCTION_ID=1145195136	[LOG_TRAFFIC@1145195136, ALERT@1145195136]
	FUNCTION_ID=1651541257	[PROTECT_INTEGRITY:SHA2@1651541257]
	FUNCTION_ID=1081988816	[DENY_TRAFFIC@1081988816, COUNT@1081988816]
SAT= PARTIAL
Requirement_1:SOL_8	
	FUNCTION_ID=1145195136	[LOG_TRAFFIC@1145195136, ALERT@1145195136]
	FUNCTION_ID=1081988816	[PROTECT_INTEGRITY:SHA2@1081988816]
	FUNCTION_ID=2031530515	[DENY_TRAFFIC@2031530515, COUNT@2031530515]
SAT= PARTIAL
Requirement_1:SOL_9	
	FUNCTION_ID=1145195136	[LOG_TRAFFIC@1145195136, ALERT@1145195136]
	FUNCTION_ID=1081988816	[PROTECT_INTEGRITY:SHA2@1081988816]
	FUNCTION_ID=1145195136	[DENY_TRAFFIC@1145195136, COUNT@1145195136]
SAT= PARTIAL
------------------------------------------------------------------------------------------------------------------------------------
	 REQUIREMENT = 2
------------------------------------------------------------------------------------------------------------------------------------
FIELD = PORT_SRC	VALUE = [100-10500]
FIELD = PROTO	VALUE = [TCP]
FIELD = DOCUMENTS	VALUE = [DOCX, PDF]
FIELD = IP_SRC_VER_4	VALUE = [10.0.3.21/24]
------------------------------------------------------------------------------------------------------------------------------------
Order Position = 1	LOG_TRAFFIC
Order Position = 1	ALERT
Order Position = 2	STORE_PACKET
------------------------------------------------------------------------------------------------------------------------------------
ID= 2071048180	Fields= {PORT_SRC=[100-10500], PROTO=[TCP], IP_SRC_VER_4=[10.0.3.21/24]}	Action= [STORE_PACKET, ALERT]	VNFS= [VNF3]
ID= 2135831749	Fields= {PORT_SRC=[100-10500], PROTO=[TCP]}	Action= [LOG_TRAFFIC, ALERT]	VNFS= [VNF2]
ID= 1904854148	Fields= {PORT_SRC=[100-10500], PROTO=[TCP], DOCUMENTS=[DOCX, PDF], IP_SRC_VER_4=[10.0.3.21/24]}	Action= [LOG_TRAFFIC, ALERT]	VNFS= [VNF1]
------------------------------------------------------------------------------------------------------------------------------------
Finding chaining = 1ms
Requirement_2:SOL_0	
	FUNCTION_ID=2135831749	[LOG_TRAFFIC@2135831749, ALERT@2135831749]
	FUNCTION_ID=2071048180	[STORE_PACKET@2071048180]
SAT= PARTIAL
Requirement_2:SOL_1	
	FUNCTION_ID=1904854148	[LOG_TRAFFIC@1904854148, ALERT@1904854148]
	FUNCTION_ID=2071048180	[STORE_PACKET@2071048180]
SAT= COMPLETE
------------------------------------------------------------------------------------------------------------------------------------
	 REQUIREMENT = 3
------------------------------------------------------------------------------------------------------------------------------------
FIELD = IP_DST_VER_4	VALUE = [10.0.3.21/24]
FIELD = PORT_DST	VALUE = [100-10500]
FIELD = PROTO	VALUE = [UDP]
FIELD = GEOPOSITION	VALUE = [Europa]
FIELD = TIME	VALUE = [*]
FIELD = DAY	VALUE = [*]
FIELD = DOCUMENTS	VALUE = [DOCX, PDF]
FIELD = BODY	VALUE = [*]
FIELD = IP_SRC_VER_4	VALUE = [*]
FIELD = VLAN_TAG	VALUE = [3]
------------------------------------------------------------------------------------------------------------------------------------
Order Position = 1	LOG_TRAFFIC
Order Position = 2	REMARK_PACKET:VlanTag
------------------------------------------------------------------------------------------------------------------------------------
ID= 907617780	Fields= {PORT_DST=[100-10500], PROTO=[UDP], TIME=[*], DAY=[*], BODY=[*], VLAN_TAG=[3]}	Action= [LOG_TRAFFIC]	VNFS= [VNF2]
ID= 954129567	Fields= {IP_DST_VER_4=[10.0.3.21/24], PORT_DST=[100-10500], PROTO=[UDP], TIME=[*], DAY=[*], DOCUMENTS=[DOCX, PDF], BODY=[*], IP_SRC_VER_4=[*], VLAN_TAG=[NOT_CONF_MAKE_DEC]}	Action= [LOG_TRAFFIC]	VNFS= [VNF1]
------------------------------------------------------------------------------------------------------------------------------------
Optimization was stopped with status infeasible
Finding chaining = 1ms
------------------------------------------------------------------------------------------------------------------------------------
	 REQUIREMENT = 4
------------------------------------------------------------------------------------------------------------------------------------
FIELD = URLS	VALUE = [http://mywebsitedomain.com/mypersonalpage.html]
FIELD = PORT_DST	VALUE = [100-10500]
FIELD = PROTO	VALUE = [UDP]
FIELD = TIME	VALUE = [Monday;23:10:33;12:10:22, Friday;00:10:33;12:15:22]
FIELD = DAY	VALUE = [Monday, Friday]
FIELD = IP_SRC_VER_4	VALUE = [10.0.3.21/24]
FIELD = MEDIAS	VALUE = [IMAGES]
------------------------------------------------------------------------------------------------------------------------------------
Order Position = -1	ENCRYPT_TRAFFIC:AES128
------------------------------------------------------------------------------------------------------------------------------------
ID= 395597677	Fields= {PORT_DST=[100-10500], PROTO=[UDP], IP_SRC_VER_4=[10.0.3.21/24]}	Action= [ENCRYPT_TRAFFIC:AES128]	VNFS= [VNF3]
------------------------------------------------------------------------------------------------------------------------------------
Finding chaining = 10ms
Requirement_4:SOL_0-SET_1	
	FUNCTION_ID=395597677	[ENCRYPT_TRAFFIC:AES128@395597677]
SAT= PARTIAL
------------------------------------------------------------------------------------------------------------------------------------
	 REQUIREMENT = 5
------------------------------------------------------------------------------------------------------------------------------------
FIELD = PORT_DST	VALUE = [8080-9000]
FIELD = PROTO	VALUE = [UDP]
FIELD = TIME	VALUE = [*]
FIELD = DAY	VALUE = [*]
FIELD = IP_SRC_VER_4	VALUE = [10.0.3.21/24]
------------------------------------------------------------------------------------------------------------------------------------
Order Position = 1	LOG_TRAFFIC
Order Position = 2	LIMIT_BANDWIDTH:20Mbit/s
------------------------------------------------------------------------------------------------------------------------------------
ID= 1058620056	Fields= {PORT_DST=[8080-9000], PROTO=[UDP], TIME=[*], DAY=[*], IP_SRC_VER_4=[10.0.3.21/24]}	Action= [LOG_TRAFFIC]	VNFS= [VNF1]
ID= 836676363	Fields= {PORT_DST=[8080-9000], PROTO=[UDP], TIME=[*], DAY=[*]}	Action= [LOG_TRAFFIC]	VNFS= [VNF2]
------------------------------------------------------------------------------------------------------------------------------------
Optimization was stopped with status infeasible
Finding chaining = 1ms
------------------------------------------------------------------------------------------------------------------------------------
	 REQUIREMENT = 6
------------------------------------------------------------------------------------------------------------------------------------
FIELD = URLS	VALUE = [http://example.com/provapage.html]
FIELD = PORT_DST	VALUE = [100-10500]
FIELD = PROTO	VALUE = [ICMP]
FIELD = TIME	VALUE = [*]
FIELD = IP_SRC_VER_6	VALUE = [*]
FIELD = IP_DST_VER_6	VALUE = [2001:db8:3333:4444:5555:6666:7777:8888]
FIELD = DAY	VALUE = [Friday]
FIELD = EMAILS	VALUE = [admin@example.com]
------------------------------------------------------------------------------------------------------------------------------------
Order Position = 1	STORE_PACKET
------------------------------------------------------------------------------------------------------------------------------------
ID= 204342634	Fields= {PORT_DST=[100-10500]}	Action= [STORE_PACKET]	VNFS= [VNF3]
------------------------------------------------------------------------------------------------------------------------------------
Finding chaining = 1ms
Requirement_6:SOL_0	
	FUNCTION_ID=204342634	[STORE_PACKET@204342634]
SAT= PARTIAL
------------------------------------------------------------------------------------------------------------------------------------
	 REQUIREMENT = 7
------------------------------------------------------------------------------------------------------------------------------------
FIELD = PORT_SRC	VALUE = [100-10500]
FIELD = PROTO	VALUE = [TCP]
FIELD = TIME	VALUE = [*]
FIELD = DAY	VALUE = [*]
FIELD = DOCUMENTS	VALUE = [DOCX, PDF]
FIELD = IP_SRC_VER_4	VALUE = [10.0.3.21/24]
------------------------------------------------------------------------------------------------------------------------------------
Order Position = 1	LOG_TRAFFIC
Order Position = 1	ALERT
Order Position = 2	STORE_PACKET
------------------------------------------------------------------------------------------------------------------------------------
ID= 807956022	Fields= {PORT_SRC=[100-10500], PROTO=[TCP], IP_SRC_VER_4=[10.0.3.21/24]}	Action= [STORE_PACKET, ALERT]	VNFS= [VNF3]
ID= 1055885211	Fields= {PORT_SRC=[100-10500], PROTO=[TCP], TIME=[*], DAY=[*], DOCUMENTS=[DOCX, PDF], IP_SRC_VER_4=[10.0.3.21/24]}	Action= [LOG_TRAFFIC, ALERT]	VNFS= [VNF1]
------------------------------------------------------------------------------------------------------------------------------------
Finding chaining = 1ms
Requirement_7:SOL_0	
	FUNCTION_ID=1055885211	[LOG_TRAFFIC@1055885211, ALERT@1055885211]
	FUNCTION_ID=807956022	[STORE_PACKET@807956022]
SAT= COMPLETE
------------------------------------------------------------------------------------------------------------------------------------
	 REQUIREMENT = 8
------------------------------------------------------------------------------------------------------------------------------------
FIELD = IP_DST_VER_4	VALUE = [10.0.3.21/24]
FIELD = PORT_DST	VALUE = [100-10500]
FIELD = PROTO	VALUE = [UDP]
FIELD = GEOPOSITION	VALUE = [Europa]
FIELD = TIME	VALUE = [*]
FIELD = DAY	VALUE = [*]
FIELD = DOCUMENTS	VALUE = [DOCX, PDF]
FIELD = IP_SRC_VER_4	VALUE = [*]
------------------------------------------------------------------------------------------------------------------------------------
Order Position = 1	LOG_TRAFFIC
Order Position = 2	REMARK_PACKET:Priority
------------------------------------------------------------------------------------------------------------------------------------
ID= 1843512073	Fields= {PORT_DST=[100-10500], PROTO=[UDP], TIME=[*], DAY=[*]}	Action= [LOG_TRAFFIC]	VNFS= [VNF2]
ID= 1663443229	Fields= {IP_DST_VER_4=[10.0.3.21/24], PORT_DST=[100-10500], PROTO=[UDP], TIME=[*], DAY=[*], DOCUMENTS=[DOCX, PDF], IP_SRC_VER_4=[*]}	Action= [LOG_TRAFFIC]	VNFS= [VNF1]
------------------------------------------------------------------------------------------------------------------------------------
Optimization was stopped with status infeasible
Finding chaining = 1ms
------------------------------------------------------------------------------------------------------------------------------------
	 REQUIREMENT = 9
------------------------------------------------------------------------------------------------------------------------------------
FIELD = URLS	VALUE = [http://example.com/provapage.html]
FIELD = PORT_DST	VALUE = [100-10500]
FIELD = PROTO	VALUE = [HTTP]
FIELD = TIME	VALUE = [Monday;23:10:33;12:10:22, Friday;00:10:33;12:15:22]
FIELD = DOMAINS	VALUE = [google.com]
FIELD = DAY	VALUE = [Monday, Friday]
FIELD = IP_SRC_VER_4	VALUE = [10.0.3.21/24]
FIELD = VLAN_TAG	VALUE = [*]
------------------------------------------------------------------------------------------------------------------------------------
Order Position = 1	FORWARD_TRAFFIC:IpDstVer4
Order Position = 2	PROTECT_INTEGRITY
Order Position = 2	PROTECT_CONFIDENTIALITY
Order Position = 2	AUTHN_TRAFFIC
------------------------------------------------------------------------------------------------------------------------------------
<!> Requirement whit id= 9. No Functionality are found.
------------------------------------------------------------------------------------------------------------------------------------
	 REQUIREMENT = 10
------------------------------------------------------------------------------------------------------------------------------------
FIELD = IP_DST_VER_4	VALUE = [1.2.3.4]
FIELD = TIME	VALUE = [*]
FIELD = DAY	VALUE = [Sunday]
FIELD = IP_SRC_VER_4	VALUE = [10.0.3.21]
------------------------------------------------------------------------------------------------------------------------------------
Order Position = 1	VPN_TRAFFIC:SSL_RSA_WITH_NULL_SHA
------------------------------------------------------------------------------------------------------------------------------------
<!> Requirement whit id= 10. No Functionality are found.
ALL REQUIREMENT HAS BEEN PROCESSED AND ARE TERMINATED IN = 593ms
]]></system-out>
  <system-err><![CDATA[]]></system-err>
</testsuite>
